DEBUG - 2021-01-04 21:55:14 --> UTF-8 Support Enabled
DEBUG - 2021-01-04 21:55:14 --> No URI present. Default controller set.
DEBUG - 2021-01-04 21:55:14 --> Global POST, GET and COOKIE data sanitized
DEBUG - 2021-01-04 21:55:15 --> UTF-8 Support Enabled
DEBUG - 2021-01-04 21:55:15 --> Global POST, GET and COOKIE data sanitized
DEBUG - 2021-01-04 21:55:15 --> Total execution time: 0.0368
DEBUG - 2021-01-04 21:55:37 --> UTF-8 Support Enabled
DEBUG - 2021-01-04 21:55:37 --> Global POST, GET and COOKIE data sanitized
DEBUG - 2021-01-04 21:55:37 --> Config file loaded: C:\xampp\htdocs\2017296\WishList\application\config/rest.php
DEBUG - 2021-01-04 21:55:37 --> Total execution time: 0.1390
DEBUG - 2021-01-04 21:55:37 --> UTF-8 Support Enabled
DEBUG - 2021-01-04 21:55:37 --> Global POST, GET and COOKIE data sanitized
DEBUG - 2021-01-04 21:55:37 --> UTF-8 Support Enabled
DEBUG - 2021-01-04 21:55:37 --> Config file loaded: C:\xampp\htdocs\2017296\WishList\application\config/rest.php
DEBUG - 2021-01-04 21:55:37 --> No URI present. Default controller set.
DEBUG - 2021-01-04 21:55:37 --> Global POST, GET and COOKIE data sanitized
DEBUG - 2021-01-04 21:55:37 --> Total execution time: 0.1342
DEBUG - 2021-01-04 21:55:37 --> Total execution time: 0.0878
DEBUG - 2021-01-04 21:55:37 --> UTF-8 Support Enabled
DEBUG - 2021-01-04 21:55:37 --> No URI present. Default controller set.
DEBUG - 2021-01-04 21:55:37 --> Global POST, GET and COOKIE data sanitized
DEBUG - 2021-01-04 21:55:37 --> Total execution time: 0.0541
DEBUG - 2021-01-04 21:55:38 --> UTF-8 Support Enabled
DEBUG - 2021-01-04 21:55:38 --> Global POST, GET and COOKIE data sanitized
DEBUG - 2021-01-04 21:55:38 --> Config file loaded: C:\xampp\htdocs\2017296\WishList\application\config/rest.php
DEBUG - 2021-01-04 21:55:38 --> Total execution time: 0.0535
DEBUG - 2021-01-04 22:09:40 --> UTF-8 Support Enabled
DEBUG - 2021-01-04 22:09:40 --> No URI present. Default controller set.
DEBUG - 2021-01-04 22:09:40 --> Global POST, GET and COOKIE data sanitized
DEBUG - 2021-01-04 22:09:40 --> Total execution time: 0.0356
DEBUG - 2021-01-04 22:09:41 --> UTF-8 Support Enabled
DEBUG - 2021-01-04 22:09:41 --> Global POST, GET and COOKIE data sanitized
DEBUG - 2021-01-04 22:09:41 --> Config file loaded: C:\xampp\htdocs\2017296\WishList\application\config/rest.php
DEBUG - 2021-01-04 22:09:41 --> Total execution time: 0.0510
DEBUG - 2021-01-04 22:55:27 --> UTF-8 Support Enabled
DEBUG - 2021-01-04 22:55:27 --> No URI present. Default controller set.
DEBUG - 2021-01-04 22:55:27 --> Global POST, GET and COOKIE data sanitized
DEBUG - 2021-01-04 22:55:27 --> Total execution time: 0.0368
