DEBUG - 2021-01-02 00:04:36 --> UTF-8 Support Enabled
DEBUG - 2021-01-02 00:04:36 --> No URI present. Default controller set.
DEBUG - 2021-01-02 00:04:36 --> Global POST, GET and COOKIE data sanitized
DEBUG - 2021-01-02 00:04:36 --> Total execution time: 0.0510
DEBUG - 2021-01-02 00:05:00 --> UTF-8 Support Enabled
DEBUG - 2021-01-02 00:05:00 --> No URI present. Default controller set.
DEBUG - 2021-01-02 00:05:00 --> Global POST, GET and COOKIE data sanitized
DEBUG - 2021-01-02 00:05:00 --> Total execution time: 0.0440
DEBUG - 2021-01-02 00:05:14 --> UTF-8 Support Enabled
DEBUG - 2021-01-02 00:05:14 --> No URI present. Default controller set.
DEBUG - 2021-01-02 00:05:14 --> Global POST, GET and COOKIE data sanitized
DEBUG - 2021-01-02 00:05:14 --> Total execution time: 0.0464
DEBUG - 2021-01-02 00:06:04 --> UTF-8 Support Enabled
DEBUG - 2021-01-02 00:06:04 --> No URI present. Default controller set.
DEBUG - 2021-01-02 00:06:04 --> Global POST, GET and COOKIE data sanitized
DEBUG - 2021-01-02 00:06:04 --> Total execution time: 0.0484
DEBUG - 2021-01-02 00:07:50 --> UTF-8 Support Enabled
DEBUG - 2021-01-02 00:07:50 --> No URI present. Default controller set.
DEBUG - 2021-01-02 00:07:50 --> Global POST, GET and COOKIE data sanitized
DEBUG - 2021-01-02 00:07:50 --> Total execution time: 0.0320
DEBUG - 2021-01-02 00:08:16 --> UTF-8 Support Enabled
DEBUG - 2021-01-02 00:08:16 --> No URI present. Default controller set.
DEBUG - 2021-01-02 00:08:16 --> Global POST, GET and COOKIE data sanitized
DEBUG - 2021-01-02 00:08:16 --> Total execution time: 0.0510
DEBUG - 2021-01-02 00:11:06 --> UTF-8 Support Enabled
DEBUG - 2021-01-02 00:11:06 --> No URI present. Default controller set.
DEBUG - 2021-01-02 00:11:06 --> Global POST, GET and COOKIE data sanitized
DEBUG - 2021-01-02 00:11:06 --> Total execution time: 0.0504
DEBUG - 2021-01-02 00:19:57 --> UTF-8 Support Enabled
DEBUG - 2021-01-02 00:19:57 --> No URI present. Default controller set.
DEBUG - 2021-01-02 00:19:57 --> Global POST, GET and COOKIE data sanitized
DEBUG - 2021-01-02 00:19:57 --> Total execution time: 0.0424
DEBUG - 2021-01-02 00:29:30 --> UTF-8 Support Enabled
DEBUG - 2021-01-02 00:29:30 --> No URI present. Default controller set.
DEBUG - 2021-01-02 00:29:30 --> Global POST, GET and COOKIE data sanitized
DEBUG - 2021-01-02 00:29:31 --> Total execution time: 0.0667
DEBUG - 2021-01-02 02:00:12 --> UTF-8 Support Enabled
DEBUG - 2021-01-02 02:00:12 --> No URI present. Default controller set.
DEBUG - 2021-01-02 02:00:12 --> Global POST, GET and COOKIE data sanitized
DEBUG - 2021-01-02 02:00:12 --> Total execution time: 0.0822
DEBUG - 2021-01-02 02:00:40 --> UTF-8 Support Enabled
DEBUG - 2021-01-02 02:00:40 --> No URI present. Default controller set.
DEBUG - 2021-01-02 02:00:40 --> Global POST, GET and COOKIE data sanitized
DEBUG - 2021-01-02 02:00:40 --> Total execution time: 0.0539
DEBUG - 2021-01-02 02:00:53 --> UTF-8 Support Enabled
DEBUG - 2021-01-02 02:00:53 --> No URI present. Default controller set.
DEBUG - 2021-01-02 02:00:53 --> Global POST, GET and COOKIE data sanitized
DEBUG - 2021-01-02 02:00:53 --> Total execution time: 0.0362
DEBUG - 2021-01-02 02:07:07 --> UTF-8 Support Enabled
DEBUG - 2021-01-02 02:07:07 --> No URI present. Default controller set.
DEBUG - 2021-01-02 02:07:07 --> Global POST, GET and COOKIE data sanitized
DEBUG - 2021-01-02 02:07:07 --> Total execution time: 0.0388
DEBUG - 2021-01-02 02:07:58 --> UTF-8 Support Enabled
DEBUG - 2021-01-02 02:07:58 --> No URI present. Default controller set.
DEBUG - 2021-01-02 02:07:58 --> Global POST, GET and COOKIE data sanitized
DEBUG - 2021-01-02 02:07:58 --> Total execution time: 0.0483
DEBUG - 2021-01-02 02:08:09 --> UTF-8 Support Enabled
DEBUG - 2021-01-02 02:08:09 --> No URI present. Default controller set.
DEBUG - 2021-01-02 02:08:09 --> Global POST, GET and COOKIE data sanitized
DEBUG - 2021-01-02 02:08:09 --> Total execution time: 0.0457
DEBUG - 2021-01-02 02:08:28 --> UTF-8 Support Enabled
DEBUG - 2021-01-02 02:08:28 --> No URI present. Default controller set.
DEBUG - 2021-01-02 02:08:28 --> Global POST, GET and COOKIE data sanitized
DEBUG - 2021-01-02 02:08:28 --> Total execution time: 0.0483
DEBUG - 2021-01-02 02:08:42 --> UTF-8 Support Enabled
DEBUG - 2021-01-02 02:08:42 --> No URI present. Default controller set.
DEBUG - 2021-01-02 02:08:43 --> Global POST, GET and COOKIE data sanitized
DEBUG - 2021-01-02 02:08:43 --> Total execution time: 0.0528
DEBUG - 2021-01-02 02:09:18 --> UTF-8 Support Enabled
DEBUG - 2021-01-02 02:09:18 --> No URI present. Default controller set.
DEBUG - 2021-01-02 02:09:18 --> Global POST, GET and COOKIE data sanitized
DEBUG - 2021-01-02 02:09:18 --> Total execution time: 0.0432
DEBUG - 2021-01-02 02:11:13 --> UTF-8 Support Enabled
DEBUG - 2021-01-02 02:11:13 --> No URI present. Default controller set.
DEBUG - 2021-01-02 02:11:13 --> Global POST, GET and COOKIE data sanitized
DEBUG - 2021-01-02 02:11:13 --> Total execution time: 0.0543
DEBUG - 2021-01-02 02:11:47 --> UTF-8 Support Enabled
DEBUG - 2021-01-02 02:11:47 --> No URI present. Default controller set.
DEBUG - 2021-01-02 02:11:47 --> Global POST, GET and COOKIE data sanitized
DEBUG - 2021-01-02 02:11:47 --> Total execution time: 0.0458
DEBUG - 2021-01-02 02:16:43 --> UTF-8 Support Enabled
DEBUG - 2021-01-02 02:16:43 --> No URI present. Default controller set.
DEBUG - 2021-01-02 02:16:43 --> Global POST, GET and COOKIE data sanitized
DEBUG - 2021-01-02 02:16:43 --> Total execution time: 0.0540
DEBUG - 2021-01-02 02:17:24 --> UTF-8 Support Enabled
DEBUG - 2021-01-02 02:17:24 --> No URI present. Default controller set.
DEBUG - 2021-01-02 02:17:24 --> Global POST, GET and COOKIE data sanitized
DEBUG - 2021-01-02 02:17:24 --> Total execution time: 0.0503
DEBUG - 2021-01-02 02:19:40 --> UTF-8 Support Enabled
DEBUG - 2021-01-02 02:19:40 --> No URI present. Default controller set.
DEBUG - 2021-01-02 02:19:40 --> Global POST, GET and COOKIE data sanitized
DEBUG - 2021-01-02 02:19:40 --> Total execution time: 0.0399
DEBUG - 2021-01-02 02:21:45 --> UTF-8 Support Enabled
DEBUG - 2021-01-02 02:21:45 --> No URI present. Default controller set.
DEBUG - 2021-01-02 02:21:45 --> Global POST, GET and COOKIE data sanitized
DEBUG - 2021-01-02 02:21:45 --> Total execution time: 0.0577
DEBUG - 2021-01-02 02:23:11 --> UTF-8 Support Enabled
DEBUG - 2021-01-02 02:23:11 --> No URI present. Default controller set.
DEBUG - 2021-01-02 02:23:11 --> Global POST, GET and COOKIE data sanitized
DEBUG - 2021-01-02 02:23:11 --> Total execution time: 0.0436
DEBUG - 2021-01-02 02:23:27 --> UTF-8 Support Enabled
DEBUG - 2021-01-02 02:23:27 --> No URI present. Default controller set.
DEBUG - 2021-01-02 02:23:27 --> Global POST, GET and COOKIE data sanitized
DEBUG - 2021-01-02 02:23:27 --> Total execution time: 0.0446
DEBUG - 2021-01-02 02:25:21 --> UTF-8 Support Enabled
DEBUG - 2021-01-02 02:25:21 --> No URI present. Default controller set.
DEBUG - 2021-01-02 02:25:21 --> Global POST, GET and COOKIE data sanitized
DEBUG - 2021-01-02 02:25:21 --> Total execution time: 0.0462
DEBUG - 2021-01-02 02:27:09 --> UTF-8 Support Enabled
DEBUG - 2021-01-02 02:27:09 --> No URI present. Default controller set.
DEBUG - 2021-01-02 02:27:09 --> Global POST, GET and COOKIE data sanitized
DEBUG - 2021-01-02 02:27:09 --> Total execution time: 0.0553
DEBUG - 2021-01-02 02:28:04 --> UTF-8 Support Enabled
DEBUG - 2021-01-02 02:28:04 --> No URI present. Default controller set.
DEBUG - 2021-01-02 02:28:04 --> Global POST, GET and COOKIE data sanitized
DEBUG - 2021-01-02 02:28:04 --> Total execution time: 0.0437
DEBUG - 2021-01-02 02:28:49 --> UTF-8 Support Enabled
DEBUG - 2021-01-02 02:28:49 --> No URI present. Default controller set.
DEBUG - 2021-01-02 02:28:49 --> Global POST, GET and COOKIE data sanitized
DEBUG - 2021-01-02 02:28:49 --> Total execution time: 0.0301
DEBUG - 2021-01-02 02:29:19 --> UTF-8 Support Enabled
DEBUG - 2021-01-02 02:29:19 --> No URI present. Default controller set.
DEBUG - 2021-01-02 02:29:19 --> Global POST, GET and COOKIE data sanitized
DEBUG - 2021-01-02 02:29:19 --> Total execution time: 0.0434
DEBUG - 2021-01-02 02:29:47 --> UTF-8 Support Enabled
DEBUG - 2021-01-02 02:29:47 --> No URI present. Default controller set.
DEBUG - 2021-01-02 02:29:47 --> Global POST, GET and COOKIE data sanitized
DEBUG - 2021-01-02 02:29:47 --> Total execution time: 0.0429
DEBUG - 2021-01-02 02:30:50 --> UTF-8 Support Enabled
DEBUG - 2021-01-02 02:30:50 --> No URI present. Default controller set.
DEBUG - 2021-01-02 02:30:50 --> Global POST, GET and COOKIE data sanitized
DEBUG - 2021-01-02 02:30:50 --> Total execution time: 0.0476
DEBUG - 2021-01-02 02:31:05 --> UTF-8 Support Enabled
DEBUG - 2021-01-02 02:31:05 --> No URI present. Default controller set.
DEBUG - 2021-01-02 02:31:05 --> Global POST, GET and COOKIE data sanitized
DEBUG - 2021-01-02 02:31:05 --> Total execution time: 0.0442
DEBUG - 2021-01-02 02:31:16 --> UTF-8 Support Enabled
DEBUG - 2021-01-02 02:31:16 --> No URI present. Default controller set.
DEBUG - 2021-01-02 02:31:16 --> Global POST, GET and COOKIE data sanitized
DEBUG - 2021-01-02 02:31:16 --> Total execution time: 0.0422
DEBUG - 2021-01-02 02:31:24 --> UTF-8 Support Enabled
DEBUG - 2021-01-02 02:31:24 --> No URI present. Default controller set.
DEBUG - 2021-01-02 02:31:24 --> Global POST, GET and COOKIE data sanitized
DEBUG - 2021-01-02 02:31:24 --> Total execution time: 0.0363
DEBUG - 2021-01-02 02:33:47 --> UTF-8 Support Enabled
DEBUG - 2021-01-02 02:33:47 --> No URI present. Default controller set.
DEBUG - 2021-01-02 02:33:47 --> Global POST, GET and COOKIE data sanitized
DEBUG - 2021-01-02 02:33:47 --> Total execution time: 0.0500
DEBUG - 2021-01-02 14:10:19 --> UTF-8 Support Enabled
DEBUG - 2021-01-02 14:10:19 --> No URI present. Default controller set.
DEBUG - 2021-01-02 14:10:19 --> Global POST, GET and COOKIE data sanitized
DEBUG - 2021-01-02 14:10:19 --> UTF-8 Support Enabled
DEBUG - 2021-01-02 14:10:19 --> Global POST, GET and COOKIE data sanitized
DEBUG - 2021-01-02 14:10:19 --> Total execution time: 0.0543
DEBUG - 2021-01-02 14:10:26 --> UTF-8 Support Enabled
DEBUG - 2021-01-02 14:10:26 --> Global POST, GET and COOKIE data sanitized
DEBUG - 2021-01-02 14:10:26 --> Config file loaded: C:\xampp\htdocs\2017296\WishList\application\config/rest.php
DEBUG - 2021-01-02 14:10:26 --> Total execution time: 0.1386
DEBUG - 2021-01-02 14:10:26 --> UTF-8 Support Enabled
DEBUG - 2021-01-02 14:10:26 --> Global POST, GET and COOKIE data sanitized
DEBUG - 2021-01-02 14:10:26 --> UTF-8 Support Enabled
DEBUG - 2021-01-02 14:10:26 --> No URI present. Default controller set.
DEBUG - 2021-01-02 14:10:26 --> Global POST, GET and COOKIE data sanitized
DEBUG - 2021-01-02 14:10:26 --> Total execution time: 0.0584
DEBUG - 2021-01-02 14:10:26 --> Config file loaded: C:\xampp\htdocs\2017296\WishList\application\config/rest.php
DEBUG - 2021-01-02 14:10:26 --> Total execution time: 0.1505
DEBUG - 2021-01-02 14:10:26 --> UTF-8 Support Enabled
DEBUG - 2021-01-02 14:10:26 --> No URI present. Default controller set.
DEBUG - 2021-01-02 14:10:26 --> Global POST, GET and COOKIE data sanitized
DEBUG - 2021-01-02 14:10:27 --> Total execution time: 0.0475
DEBUG - 2021-01-02 14:14:34 --> UTF-8 Support Enabled
DEBUG - 2021-01-02 14:14:34 --> No URI present. Default controller set.
DEBUG - 2021-01-02 14:14:34 --> Global POST, GET and COOKIE data sanitized
DEBUG - 2021-01-02 14:14:34 --> UTF-8 Support Enabled
DEBUG - 2021-01-02 14:14:34 --> Global POST, GET and COOKIE data sanitized
DEBUG - 2021-01-02 14:14:34 --> Total execution time: 0.0476
DEBUG - 2021-01-02 14:15:47 --> UTF-8 Support Enabled
DEBUG - 2021-01-02 14:15:47 --> Global POST, GET and COOKIE data sanitized
DEBUG - 2021-01-02 14:15:47 --> Total execution time: 0.0559
DEBUG - 2021-01-02 14:17:17 --> UTF-8 Support Enabled
DEBUG - 2021-01-02 14:17:17 --> Global POST, GET and COOKIE data sanitized
DEBUG - 2021-01-02 14:17:17 --> Total execution time: 0.0544
DEBUG - 2021-01-02 14:17:39 --> UTF-8 Support Enabled
DEBUG - 2021-01-02 14:17:39 --> Global POST, GET and COOKIE data sanitized
DEBUG - 2021-01-02 14:17:39 --> Total execution time: 0.0458
DEBUG - 2021-01-02 14:17:48 --> UTF-8 Support Enabled
DEBUG - 2021-01-02 14:17:48 --> Global POST, GET and COOKIE data sanitized
DEBUG - 2021-01-02 14:17:48 --> Config file loaded: C:\xampp\htdocs\2017296\WishList\application\config/rest.php
DEBUG - 2021-01-02 14:17:48 --> Total execution time: 0.1284
DEBUG - 2021-01-02 14:17:48 --> UTF-8 Support Enabled
DEBUG - 2021-01-02 14:17:48 --> Global POST, GET and COOKIE data sanitized
DEBUG - 2021-01-02 14:17:48 --> UTF-8 Support Enabled
DEBUG - 2021-01-02 14:17:48 --> No URI present. Default controller set.
DEBUG - 2021-01-02 14:17:48 --> Global POST, GET and COOKIE data sanitized
DEBUG - 2021-01-02 14:17:48 --> Total execution time: 0.0403
DEBUG - 2021-01-02 14:17:48 --> Config file loaded: C:\xampp\htdocs\2017296\WishList\application\config/rest.php
DEBUG - 2021-01-02 14:17:48 --> Total execution time: 0.1427
DEBUG - 2021-01-02 14:17:49 --> UTF-8 Support Enabled
DEBUG - 2021-01-02 14:17:49 --> No URI present. Default controller set.
DEBUG - 2021-01-02 14:17:49 --> Global POST, GET and COOKIE data sanitized
DEBUG - 2021-01-02 14:17:49 --> Total execution time: 0.0463
DEBUG - 2021-01-02 14:37:07 --> UTF-8 Support Enabled
DEBUG - 2021-01-02 14:37:07 --> No URI present. Default controller set.
DEBUG - 2021-01-02 14:37:07 --> Global POST, GET and COOKIE data sanitized
DEBUG - 2021-01-02 14:37:07 --> Total execution time: 0.0572
DEBUG - 2021-01-02 14:37:10 --> UTF-8 Support Enabled
DEBUG - 2021-01-02 14:37:10 --> No URI present. Default controller set.
DEBUG - 2021-01-02 14:37:10 --> Global POST, GET and COOKIE data sanitized
DEBUG - 2021-01-02 14:37:10 --> Total execution time: 0.0460
DEBUG - 2021-01-02 14:37:55 --> UTF-8 Support Enabled
DEBUG - 2021-01-02 14:37:55 --> No URI present. Default controller set.
DEBUG - 2021-01-02 14:37:55 --> Global POST, GET and COOKIE data sanitized
DEBUG - 2021-01-02 14:37:55 --> Total execution time: 0.0470
DEBUG - 2021-01-02 14:40:12 --> UTF-8 Support Enabled
DEBUG - 2021-01-02 14:40:12 --> No URI present. Default controller set.
DEBUG - 2021-01-02 14:40:12 --> Global POST, GET and COOKIE data sanitized
DEBUG - 2021-01-02 14:40:12 --> Total execution time: 0.0583
DEBUG - 2021-01-02 14:40:20 --> UTF-8 Support Enabled
DEBUG - 2021-01-02 14:40:20 --> No URI present. Default controller set.
DEBUG - 2021-01-02 14:40:20 --> Global POST, GET and COOKIE data sanitized
DEBUG - 2021-01-02 14:40:20 --> Total execution time: 0.0479
DEBUG - 2021-01-02 14:40:34 --> UTF-8 Support Enabled
DEBUG - 2021-01-02 14:40:34 --> No URI present. Default controller set.
DEBUG - 2021-01-02 14:40:34 --> Global POST, GET and COOKIE data sanitized
DEBUG - 2021-01-02 14:40:34 --> Total execution time: 0.0404
DEBUG - 2021-01-02 14:41:09 --> UTF-8 Support Enabled
DEBUG - 2021-01-02 14:41:09 --> No URI present. Default controller set.
DEBUG - 2021-01-02 14:41:09 --> Global POST, GET and COOKIE data sanitized
DEBUG - 2021-01-02 14:41:09 --> Total execution time: 0.0487
DEBUG - 2021-01-02 14:41:11 --> UTF-8 Support Enabled
DEBUG - 2021-01-02 14:41:11 --> No URI present. Default controller set.
DEBUG - 2021-01-02 14:41:11 --> Global POST, GET and COOKIE data sanitized
DEBUG - 2021-01-02 14:41:11 --> Total execution time: 0.0384
DEBUG - 2021-01-02 14:42:01 --> UTF-8 Support Enabled
DEBUG - 2021-01-02 14:42:01 --> No URI present. Default controller set.
DEBUG - 2021-01-02 14:42:01 --> Global POST, GET and COOKIE data sanitized
DEBUG - 2021-01-02 14:42:01 --> Total execution time: 0.0512
DEBUG - 2021-01-02 14:42:10 --> UTF-8 Support Enabled
DEBUG - 2021-01-02 14:42:10 --> No URI present. Default controller set.
DEBUG - 2021-01-02 14:42:10 --> Global POST, GET and COOKIE data sanitized
DEBUG - 2021-01-02 14:42:10 --> Total execution time: 0.0461
DEBUG - 2021-01-02 14:42:18 --> UTF-8 Support Enabled
DEBUG - 2021-01-02 14:42:18 --> No URI present. Default controller set.
DEBUG - 2021-01-02 14:42:18 --> Global POST, GET and COOKIE data sanitized
DEBUG - 2021-01-02 14:42:18 --> Total execution time: 0.0475
DEBUG - 2021-01-02 14:47:42 --> UTF-8 Support Enabled
DEBUG - 2021-01-02 14:47:42 --> No URI present. Default controller set.
DEBUG - 2021-01-02 14:47:42 --> Global POST, GET and COOKIE data sanitized
DEBUG - 2021-01-02 14:47:42 --> Total execution time: 0.0377
DEBUG - 2021-01-02 14:47:45 --> UTF-8 Support Enabled
DEBUG - 2021-01-02 14:47:45 --> No URI present. Default controller set.
DEBUG - 2021-01-02 14:47:45 --> Global POST, GET and COOKIE data sanitized
DEBUG - 2021-01-02 14:47:45 --> Total execution time: 0.0408
DEBUG - 2021-01-02 14:51:49 --> UTF-8 Support Enabled
DEBUG - 2021-01-02 14:51:49 --> Global POST, GET and COOKIE data sanitized
DEBUG - 2021-01-02 14:51:49 --> Total execution time: 0.0420
DEBUG - 2021-01-02 14:51:49 --> UTF-8 Support Enabled
DEBUG - 2021-01-02 14:51:49 --> Global POST, GET and COOKIE data sanitized
DEBUG - 2021-01-02 14:51:49 --> Config file loaded: C:\xampp\htdocs\2017296\WishList\application\config/rest.php
DEBUG - 2021-01-02 14:51:49 --> Total execution time: 0.0507
DEBUG - 2021-01-02 14:55:21 --> UTF-8 Support Enabled
DEBUG - 2021-01-02 14:55:21 --> No URI present. Default controller set.
DEBUG - 2021-01-02 14:55:21 --> Global POST, GET and COOKIE data sanitized
DEBUG - 2021-01-02 14:55:21 --> Total execution time: 0.0682
DEBUG - 2021-01-02 14:57:23 --> UTF-8 Support Enabled
DEBUG - 2021-01-02 14:57:23 --> No URI present. Default controller set.
DEBUG - 2021-01-02 14:57:23 --> Global POST, GET and COOKIE data sanitized
DEBUG - 2021-01-02 14:57:23 --> Total execution time: 0.0495
DEBUG - 2021-01-02 14:57:31 --> UTF-8 Support Enabled
DEBUG - 2021-01-02 14:57:31 --> Global POST, GET and COOKIE data sanitized
DEBUG - 2021-01-02 14:57:31 --> Total execution time: 0.0501
DEBUG - 2021-01-02 14:57:31 --> UTF-8 Support Enabled
DEBUG - 2021-01-02 14:57:31 --> Global POST, GET and COOKIE data sanitized
DEBUG - 2021-01-02 14:57:31 --> Config file loaded: C:\xampp\htdocs\2017296\WishList\application\config/rest.php
DEBUG - 2021-01-02 14:57:31 --> Total execution time: 0.0514
DEBUG - 2021-01-02 15:02:24 --> UTF-8 Support Enabled
DEBUG - 2021-01-02 15:02:24 --> No URI present. Default controller set.
DEBUG - 2021-01-02 15:02:24 --> Global POST, GET and COOKIE data sanitized
DEBUG - 2021-01-02 15:02:24 --> Total execution time: 0.0436
DEBUG - 2021-01-02 15:02:27 --> UTF-8 Support Enabled
DEBUG - 2021-01-02 15:02:27 --> No URI present. Default controller set.
DEBUG - 2021-01-02 15:02:27 --> Global POST, GET and COOKIE data sanitized
DEBUG - 2021-01-02 15:02:27 --> Total execution time: 0.0395
DEBUG - 2021-01-02 15:04:33 --> UTF-8 Support Enabled
DEBUG - 2021-01-02 15:04:33 --> No URI present. Default controller set.
DEBUG - 2021-01-02 15:04:33 --> Global POST, GET and COOKIE data sanitized
DEBUG - 2021-01-02 15:04:33 --> Total execution time: 0.0478
DEBUG - 2021-01-02 15:04:52 --> UTF-8 Support Enabled
DEBUG - 2021-01-02 15:04:52 --> No URI present. Default controller set.
DEBUG - 2021-01-02 15:04:52 --> Global POST, GET and COOKIE data sanitized
DEBUG - 2021-01-02 15:04:52 --> Total execution time: 0.0492
DEBUG - 2021-01-02 15:05:58 --> UTF-8 Support Enabled
DEBUG - 2021-01-02 15:05:58 --> No URI present. Default controller set.
DEBUG - 2021-01-02 15:05:58 --> Global POST, GET and COOKIE data sanitized
DEBUG - 2021-01-02 15:05:58 --> Total execution time: 0.0477
DEBUG - 2021-01-02 15:06:05 --> UTF-8 Support Enabled
DEBUG - 2021-01-02 15:06:05 --> No URI present. Default controller set.
DEBUG - 2021-01-02 15:06:05 --> Global POST, GET and COOKIE data sanitized
DEBUG - 2021-01-02 15:06:05 --> Total execution time: 0.0500
DEBUG - 2021-01-02 15:06:30 --> UTF-8 Support Enabled
DEBUG - 2021-01-02 15:06:30 --> No URI present. Default controller set.
DEBUG - 2021-01-02 15:06:30 --> Global POST, GET and COOKIE data sanitized
DEBUG - 2021-01-02 15:06:30 --> Total execution time: 0.0455
DEBUG - 2021-01-02 20:34:15 --> UTF-8 Support Enabled
DEBUG - 2021-01-02 20:34:15 --> No URI present. Default controller set.
DEBUG - 2021-01-02 20:34:15 --> Global POST, GET and COOKIE data sanitized
DEBUG - 2021-01-02 20:34:15 --> UTF-8 Support Enabled
DEBUG - 2021-01-02 20:34:15 --> Global POST, GET and COOKIE data sanitized
DEBUG - 2021-01-02 20:34:15 --> Total execution time: 0.0599
DEBUG - 2021-01-02 20:34:29 --> UTF-8 Support Enabled
DEBUG - 2021-01-02 20:34:29 --> Global POST, GET and COOKIE data sanitized
DEBUG - 2021-01-02 20:34:30 --> Config file loaded: C:\xampp\htdocs\2017296\WishList\application\config/rest.php
DEBUG - 2021-01-02 20:34:30 --> Total execution time: 0.1253
DEBUG - 2021-01-02 20:34:30 --> UTF-8 Support Enabled
DEBUG - 2021-01-02 20:34:30 --> Global POST, GET and COOKIE data sanitized
DEBUG - 2021-01-02 20:34:30 --> UTF-8 Support Enabled
DEBUG - 2021-01-02 20:34:30 --> No URI present. Default controller set.
DEBUG - 2021-01-02 20:34:30 --> Global POST, GET and COOKIE data sanitized
DEBUG - 2021-01-02 20:34:30 --> Total execution time: 0.0497
DEBUG - 2021-01-02 20:34:30 --> Config file loaded: C:\xampp\htdocs\2017296\WishList\application\config/rest.php
DEBUG - 2021-01-02 20:34:30 --> Total execution time: 0.1427
DEBUG - 2021-01-02 20:34:30 --> UTF-8 Support Enabled
DEBUG - 2021-01-02 20:34:30 --> No URI present. Default controller set.
DEBUG - 2021-01-02 20:34:30 --> Global POST, GET and COOKIE data sanitized
DEBUG - 2021-01-02 20:34:30 --> Total execution time: 0.0470
DEBUG - 2021-01-02 20:34:52 --> UTF-8 Support Enabled
DEBUG - 2021-01-02 20:34:52 --> No URI present. Default controller set.
DEBUG - 2021-01-02 20:34:52 --> Global POST, GET and COOKIE data sanitized
DEBUG - 2021-01-02 20:34:52 --> Total execution time: 0.0505
DEBUG - 2021-01-02 20:45:06 --> UTF-8 Support Enabled
DEBUG - 2021-01-02 20:45:06 --> Global POST, GET and COOKIE data sanitized
DEBUG - 2021-01-02 20:45:06 --> Total execution time: 0.0319
DEBUG - 2021-01-02 20:45:06 --> UTF-8 Support Enabled
DEBUG - 2021-01-02 20:45:06 --> Global POST, GET and COOKIE data sanitized
DEBUG - 2021-01-02 20:45:06 --> Config file loaded: C:\xampp\htdocs\2017296\WishList\application\config/rest.php
DEBUG - 2021-01-02 20:45:06 --> Total execution time: 0.0419
DEBUG - 2021-01-02 20:54:02 --> UTF-8 Support Enabled
DEBUG - 2021-01-02 20:54:02 --> No URI present. Default controller set.
DEBUG - 2021-01-02 20:54:02 --> Global POST, GET and COOKIE data sanitized
DEBUG - 2021-01-02 20:54:02 --> Total execution time: 0.0341
DEBUG - 2021-01-02 20:55:10 --> UTF-8 Support Enabled
DEBUG - 2021-01-02 20:55:10 --> No URI present. Default controller set.
DEBUG - 2021-01-02 20:55:10 --> Global POST, GET and COOKIE data sanitized
DEBUG - 2021-01-02 20:55:10 --> Total execution time: 0.0427
DEBUG - 2021-01-02 21:00:18 --> UTF-8 Support Enabled
DEBUG - 2021-01-02 21:00:18 --> No URI present. Default controller set.
DEBUG - 2021-01-02 21:00:19 --> Global POST, GET and COOKIE data sanitized
DEBUG - 2021-01-02 21:00:19 --> Total execution time: 0.0342
DEBUG - 2021-01-02 21:00:52 --> UTF-8 Support Enabled
DEBUG - 2021-01-02 21:00:52 --> No URI present. Default controller set.
DEBUG - 2021-01-02 21:00:52 --> Global POST, GET and COOKIE data sanitized
DEBUG - 2021-01-02 21:00:52 --> Total execution time: 0.0546
DEBUG - 2021-01-02 21:02:24 --> UTF-8 Support Enabled
DEBUG - 2021-01-02 21:02:24 --> No URI present. Default controller set.
DEBUG - 2021-01-02 21:02:24 --> Global POST, GET and COOKIE data sanitized
DEBUG - 2021-01-02 21:02:24 --> Total execution time: 0.0516
DEBUG - 2021-01-02 21:02:49 --> UTF-8 Support Enabled
DEBUG - 2021-01-02 21:02:49 --> No URI present. Default controller set.
DEBUG - 2021-01-02 21:02:49 --> Global POST, GET and COOKIE data sanitized
DEBUG - 2021-01-02 21:02:49 --> Total execution time: 0.0442
DEBUG - 2021-01-02 21:07:27 --> UTF-8 Support Enabled
DEBUG - 2021-01-02 21:07:27 --> No URI present. Default controller set.
DEBUG - 2021-01-02 21:07:27 --> Global POST, GET and COOKIE data sanitized
DEBUG - 2021-01-02 21:07:27 --> Total execution time: 0.0483
DEBUG - 2021-01-02 21:07:29 --> UTF-8 Support Enabled
DEBUG - 2021-01-02 21:07:29 --> No URI present. Default controller set.
DEBUG - 2021-01-02 21:07:29 --> Global POST, GET and COOKIE data sanitized
DEBUG - 2021-01-02 21:07:29 --> Total execution time: 0.0518
DEBUG - 2021-01-02 21:07:52 --> UTF-8 Support Enabled
DEBUG - 2021-01-02 21:07:52 --> No URI present. Default controller set.
DEBUG - 2021-01-02 21:07:52 --> Global POST, GET and COOKIE data sanitized
DEBUG - 2021-01-02 21:07:52 --> Total execution time: 0.0464
DEBUG - 2021-01-02 21:08:05 --> UTF-8 Support Enabled
DEBUG - 2021-01-02 21:08:05 --> No URI present. Default controller set.
DEBUG - 2021-01-02 21:08:05 --> Global POST, GET and COOKIE data sanitized
DEBUG - 2021-01-02 21:08:05 --> Total execution time: 0.0454
DEBUG - 2021-01-02 21:08:35 --> UTF-8 Support Enabled
DEBUG - 2021-01-02 21:08:35 --> No URI present. Default controller set.
DEBUG - 2021-01-02 21:08:35 --> Global POST, GET and COOKIE data sanitized
DEBUG - 2021-01-02 21:08:35 --> Total execution time: 0.0434
DEBUG - 2021-01-02 21:08:47 --> UTF-8 Support Enabled
DEBUG - 2021-01-02 21:08:47 --> No URI present. Default controller set.
DEBUG - 2021-01-02 21:08:47 --> Global POST, GET and COOKIE data sanitized
DEBUG - 2021-01-02 21:08:47 --> Total execution time: 0.0411
DEBUG - 2021-01-02 21:09:08 --> UTF-8 Support Enabled
DEBUG - 2021-01-02 21:09:08 --> No URI present. Default controller set.
DEBUG - 2021-01-02 21:09:08 --> Global POST, GET and COOKIE data sanitized
DEBUG - 2021-01-02 21:09:08 --> Total execution time: 0.0487
DEBUG - 2021-01-02 21:10:22 --> UTF-8 Support Enabled
DEBUG - 2021-01-02 21:10:22 --> No URI present. Default controller set.
DEBUG - 2021-01-02 21:10:22 --> Global POST, GET and COOKIE data sanitized
DEBUG - 2021-01-02 21:10:22 --> Total execution time: 0.0514
DEBUG - 2021-01-02 21:10:39 --> UTF-8 Support Enabled
DEBUG - 2021-01-02 21:10:39 --> No URI present. Default controller set.
DEBUG - 2021-01-02 21:10:39 --> Global POST, GET and COOKIE data sanitized
DEBUG - 2021-01-02 21:10:39 --> Total execution time: 0.0431
DEBUG - 2021-01-02 21:11:05 --> UTF-8 Support Enabled
DEBUG - 2021-01-02 21:11:05 --> No URI present. Default controller set.
DEBUG - 2021-01-02 21:11:05 --> Global POST, GET and COOKIE data sanitized
DEBUG - 2021-01-02 21:11:05 --> Total execution time: 0.0487
DEBUG - 2021-01-02 21:11:25 --> UTF-8 Support Enabled
DEBUG - 2021-01-02 21:11:25 --> No URI present. Default controller set.
DEBUG - 2021-01-02 21:11:25 --> Global POST, GET and COOKIE data sanitized
DEBUG - 2021-01-02 21:11:25 --> Total execution time: 0.0471
DEBUG - 2021-01-02 21:13:05 --> UTF-8 Support Enabled
DEBUG - 2021-01-02 21:13:05 --> No URI present. Default controller set.
DEBUG - 2021-01-02 21:13:05 --> Global POST, GET and COOKIE data sanitized
DEBUG - 2021-01-02 21:13:05 --> Total execution time: 0.0591
DEBUG - 2021-01-02 21:17:04 --> UTF-8 Support Enabled
DEBUG - 2021-01-02 21:17:04 --> No URI present. Default controller set.
DEBUG - 2021-01-02 21:17:04 --> Global POST, GET and COOKIE data sanitized
DEBUG - 2021-01-02 21:17:04 --> Total execution time: 0.0447
DEBUG - 2021-01-02 21:18:26 --> UTF-8 Support Enabled
DEBUG - 2021-01-02 21:18:26 --> No URI present. Default controller set.
DEBUG - 2021-01-02 21:18:26 --> Global POST, GET and COOKIE data sanitized
DEBUG - 2021-01-02 21:18:26 --> Total execution time: 0.0486
DEBUG - 2021-01-02 21:18:41 --> UTF-8 Support Enabled
DEBUG - 2021-01-02 21:18:41 --> No URI present. Default controller set.
DEBUG - 2021-01-02 21:18:41 --> Global POST, GET and COOKIE data sanitized
DEBUG - 2021-01-02 21:18:41 --> Total execution time: 0.0471
DEBUG - 2021-01-02 21:18:51 --> UTF-8 Support Enabled
DEBUG - 2021-01-02 21:18:51 --> No URI present. Default controller set.
DEBUG - 2021-01-02 21:18:51 --> Global POST, GET and COOKIE data sanitized
DEBUG - 2021-01-02 21:18:51 --> Total execution time: 0.0420
DEBUG - 2021-01-02 21:19:17 --> UTF-8 Support Enabled
DEBUG - 2021-01-02 21:19:17 --> No URI present. Default controller set.
DEBUG - 2021-01-02 21:19:17 --> Global POST, GET and COOKIE data sanitized
DEBUG - 2021-01-02 21:19:17 --> Total execution time: 0.0500
DEBUG - 2021-01-02 21:19:34 --> UTF-8 Support Enabled
DEBUG - 2021-01-02 21:19:34 --> No URI present. Default controller set.
DEBUG - 2021-01-02 21:19:34 --> Global POST, GET and COOKIE data sanitized
DEBUG - 2021-01-02 21:19:34 --> Total execution time: 0.0452
DEBUG - 2021-01-02 21:20:53 --> UTF-8 Support Enabled
DEBUG - 2021-01-02 21:20:53 --> No URI present. Default controller set.
DEBUG - 2021-01-02 21:20:53 --> Global POST, GET and COOKIE data sanitized
DEBUG - 2021-01-02 21:20:53 --> Total execution time: 0.0469
DEBUG - 2021-01-02 21:21:36 --> UTF-8 Support Enabled
DEBUG - 2021-01-02 21:21:36 --> No URI present. Default controller set.
DEBUG - 2021-01-02 21:21:36 --> Global POST, GET and COOKIE data sanitized
DEBUG - 2021-01-02 21:21:36 --> Total execution time: 0.0474
DEBUG - 2021-01-02 21:21:49 --> UTF-8 Support Enabled
DEBUG - 2021-01-02 21:21:49 --> No URI present. Default controller set.
DEBUG - 2021-01-02 21:21:49 --> Global POST, GET and COOKIE data sanitized
DEBUG - 2021-01-02 21:21:49 --> Total execution time: 0.0487
DEBUG - 2021-01-02 21:22:00 --> UTF-8 Support Enabled
DEBUG - 2021-01-02 21:22:00 --> No URI present. Default controller set.
DEBUG - 2021-01-02 21:22:00 --> Global POST, GET and COOKIE data sanitized
DEBUG - 2021-01-02 21:22:00 --> Total execution time: 0.0603
DEBUG - 2021-01-02 21:22:17 --> UTF-8 Support Enabled
DEBUG - 2021-01-02 21:22:17 --> No URI present. Default controller set.
DEBUG - 2021-01-02 21:22:17 --> Global POST, GET and COOKIE data sanitized
DEBUG - 2021-01-02 21:22:17 --> Total execution time: 0.0481
DEBUG - 2021-01-02 21:23:48 --> UTF-8 Support Enabled
DEBUG - 2021-01-02 21:23:48 --> No URI present. Default controller set.
DEBUG - 2021-01-02 21:23:48 --> Global POST, GET and COOKIE data sanitized
DEBUG - 2021-01-02 21:23:48 --> Total execution time: 0.0342
DEBUG - 2021-01-02 21:24:13 --> UTF-8 Support Enabled
DEBUG - 2021-01-02 21:24:13 --> No URI present. Default controller set.
DEBUG - 2021-01-02 21:24:13 --> Global POST, GET and COOKIE data sanitized
DEBUG - 2021-01-02 21:24:13 --> Total execution time: 0.0459
DEBUG - 2021-01-02 21:24:58 --> UTF-8 Support Enabled
DEBUG - 2021-01-02 21:24:58 --> No URI present. Default controller set.
DEBUG - 2021-01-02 21:24:58 --> Global POST, GET and COOKIE data sanitized
DEBUG - 2021-01-02 21:24:58 --> Total execution time: 0.0622
DEBUG - 2021-01-02 21:26:55 --> UTF-8 Support Enabled
DEBUG - 2021-01-02 21:26:55 --> No URI present. Default controller set.
DEBUG - 2021-01-02 21:26:55 --> Global POST, GET and COOKIE data sanitized
DEBUG - 2021-01-02 21:26:55 --> Total execution time: 0.0416
DEBUG - 2021-01-02 21:28:06 --> UTF-8 Support Enabled
DEBUG - 2021-01-02 21:28:06 --> No URI present. Default controller set.
DEBUG - 2021-01-02 21:28:06 --> Global POST, GET and COOKIE data sanitized
DEBUG - 2021-01-02 21:28:06 --> Total execution time: 0.0555
DEBUG - 2021-01-02 21:29:02 --> UTF-8 Support Enabled
DEBUG - 2021-01-02 21:29:02 --> No URI present. Default controller set.
DEBUG - 2021-01-02 21:29:02 --> Global POST, GET and COOKIE data sanitized
DEBUG - 2021-01-02 21:29:02 --> Total execution time: 0.0495
DEBUG - 2021-01-02 21:29:46 --> UTF-8 Support Enabled
DEBUG - 2021-01-02 21:29:46 --> No URI present. Default controller set.
DEBUG - 2021-01-02 21:29:46 --> Global POST, GET and COOKIE data sanitized
DEBUG - 2021-01-02 21:29:46 --> Total execution time: 0.0483
DEBUG - 2021-01-02 21:30:03 --> UTF-8 Support Enabled
DEBUG - 2021-01-02 21:30:03 --> No URI present. Default controller set.
DEBUG - 2021-01-02 21:30:03 --> Global POST, GET and COOKIE data sanitized
DEBUG - 2021-01-02 21:30:03 --> Total execution time: 0.0445
DEBUG - 2021-01-02 21:30:35 --> UTF-8 Support Enabled
DEBUG - 2021-01-02 21:30:35 --> No URI present. Default controller set.
DEBUG - 2021-01-02 21:30:35 --> Global POST, GET and COOKIE data sanitized
DEBUG - 2021-01-02 21:30:35 --> Total execution time: 0.0476
DEBUG - 2021-01-02 21:31:04 --> UTF-8 Support Enabled
DEBUG - 2021-01-02 21:31:04 --> No URI present. Default controller set.
DEBUG - 2021-01-02 21:31:04 --> Global POST, GET and COOKIE data sanitized
DEBUG - 2021-01-02 21:31:04 --> Total execution time: 0.0450
DEBUG - 2021-01-02 21:31:30 --> UTF-8 Support Enabled
DEBUG - 2021-01-02 21:31:30 --> No URI present. Default controller set.
DEBUG - 2021-01-02 21:31:30 --> Global POST, GET and COOKIE data sanitized
DEBUG - 2021-01-02 21:31:30 --> Total execution time: 0.0303
DEBUG - 2021-01-02 21:32:25 --> UTF-8 Support Enabled
DEBUG - 2021-01-02 21:32:25 --> No URI present. Default controller set.
DEBUG - 2021-01-02 21:32:25 --> Global POST, GET and COOKIE data sanitized
DEBUG - 2021-01-02 21:32:25 --> Total execution time: 0.0311
DEBUG - 2021-01-02 21:32:52 --> UTF-8 Support Enabled
DEBUG - 2021-01-02 21:32:52 --> No URI present. Default controller set.
DEBUG - 2021-01-02 21:32:52 --> Global POST, GET and COOKIE data sanitized
DEBUG - 2021-01-02 21:32:52 --> Total execution time: 0.0410
DEBUG - 2021-01-02 21:33:38 --> UTF-8 Support Enabled
DEBUG - 2021-01-02 21:33:38 --> No URI present. Default controller set.
DEBUG - 2021-01-02 21:33:38 --> Global POST, GET and COOKIE data sanitized
DEBUG - 2021-01-02 21:33:38 --> Total execution time: 0.0324
DEBUG - 2021-01-02 21:33:42 --> UTF-8 Support Enabled
DEBUG - 2021-01-02 21:33:42 --> No URI present. Default controller set.
DEBUG - 2021-01-02 21:33:42 --> Global POST, GET and COOKIE data sanitized
DEBUG - 2021-01-02 21:33:42 --> UTF-8 Support Enabled
DEBUG - 2021-01-02 21:33:42 --> Global POST, GET and COOKIE data sanitized
DEBUG - 2021-01-02 21:33:42 --> Total execution time: 0.0534
DEBUG - 2021-01-02 21:33:49 --> UTF-8 Support Enabled
DEBUG - 2021-01-02 21:33:49 --> Global POST, GET and COOKIE data sanitized
DEBUG - 2021-01-02 21:33:49 --> Config file loaded: C:\xampp\htdocs\2017296\WishList\application\config/rest.php
DEBUG - 2021-01-02 21:33:49 --> Total execution time: 0.1127
DEBUG - 2021-01-02 21:33:49 --> UTF-8 Support Enabled
DEBUG - 2021-01-02 21:33:49 --> UTF-8 Support Enabled
DEBUG - 2021-01-02 21:33:49 --> Global POST, GET and COOKIE data sanitized
DEBUG - 2021-01-02 21:33:49 --> No URI present. Default controller set.
DEBUG - 2021-01-02 21:33:49 --> Global POST, GET and COOKIE data sanitized
DEBUG - 2021-01-02 21:33:49 --> Config file loaded: C:\xampp\htdocs\2017296\WishList\application\config/rest.php
DEBUG - 2021-01-02 21:33:49 --> Total execution time: 0.1210
DEBUG - 2021-01-02 21:33:49 --> Total execution time: 0.1231
DEBUG - 2021-01-02 21:33:49 --> UTF-8 Support Enabled
DEBUG - 2021-01-02 21:33:49 --> No URI present. Default controller set.
DEBUG - 2021-01-02 21:33:49 --> Global POST, GET and COOKIE data sanitized
DEBUG - 2021-01-02 21:33:49 --> Total execution time: 0.0386
DEBUG - 2021-01-02 21:34:12 --> UTF-8 Support Enabled
DEBUG - 2021-01-02 21:34:12 --> No URI present. Default controller set.
DEBUG - 2021-01-02 21:34:12 --> Global POST, GET and COOKIE data sanitized
DEBUG - 2021-01-02 21:34:12 --> Total execution time: 0.0498
DEBUG - 2021-01-02 21:35:02 --> UTF-8 Support Enabled
DEBUG - 2021-01-02 21:35:02 --> No URI present. Default controller set.
DEBUG - 2021-01-02 21:35:02 --> Global POST, GET and COOKIE data sanitized
DEBUG - 2021-01-02 21:35:02 --> Total execution time: 0.0565
DEBUG - 2021-01-02 21:35:20 --> UTF-8 Support Enabled
DEBUG - 2021-01-02 21:35:20 --> No URI present. Default controller set.
DEBUG - 2021-01-02 21:35:20 --> Global POST, GET and COOKIE data sanitized
DEBUG - 2021-01-02 21:35:20 --> Total execution time: 0.0469
DEBUG - 2021-01-02 21:37:02 --> UTF-8 Support Enabled
DEBUG - 2021-01-02 21:37:02 --> No URI present. Default controller set.
DEBUG - 2021-01-02 21:37:02 --> Global POST, GET and COOKIE data sanitized
DEBUG - 2021-01-02 21:37:02 --> Total execution time: 0.0489
DEBUG - 2021-01-02 21:37:12 --> UTF-8 Support Enabled
DEBUG - 2021-01-02 21:37:12 --> No URI present. Default controller set.
DEBUG - 2021-01-02 21:37:12 --> Global POST, GET and COOKIE data sanitized
DEBUG - 2021-01-02 21:37:12 --> Total execution time: 0.0468
DEBUG - 2021-01-02 21:37:35 --> UTF-8 Support Enabled
DEBUG - 2021-01-02 21:37:35 --> No URI present. Default controller set.
DEBUG - 2021-01-02 21:37:35 --> Global POST, GET and COOKIE data sanitized
DEBUG - 2021-01-02 21:37:35 --> Total execution time: 0.0469
DEBUG - 2021-01-02 21:38:34 --> UTF-8 Support Enabled
DEBUG - 2021-01-02 21:38:34 --> No URI present. Default controller set.
DEBUG - 2021-01-02 21:38:34 --> Global POST, GET and COOKIE data sanitized
DEBUG - 2021-01-02 21:38:34 --> Total execution time: 0.0317
DEBUG - 2021-01-02 21:38:51 --> UTF-8 Support Enabled
DEBUG - 2021-01-02 21:38:51 --> No URI present. Default controller set.
DEBUG - 2021-01-02 21:38:51 --> Global POST, GET and COOKIE data sanitized
DEBUG - 2021-01-02 21:38:51 --> Total execution time: 0.0481
DEBUG - 2021-01-02 21:39:08 --> UTF-8 Support Enabled
DEBUG - 2021-01-02 21:39:08 --> No URI present. Default controller set.
DEBUG - 2021-01-02 21:39:08 --> Global POST, GET and COOKIE data sanitized
DEBUG - 2021-01-02 21:39:08 --> Total execution time: 0.0473
DEBUG - 2021-01-02 21:39:25 --> UTF-8 Support Enabled
DEBUG - 2021-01-02 21:39:25 --> No URI present. Default controller set.
DEBUG - 2021-01-02 21:39:25 --> Global POST, GET and COOKIE data sanitized
DEBUG - 2021-01-02 21:39:25 --> Total execution time: 0.0443
DEBUG - 2021-01-02 21:39:28 --> UTF-8 Support Enabled
DEBUG - 2021-01-02 21:39:28 --> No URI present. Default controller set.
DEBUG - 2021-01-02 21:39:28 --> Global POST, GET and COOKIE data sanitized
DEBUG - 2021-01-02 21:39:28 --> Total execution time: 0.0498
DEBUG - 2021-01-02 21:39:39 --> UTF-8 Support Enabled
DEBUG - 2021-01-02 21:39:39 --> No URI present. Default controller set.
DEBUG - 2021-01-02 21:39:39 --> Global POST, GET and COOKIE data sanitized
DEBUG - 2021-01-02 21:39:39 --> Total execution time: 0.0297
DEBUG - 2021-01-02 21:39:55 --> UTF-8 Support Enabled
DEBUG - 2021-01-02 21:39:55 --> No URI present. Default controller set.
DEBUG - 2021-01-02 21:39:55 --> Global POST, GET and COOKIE data sanitized
DEBUG - 2021-01-02 21:39:55 --> Total execution time: 0.0433
DEBUG - 2021-01-02 21:40:29 --> UTF-8 Support Enabled
DEBUG - 2021-01-02 21:40:29 --> No URI present. Default controller set.
DEBUG - 2021-01-02 21:40:29 --> Global POST, GET and COOKIE data sanitized
DEBUG - 2021-01-02 21:40:29 --> Total execution time: 0.0508
DEBUG - 2021-01-02 21:41:09 --> UTF-8 Support Enabled
DEBUG - 2021-01-02 21:41:10 --> No URI present. Default controller set.
DEBUG - 2021-01-02 21:41:10 --> Global POST, GET and COOKIE data sanitized
DEBUG - 2021-01-02 21:41:10 --> Total execution time: 0.0472
DEBUG - 2021-01-02 21:41:12 --> UTF-8 Support Enabled
DEBUG - 2021-01-02 21:41:12 --> No URI present. Default controller set.
DEBUG - 2021-01-02 21:41:12 --> Global POST, GET and COOKIE data sanitized
DEBUG - 2021-01-02 21:41:12 --> Total execution time: 0.0454
DEBUG - 2021-01-02 21:41:34 --> UTF-8 Support Enabled
DEBUG - 2021-01-02 21:41:34 --> No URI present. Default controller set.
DEBUG - 2021-01-02 21:41:34 --> Global POST, GET and COOKIE data sanitized
DEBUG - 2021-01-02 21:41:34 --> Total execution time: 0.0383
DEBUG - 2021-01-02 21:42:22 --> UTF-8 Support Enabled
DEBUG - 2021-01-02 21:42:22 --> No URI present. Default controller set.
DEBUG - 2021-01-02 21:42:22 --> Global POST, GET and COOKIE data sanitized
DEBUG - 2021-01-02 21:42:22 --> Total execution time: 0.0471
DEBUG - 2021-01-02 21:42:29 --> UTF-8 Support Enabled
DEBUG - 2021-01-02 21:42:29 --> No URI present. Default controller set.
DEBUG - 2021-01-02 21:42:29 --> Global POST, GET and COOKIE data sanitized
DEBUG - 2021-01-02 21:42:29 --> Total execution time: 0.0416
DEBUG - 2021-01-02 21:44:26 --> UTF-8 Support Enabled
DEBUG - 2021-01-02 21:44:26 --> No URI present. Default controller set.
DEBUG - 2021-01-02 21:44:26 --> Global POST, GET and COOKIE data sanitized
DEBUG - 2021-01-02 21:44:27 --> Total execution time: 0.0510
DEBUG - 2021-01-02 21:45:09 --> UTF-8 Support Enabled
DEBUG - 2021-01-02 21:45:09 --> No URI present. Default controller set.
DEBUG - 2021-01-02 21:45:09 --> Global POST, GET and COOKIE data sanitized
DEBUG - 2021-01-02 21:45:09 --> Total execution time: 0.0381
DEBUG - 2021-01-02 21:45:17 --> UTF-8 Support Enabled
DEBUG - 2021-01-02 21:45:17 --> No URI present. Default controller set.
DEBUG - 2021-01-02 21:45:17 --> Global POST, GET and COOKIE data sanitized
DEBUG - 2021-01-02 21:45:17 --> Total execution time: 0.0399
DEBUG - 2021-01-02 21:45:44 --> UTF-8 Support Enabled
DEBUG - 2021-01-02 21:45:44 --> No URI present. Default controller set.
DEBUG - 2021-01-02 21:45:44 --> Global POST, GET and COOKIE data sanitized
DEBUG - 2021-01-02 21:45:44 --> Total execution time: 0.0432
DEBUG - 2021-01-02 21:45:46 --> UTF-8 Support Enabled
DEBUG - 2021-01-02 21:45:46 --> No URI present. Default controller set.
DEBUG - 2021-01-02 21:45:46 --> Global POST, GET and COOKIE data sanitized
DEBUG - 2021-01-02 21:45:46 --> Total execution time: 0.0454
DEBUG - 2021-01-02 21:46:05 --> UTF-8 Support Enabled
DEBUG - 2021-01-02 21:46:05 --> No URI present. Default controller set.
DEBUG - 2021-01-02 21:46:05 --> Global POST, GET and COOKIE data sanitized
DEBUG - 2021-01-02 21:46:05 --> Total execution time: 0.0301
DEBUG - 2021-01-02 21:46:12 --> UTF-8 Support Enabled
DEBUG - 2021-01-02 21:46:12 --> No URI present. Default controller set.
DEBUG - 2021-01-02 21:46:12 --> Global POST, GET and COOKIE data sanitized
DEBUG - 2021-01-02 21:46:12 --> Total execution time: 0.0423
DEBUG - 2021-01-02 21:46:35 --> UTF-8 Support Enabled
DEBUG - 2021-01-02 21:46:35 --> No URI present. Default controller set.
DEBUG - 2021-01-02 21:46:35 --> Global POST, GET and COOKIE data sanitized
DEBUG - 2021-01-02 21:46:35 --> Total execution time: 0.0470
DEBUG - 2021-01-02 21:46:37 --> UTF-8 Support Enabled
DEBUG - 2021-01-02 21:46:37 --> No URI present. Default controller set.
DEBUG - 2021-01-02 21:46:37 --> Global POST, GET and COOKIE data sanitized
DEBUG - 2021-01-02 21:46:37 --> Total execution time: 0.0503
DEBUG - 2021-01-02 21:46:55 --> UTF-8 Support Enabled
DEBUG - 2021-01-02 21:46:55 --> No URI present. Default controller set.
DEBUG - 2021-01-02 21:46:55 --> Global POST, GET and COOKIE data sanitized
DEBUG - 2021-01-02 21:46:55 --> Total execution time: 0.0481
DEBUG - 2021-01-02 21:47:19 --> UTF-8 Support Enabled
DEBUG - 2021-01-02 21:47:19 --> No URI present. Default controller set.
DEBUG - 2021-01-02 21:47:19 --> Global POST, GET and COOKIE data sanitized
DEBUG - 2021-01-02 21:47:19 --> Total execution time: 0.0498
DEBUG - 2021-01-02 21:47:45 --> UTF-8 Support Enabled
DEBUG - 2021-01-02 21:47:45 --> No URI present. Default controller set.
DEBUG - 2021-01-02 21:47:45 --> Global POST, GET and COOKIE data sanitized
DEBUG - 2021-01-02 21:47:45 --> Total execution time: 0.0571
DEBUG - 2021-01-02 21:49:10 --> UTF-8 Support Enabled
DEBUG - 2021-01-02 21:49:10 --> No URI present. Default controller set.
DEBUG - 2021-01-02 21:49:10 --> Global POST, GET and COOKIE data sanitized
DEBUG - 2021-01-02 21:49:10 --> Total execution time: 0.0537
DEBUG - 2021-01-02 21:51:14 --> UTF-8 Support Enabled
DEBUG - 2021-01-02 21:51:14 --> No URI present. Default controller set.
DEBUG - 2021-01-02 21:51:14 --> Global POST, GET and COOKIE data sanitized
DEBUG - 2021-01-02 21:51:14 --> Total execution time: 0.0555
DEBUG - 2021-01-02 21:52:15 --> UTF-8 Support Enabled
DEBUG - 2021-01-02 21:52:15 --> No URI present. Default controller set.
DEBUG - 2021-01-02 21:52:15 --> Global POST, GET and COOKIE data sanitized
DEBUG - 2021-01-02 21:52:15 --> Total execution time: 0.0429
DEBUG - 2021-01-02 21:52:21 --> UTF-8 Support Enabled
DEBUG - 2021-01-02 21:52:21 --> No URI present. Default controller set.
DEBUG - 2021-01-02 21:52:21 --> Global POST, GET and COOKIE data sanitized
DEBUG - 2021-01-02 21:52:21 --> Total execution time: 0.0400
DEBUG - 2021-01-02 21:52:24 --> UTF-8 Support Enabled
DEBUG - 2021-01-02 21:52:24 --> No URI present. Default controller set.
DEBUG - 2021-01-02 21:52:24 --> Global POST, GET and COOKIE data sanitized
DEBUG - 2021-01-02 21:52:24 --> Total execution time: 0.0332
DEBUG - 2021-01-02 21:52:29 --> UTF-8 Support Enabled
DEBUG - 2021-01-02 21:52:29 --> No URI present. Default controller set.
DEBUG - 2021-01-02 21:52:29 --> Global POST, GET and COOKIE data sanitized
DEBUG - 2021-01-02 21:52:29 --> Total execution time: 0.0423
DEBUG - 2021-01-02 21:53:50 --> UTF-8 Support Enabled
DEBUG - 2021-01-02 21:53:50 --> No URI present. Default controller set.
DEBUG - 2021-01-02 21:53:50 --> Global POST, GET and COOKIE data sanitized
DEBUG - 2021-01-02 21:53:50 --> Total execution time: 0.0399
DEBUG - 2021-01-02 21:54:18 --> UTF-8 Support Enabled
DEBUG - 2021-01-02 21:54:18 --> No URI present. Default controller set.
DEBUG - 2021-01-02 21:54:18 --> Global POST, GET and COOKIE data sanitized
DEBUG - 2021-01-02 21:54:18 --> Total execution time: 0.0710
DEBUG - 2021-01-02 21:55:27 --> UTF-8 Support Enabled
DEBUG - 2021-01-02 21:55:27 --> No URI present. Default controller set.
DEBUG - 2021-01-02 21:55:27 --> Global POST, GET and COOKIE data sanitized
DEBUG - 2021-01-02 21:55:27 --> Total execution time: 0.0583
DEBUG - 2021-01-02 21:56:10 --> UTF-8 Support Enabled
DEBUG - 2021-01-02 21:56:10 --> No URI present. Default controller set.
DEBUG - 2021-01-02 21:56:10 --> Global POST, GET and COOKIE data sanitized
DEBUG - 2021-01-02 21:56:10 --> Total execution time: 0.0456
DEBUG - 2021-01-02 21:56:13 --> UTF-8 Support Enabled
DEBUG - 2021-01-02 21:56:13 --> No URI present. Default controller set.
DEBUG - 2021-01-02 21:56:13 --> Global POST, GET and COOKIE data sanitized
DEBUG - 2021-01-02 21:56:13 --> Total execution time: 0.0475
DEBUG - 2021-01-02 21:56:49 --> UTF-8 Support Enabled
DEBUG - 2021-01-02 21:56:49 --> No URI present. Default controller set.
DEBUG - 2021-01-02 21:56:49 --> Global POST, GET and COOKIE data sanitized
DEBUG - 2021-01-02 21:56:50 --> Total execution time: 0.0484
DEBUG - 2021-01-02 21:57:22 --> UTF-8 Support Enabled
DEBUG - 2021-01-02 21:57:22 --> No URI present. Default controller set.
DEBUG - 2021-01-02 21:57:22 --> Global POST, GET and COOKIE data sanitized
DEBUG - 2021-01-02 21:57:23 --> Total execution time: 0.0460
DEBUG - 2021-01-02 21:58:39 --> UTF-8 Support Enabled
DEBUG - 2021-01-02 21:58:39 --> No URI present. Default controller set.
DEBUG - 2021-01-02 21:58:39 --> Global POST, GET and COOKIE data sanitized
DEBUG - 2021-01-02 21:58:39 --> Total execution time: 0.0505
DEBUG - 2021-01-02 21:59:09 --> UTF-8 Support Enabled
DEBUG - 2021-01-02 21:59:09 --> No URI present. Default controller set.
DEBUG - 2021-01-02 21:59:09 --> Global POST, GET and COOKIE data sanitized
DEBUG - 2021-01-02 21:59:09 --> Total execution time: 0.0469
DEBUG - 2021-01-02 21:59:30 --> UTF-8 Support Enabled
DEBUG - 2021-01-02 21:59:30 --> No URI present. Default controller set.
DEBUG - 2021-01-02 21:59:30 --> Global POST, GET and COOKIE data sanitized
DEBUG - 2021-01-02 21:59:30 --> Total execution time: 0.0484
DEBUG - 2021-01-02 21:59:51 --> UTF-8 Support Enabled
DEBUG - 2021-01-02 21:59:51 --> No URI present. Default controller set.
DEBUG - 2021-01-02 21:59:51 --> Global POST, GET and COOKIE data sanitized
DEBUG - 2021-01-02 21:59:51 --> Total execution time: 0.0459
DEBUG - 2021-01-02 22:00:25 --> UTF-8 Support Enabled
DEBUG - 2021-01-02 22:00:25 --> No URI present. Default controller set.
DEBUG - 2021-01-02 22:00:25 --> Global POST, GET and COOKIE data sanitized
DEBUG - 2021-01-02 22:00:25 --> Total execution time: 0.0435
DEBUG - 2021-01-02 22:07:20 --> UTF-8 Support Enabled
DEBUG - 2021-01-02 22:07:20 --> No URI present. Default controller set.
DEBUG - 2021-01-02 22:07:20 --> Global POST, GET and COOKIE data sanitized
DEBUG - 2021-01-02 22:07:20 --> Total execution time: 0.0560
DEBUG - 2021-01-02 22:07:45 --> UTF-8 Support Enabled
DEBUG - 2021-01-02 22:07:45 --> No URI present. Default controller set.
DEBUG - 2021-01-02 22:07:45 --> Global POST, GET and COOKIE data sanitized
DEBUG - 2021-01-02 22:07:45 --> Total execution time: 0.0442
DEBUG - 2021-01-02 22:08:34 --> UTF-8 Support Enabled
DEBUG - 2021-01-02 22:08:34 --> No URI present. Default controller set.
DEBUG - 2021-01-02 22:08:34 --> Global POST, GET and COOKIE data sanitized
DEBUG - 2021-01-02 22:08:34 --> Total execution time: 0.0551
DEBUG - 2021-01-02 22:08:57 --> UTF-8 Support Enabled
DEBUG - 2021-01-02 22:08:57 --> No URI present. Default controller set.
DEBUG - 2021-01-02 22:08:57 --> Global POST, GET and COOKIE data sanitized
DEBUG - 2021-01-02 22:08:57 --> Total execution time: 0.0493
DEBUG - 2021-01-02 22:09:31 --> UTF-8 Support Enabled
DEBUG - 2021-01-02 22:09:31 --> No URI present. Default controller set.
DEBUG - 2021-01-02 22:09:31 --> Global POST, GET and COOKIE data sanitized
DEBUG - 2021-01-02 22:09:31 --> Total execution time: 0.0427
DEBUG - 2021-01-02 22:10:10 --> UTF-8 Support Enabled
DEBUG - 2021-01-02 22:10:10 --> No URI present. Default controller set.
DEBUG - 2021-01-02 22:10:10 --> Global POST, GET and COOKIE data sanitized
DEBUG - 2021-01-02 22:10:10 --> Total execution time: 0.0495
DEBUG - 2021-01-02 22:11:20 --> UTF-8 Support Enabled
DEBUG - 2021-01-02 22:11:20 --> No URI present. Default controller set.
DEBUG - 2021-01-02 22:11:20 --> Global POST, GET and COOKIE data sanitized
DEBUG - 2021-01-02 22:11:20 --> Total execution time: 0.0524
DEBUG - 2021-01-02 22:17:42 --> UTF-8 Support Enabled
DEBUG - 2021-01-02 22:17:42 --> No URI present. Default controller set.
DEBUG - 2021-01-02 22:17:42 --> Global POST, GET and COOKIE data sanitized
DEBUG - 2021-01-02 22:17:42 --> Total execution time: 0.0353
DEBUG - 2021-01-02 22:19:29 --> UTF-8 Support Enabled
DEBUG - 2021-01-02 22:19:29 --> No URI present. Default controller set.
DEBUG - 2021-01-02 22:19:29 --> Global POST, GET and COOKIE data sanitized
DEBUG - 2021-01-02 22:19:29 --> Total execution time: 0.0459
DEBUG - 2021-01-02 22:20:20 --> UTF-8 Support Enabled
DEBUG - 2021-01-02 22:20:20 --> No URI present. Default controller set.
DEBUG - 2021-01-02 22:20:20 --> Global POST, GET and COOKIE data sanitized
DEBUG - 2021-01-02 22:20:20 --> Total execution time: 0.0547
DEBUG - 2021-01-02 22:20:40 --> UTF-8 Support Enabled
DEBUG - 2021-01-02 22:20:40 --> No URI present. Default controller set.
DEBUG - 2021-01-02 22:20:40 --> Global POST, GET and COOKIE data sanitized
DEBUG - 2021-01-02 22:20:40 --> Total execution time: 0.0487
DEBUG - 2021-01-02 23:08:01 --> UTF-8 Support Enabled
DEBUG - 2021-01-02 23:08:01 --> No URI present. Default controller set.
DEBUG - 2021-01-02 23:08:01 --> Global POST, GET and COOKIE data sanitized
DEBUG - 2021-01-02 23:08:01 --> Total execution time: 0.0385
DEBUG - 2021-01-02 23:08:09 --> UTF-8 Support Enabled
DEBUG - 2021-01-02 23:08:09 --> No URI present. Default controller set.
DEBUG - 2021-01-02 23:08:09 --> Global POST, GET and COOKIE data sanitized
DEBUG - 2021-01-02 23:08:09 --> Total execution time: 0.0428
DEBUG - 2021-01-02 23:08:38 --> UTF-8 Support Enabled
DEBUG - 2021-01-02 23:08:38 --> No URI present. Default controller set.
DEBUG - 2021-01-02 23:08:38 --> Global POST, GET and COOKIE data sanitized
DEBUG - 2021-01-02 23:08:39 --> Total execution time: 0.0482
DEBUG - 2021-01-02 23:14:40 --> UTF-8 Support Enabled
DEBUG - 2021-01-02 23:14:40 --> No URI present. Default controller set.
DEBUG - 2021-01-02 23:14:40 --> Global POST, GET and COOKIE data sanitized
DEBUG - 2021-01-02 23:14:40 --> Total execution time: 0.0626
DEBUG - 2021-01-02 23:15:35 --> UTF-8 Support Enabled
DEBUG - 2021-01-02 23:15:35 --> No URI present. Default controller set.
DEBUG - 2021-01-02 23:15:35 --> Global POST, GET and COOKIE data sanitized
DEBUG - 2021-01-02 23:15:35 --> Total execution time: 0.0552
DEBUG - 2021-01-02 23:15:38 --> UTF-8 Support Enabled
DEBUG - 2021-01-02 23:15:38 --> No URI present. Default controller set.
DEBUG - 2021-01-02 23:15:38 --> Global POST, GET and COOKIE data sanitized
DEBUG - 2021-01-02 23:15:38 --> Total execution time: 0.0466
DEBUG - 2021-01-02 23:15:44 --> UTF-8 Support Enabled
DEBUG - 2021-01-02 23:15:44 --> No URI present. Default controller set.
DEBUG - 2021-01-02 23:15:44 --> Global POST, GET and COOKIE data sanitized
DEBUG - 2021-01-02 23:15:44 --> Total execution time: 0.0461
DEBUG - 2021-01-02 23:15:46 --> UTF-8 Support Enabled
DEBUG - 2021-01-02 23:15:46 --> No URI present. Default controller set.
DEBUG - 2021-01-02 23:15:46 --> Global POST, GET and COOKIE data sanitized
DEBUG - 2021-01-02 23:15:46 --> Total execution time: 0.0422
DEBUG - 2021-01-02 23:22:26 --> UTF-8 Support Enabled
DEBUG - 2021-01-02 23:22:26 --> No URI present. Default controller set.
DEBUG - 2021-01-02 23:22:26 --> Global POST, GET and COOKIE data sanitized
DEBUG - 2021-01-02 23:22:26 --> Total execution time: 0.0348
DEBUG - 2021-01-02 23:23:38 --> UTF-8 Support Enabled
DEBUG - 2021-01-02 23:23:38 --> No URI present. Default controller set.
DEBUG - 2021-01-02 23:23:38 --> Global POST, GET and COOKIE data sanitized
DEBUG - 2021-01-02 23:23:38 --> Total execution time: 0.0430
DEBUG - 2021-01-02 23:24:56 --> UTF-8 Support Enabled
DEBUG - 2021-01-02 23:24:56 --> No URI present. Default controller set.
DEBUG - 2021-01-02 23:24:56 --> Global POST, GET and COOKIE data sanitized
DEBUG - 2021-01-02 23:24:56 --> Total execution time: 0.0388
DEBUG - 2021-01-02 23:25:08 --> UTF-8 Support Enabled
DEBUG - 2021-01-02 23:25:08 --> No URI present. Default controller set.
DEBUG - 2021-01-02 23:25:08 --> Global POST, GET and COOKIE data sanitized
DEBUG - 2021-01-02 23:25:08 --> Total execution time: 0.0494
DEBUG - 2021-01-02 23:25:17 --> UTF-8 Support Enabled
DEBUG - 2021-01-02 23:25:17 --> No URI present. Default controller set.
DEBUG - 2021-01-02 23:25:17 --> Global POST, GET and COOKIE data sanitized
DEBUG - 2021-01-02 23:25:18 --> Total execution time: 0.0624
DEBUG - 2021-01-02 23:31:56 --> UTF-8 Support Enabled
DEBUG - 2021-01-02 23:31:56 --> No URI present. Default controller set.
DEBUG - 2021-01-02 23:31:56 --> Global POST, GET and COOKIE data sanitized
DEBUG - 2021-01-02 23:31:56 --> Total execution time: 0.0351
DEBUG - 2021-01-02 23:32:03 --> UTF-8 Support Enabled
DEBUG - 2021-01-02 23:32:03 --> No URI present. Default controller set.
DEBUG - 2021-01-02 23:32:03 --> Global POST, GET and COOKIE data sanitized
DEBUG - 2021-01-02 23:32:03 --> Total execution time: 0.0377
DEBUG - 2021-01-02 23:32:25 --> UTF-8 Support Enabled
DEBUG - 2021-01-02 23:32:25 --> No URI present. Default controller set.
DEBUG - 2021-01-02 23:32:25 --> Global POST, GET and COOKIE data sanitized
DEBUG - 2021-01-02 23:32:25 --> Total execution time: 0.0478
DEBUG - 2021-01-02 23:32:38 --> UTF-8 Support Enabled
DEBUG - 2021-01-02 23:32:38 --> No URI present. Default controller set.
DEBUG - 2021-01-02 23:32:38 --> Global POST, GET and COOKIE data sanitized
DEBUG - 2021-01-02 23:32:38 --> Total execution time: 0.0469
DEBUG - 2021-01-02 23:32:57 --> UTF-8 Support Enabled
DEBUG - 2021-01-02 23:32:57 --> No URI present. Default controller set.
DEBUG - 2021-01-02 23:32:57 --> Global POST, GET and COOKIE data sanitized
DEBUG - 2021-01-02 23:32:57 --> Total execution time: 0.0533
DEBUG - 2021-01-02 23:33:14 --> UTF-8 Support Enabled
DEBUG - 2021-01-02 23:33:14 --> No URI present. Default controller set.
DEBUG - 2021-01-02 23:33:14 --> Global POST, GET and COOKIE data sanitized
DEBUG - 2021-01-02 23:33:14 --> Total execution time: 0.0457
