DEBUG - 2021-01-05 21:14:20 --> UTF-8 Support Enabled
DEBUG - 2021-01-05 21:14:20 --> No URI present. Default controller set.
DEBUG - 2021-01-05 21:14:20 --> Global POST, GET and COOKIE data sanitized
DEBUG - 2021-01-05 21:14:20 --> UTF-8 Support Enabled
DEBUG - 2021-01-05 21:14:20 --> Global POST, GET and COOKIE data sanitized
DEBUG - 2021-01-05 21:14:20 --> Total execution time: 0.0583
DEBUG - 2021-01-05 21:14:27 --> UTF-8 Support Enabled
DEBUG - 2021-01-05 21:14:27 --> Global POST, GET and COOKIE data sanitized
DEBUG - 2021-01-05 21:14:27 --> Config file loaded: C:\xampp\htdocs\2017296\WishList\application\config/rest.php
DEBUG - 2021-01-05 21:14:27 --> Total execution time: 0.1557
DEBUG - 2021-01-05 21:14:27 --> UTF-8 Support Enabled
DEBUG - 2021-01-05 21:14:27 --> UTF-8 Support Enabled
DEBUG - 2021-01-05 21:14:27 --> Global POST, GET and COOKIE data sanitized
DEBUG - 2021-01-05 21:14:27 --> No URI present. Default controller set.
DEBUG - 2021-01-05 21:14:27 --> Global POST, GET and COOKIE data sanitized
DEBUG - 2021-01-05 21:14:27 --> Config file loaded: C:\xampp\htdocs\2017296\WishList\application\config/rest.php
DEBUG - 2021-01-05 21:14:27 --> Total execution time: 0.1077
DEBUG - 2021-01-05 21:14:27 --> Total execution time: 0.1049
DEBUG - 2021-01-05 21:14:27 --> UTF-8 Support Enabled
DEBUG - 2021-01-05 21:14:27 --> No URI present. Default controller set.
DEBUG - 2021-01-05 21:14:27 --> Global POST, GET and COOKIE data sanitized
DEBUG - 2021-01-05 21:14:27 --> Total execution time: 0.0504
DEBUG - 2021-01-05 21:15:11 --> UTF-8 Support Enabled
DEBUG - 2021-01-05 21:15:11 --> No URI present. Default controller set.
DEBUG - 2021-01-05 21:15:11 --> Global POST, GET and COOKIE data sanitized
DEBUG - 2021-01-05 21:15:11 --> Total execution time: 0.0458
DEBUG - 2021-01-05 21:33:39 --> UTF-8 Support Enabled
DEBUG - 2021-01-05 21:33:39 --> No URI present. Default controller set.
DEBUG - 2021-01-05 21:33:39 --> Global POST, GET and COOKIE data sanitized
DEBUG - 2021-01-05 21:33:40 --> Total execution time: 0.0326
DEBUG - 2021-01-05 21:33:45 --> UTF-8 Support Enabled
DEBUG - 2021-01-05 21:33:45 --> Global POST, GET and COOKIE data sanitized
DEBUG - 2021-01-05 21:33:45 --> Config file loaded: C:\xampp\htdocs\2017296\WishList\application\config/rest.php
ERROR - 2021-01-05 21:33:45 --> Severity: Warning --> call_user_func_array() expects parameter 1 to be a valid callback, class 'WishList' does not have a method 'index_get' C:\xampp\htdocs\2017296\WishList\application\libraries\REST_Controller.php 743
DEBUG - 2021-01-05 21:33:45 --> Total execution time: 0.0607
DEBUG - 2021-01-05 21:33:51 --> UTF-8 Support Enabled
DEBUG - 2021-01-05 21:33:51 --> Global POST, GET and COOKIE data sanitized
DEBUG - 2021-01-05 21:33:51 --> Config file loaded: C:\xampp\htdocs\2017296\WishList\application\config/rest.php
ERROR - 2021-01-05 21:33:51 --> Severity: Warning --> call_user_func_array() expects parameter 1 to be a valid callback, class 'WishList' does not have a method 'index_get' C:\xampp\htdocs\2017296\WishList\application\libraries\REST_Controller.php 743
DEBUG - 2021-01-05 21:33:51 --> Total execution time: 0.0571
DEBUG - 2021-01-05 21:33:59 --> UTF-8 Support Enabled
DEBUG - 2021-01-05 21:33:59 --> Global POST, GET and COOKIE data sanitized
DEBUG - 2021-01-05 21:33:59 --> Config file loaded: C:\xampp\htdocs\2017296\WishList\application\config/rest.php
ERROR - 2021-01-05 21:33:59 --> Severity: Warning --> call_user_func_array() expects parameter 1 to be a valid callback, class 'WishList' does not have a method 'index_get' C:\xampp\htdocs\2017296\WishList\application\libraries\REST_Controller.php 743
DEBUG - 2021-01-05 21:33:59 --> Total execution time: 0.0485
DEBUG - 2021-01-05 21:34:10 --> UTF-8 Support Enabled
DEBUG - 2021-01-05 21:34:10 --> Global POST, GET and COOKIE data sanitized
DEBUG - 2021-01-05 21:34:10 --> Config file loaded: C:\xampp\htdocs\2017296\WishList\application\config/rest.php
ERROR - 2021-01-05 21:34:10 --> Severity: Warning --> call_user_func_array() expects parameter 1 to be a valid callback, class 'WishList' does not have a method 'index_get' C:\xampp\htdocs\2017296\WishList\application\libraries\REST_Controller.php 743
DEBUG - 2021-01-05 21:34:10 --> Total execution time: 0.0591
DEBUG - 2021-01-05 21:35:16 --> UTF-8 Support Enabled
DEBUG - 2021-01-05 21:35:16 --> Global POST, GET and COOKIE data sanitized
DEBUG - 2021-01-05 21:35:16 --> Config file loaded: C:\xampp\htdocs\2017296\WishList\application\config/rest.php
ERROR - 2021-01-05 21:35:16 --> Severity: Warning --> call_user_func_array() expects parameter 1 to be a valid callback, class 'User' does not have a method 'index_get' C:\xampp\htdocs\2017296\WishList\application\libraries\REST_Controller.php 743
DEBUG - 2021-01-05 21:35:16 --> Total execution time: 0.0611
DEBUG - 2021-01-05 21:35:31 --> UTF-8 Support Enabled
DEBUG - 2021-01-05 21:35:31 --> Global POST, GET and COOKIE data sanitized
DEBUG - 2021-01-05 21:35:31 --> Config file loaded: C:\xampp\htdocs\2017296\WishList\application\config/rest.php
ERROR - 2021-01-05 21:35:31 --> Severity: Warning --> call_user_func_array() expects parameter 1 to be a valid callback, class 'User' does not have a method 'index_get' C:\xampp\htdocs\2017296\WishList\application\libraries\REST_Controller.php 743
DEBUG - 2021-01-05 21:35:31 --> Total execution time: 0.0362
DEBUG - 2021-01-05 21:35:41 --> UTF-8 Support Enabled
DEBUG - 2021-01-05 21:35:41 --> Global POST, GET and COOKIE data sanitized
DEBUG - 2021-01-05 21:35:41 --> Config file loaded: C:\xampp\htdocs\2017296\WishList\application\config/rest.php
ERROR - 2021-01-05 21:35:41 --> Severity: Warning --> call_user_func_array() expects parameter 1 to be a valid callback, class 'User' does not have a method 'index_get' C:\xampp\htdocs\2017296\WishList\application\libraries\REST_Controller.php 743
DEBUG - 2021-01-05 21:35:41 --> Total execution time: 0.0447
DEBUG - 2021-01-05 21:35:54 --> UTF-8 Support Enabled
DEBUG - 2021-01-05 21:35:54 --> Global POST, GET and COOKIE data sanitized
DEBUG - 2021-01-05 21:35:54 --> Config file loaded: C:\xampp\htdocs\2017296\WishList\application\config/rest.php
ERROR - 2021-01-05 21:35:54 --> Severity: Warning --> call_user_func_array() expects parameter 1 to be a valid callback, class 'User' does not have a method 'index_get' C:\xampp\htdocs\2017296\WishList\application\libraries\REST_Controller.php 743
DEBUG - 2021-01-05 21:35:54 --> Total execution time: 0.0516
DEBUG - 2021-01-05 21:36:01 --> UTF-8 Support Enabled
DEBUG - 2021-01-05 21:36:01 --> Global POST, GET and COOKIE data sanitized
DEBUG - 2021-01-05 21:36:01 --> Config file loaded: C:\xampp\htdocs\2017296\WishList\application\config/rest.php
ERROR - 2021-01-05 21:36:01 --> Severity: Warning --> call_user_func_array() expects parameter 1 to be a valid callback, class 'User' does not have a method 'index_get' C:\xampp\htdocs\2017296\WishList\application\libraries\REST_Controller.php 743
DEBUG - 2021-01-05 21:36:01 --> Total execution time: 0.0383
DEBUG - 2021-01-05 21:36:42 --> UTF-8 Support Enabled
DEBUG - 2021-01-05 21:36:42 --> Global POST, GET and COOKIE data sanitized
DEBUG - 2021-01-05 21:36:42 --> Config file loaded: C:\xampp\htdocs\2017296\WishList\application\config/rest.php
DEBUG - 2021-01-05 21:36:42 --> Total execution time: 0.0666
DEBUG - 2021-01-05 21:36:46 --> UTF-8 Support Enabled
DEBUG - 2021-01-05 21:36:46 --> Global POST, GET and COOKIE data sanitized
DEBUG - 2021-01-05 21:36:47 --> Config file loaded: C:\xampp\htdocs\2017296\WishList\application\config/rest.php
DEBUG - 2021-01-05 21:36:47 --> Total execution time: 0.0546
DEBUG - 2021-01-05 21:37:08 --> UTF-8 Support Enabled
DEBUG - 2021-01-05 21:37:08 --> Global POST, GET and COOKIE data sanitized
DEBUG - 2021-01-05 21:37:08 --> Config file loaded: C:\xampp\htdocs\2017296\WishList\application\config/rest.php
ERROR - 2021-01-05 21:37:08 --> Severity: Warning --> call_user_func_array() expects parameter 1 to be a valid callback, class 'Example' does not have a method 'index_get' C:\xampp\htdocs\2017296\WishList\application\libraries\REST_Controller.php 743
DEBUG - 2021-01-05 21:37:08 --> Total execution time: 0.0518
DEBUG - 2021-01-05 21:37:11 --> UTF-8 Support Enabled
DEBUG - 2021-01-05 21:37:11 --> Global POST, GET and COOKIE data sanitized
DEBUG - 2021-01-05 21:37:11 --> Config file loaded: C:\xampp\htdocs\2017296\WishList\application\config/rest.php
DEBUG - 2021-01-05 21:37:11 --> Total execution time: 0.0614
DEBUG - 2021-01-05 21:37:15 --> UTF-8 Support Enabled
DEBUG - 2021-01-05 21:37:15 --> Global POST, GET and COOKIE data sanitized
DEBUG - 2021-01-05 21:37:15 --> Config file loaded: C:\xampp\htdocs\2017296\WishList\application\config/rest.php
DEBUG - 2021-01-05 21:37:15 --> Total execution time: 0.0495
DEBUG - 2021-01-05 21:37:52 --> UTF-8 Support Enabled
DEBUG - 2021-01-05 21:37:52 --> Global POST, GET and COOKIE data sanitized
DEBUG - 2021-01-05 21:37:52 --> Config file loaded: C:\xampp\htdocs\2017296\WishList\application\config/rest.php
ERROR - 2021-01-05 21:37:52 --> Severity: Warning --> call_user_func_array() expects parameter 1 to be a valid callback, class 'User' does not have a method 'index_get' C:\xampp\htdocs\2017296\WishList\application\libraries\REST_Controller.php 743
DEBUG - 2021-01-05 21:37:52 --> Total execution time: 0.0427
DEBUG - 2021-01-05 21:38:03 --> UTF-8 Support Enabled
DEBUG - 2021-01-05 21:38:03 --> Global POST, GET and COOKIE data sanitized
DEBUG - 2021-01-05 21:38:03 --> Config file loaded: C:\xampp\htdocs\2017296\WishList\application\config/rest.php
DEBUG - 2021-01-05 21:38:03 --> Total execution time: 0.0528
DEBUG - 2021-01-05 21:38:31 --> UTF-8 Support Enabled
DEBUG - 2021-01-05 21:38:31 --> Global POST, GET and COOKIE data sanitized
DEBUG - 2021-01-05 21:38:31 --> Config file loaded: C:\xampp\htdocs\2017296\WishList\application\config/rest.php
DEBUG - 2021-01-05 21:38:31 --> Total execution time: 0.0563
DEBUG - 2021-01-05 21:39:13 --> UTF-8 Support Enabled
DEBUG - 2021-01-05 21:39:13 --> Global POST, GET and COOKIE data sanitized
DEBUG - 2021-01-05 21:39:13 --> Config file loaded: C:\xampp\htdocs\2017296\WishList\application\config/rest.php
DEBUG - 2021-01-05 21:39:13 --> Total execution time: 0.0624
DEBUG - 2021-01-05 21:39:17 --> UTF-8 Support Enabled
DEBUG - 2021-01-05 21:39:17 --> Global POST, GET and COOKIE data sanitized
DEBUG - 2021-01-05 21:39:17 --> Config file loaded: C:\xampp\htdocs\2017296\WishList\application\config/rest.php
DEBUG - 2021-01-05 21:39:17 --> Total execution time: 0.0573
DEBUG - 2021-01-05 21:39:22 --> UTF-8 Support Enabled
DEBUG - 2021-01-05 21:39:22 --> Global POST, GET and COOKIE data sanitized
DEBUG - 2021-01-05 21:39:22 --> Config file loaded: C:\xampp\htdocs\2017296\WishList\application\config/rest.php
DEBUG - 2021-01-05 21:39:22 --> Total execution time: 0.0543
DEBUG - 2021-01-05 21:39:44 --> UTF-8 Support Enabled
DEBUG - 2021-01-05 21:39:44 --> Global POST, GET and COOKIE data sanitized
DEBUG - 2021-01-05 21:39:44 --> Config file loaded: C:\xampp\htdocs\2017296\WishList\application\config/rest.php
DEBUG - 2021-01-05 21:39:44 --> Total execution time: 0.0624
DEBUG - 2021-01-05 21:40:59 --> UTF-8 Support Enabled
DEBUG - 2021-01-05 21:40:59 --> Global POST, GET and COOKIE data sanitized
DEBUG - 2021-01-05 21:40:59 --> Config file loaded: C:\xampp\htdocs\2017296\WishList\application\config/rest.php
DEBUG - 2021-01-05 21:40:59 --> Total execution time: 0.0452
DEBUG - 2021-01-05 21:41:05 --> UTF-8 Support Enabled
DEBUG - 2021-01-05 21:41:05 --> Global POST, GET and COOKIE data sanitized
DEBUG - 2021-01-05 21:41:05 --> Config file loaded: C:\xampp\htdocs\2017296\WishList\application\config/rest.php
DEBUG - 2021-01-05 21:41:05 --> Total execution time: 0.0593
DEBUG - 2021-01-05 21:41:52 --> UTF-8 Support Enabled
DEBUG - 2021-01-05 21:41:52 --> Global POST, GET and COOKIE data sanitized
DEBUG - 2021-01-05 21:41:52 --> Config file loaded: C:\xampp\htdocs\2017296\WishList\application\config/rest.php
DEBUG - 2021-01-05 21:41:52 --> Total execution time: 0.0684
DEBUG - 2021-01-05 21:42:18 --> UTF-8 Support Enabled
DEBUG - 2021-01-05 21:42:18 --> Global POST, GET and COOKIE data sanitized
DEBUG - 2021-01-05 21:42:18 --> Config file loaded: C:\xampp\htdocs\2017296\WishList\application\config/rest.php
DEBUG - 2021-01-05 21:42:18 --> Total execution time: 0.0549
DEBUG - 2021-01-05 21:42:28 --> UTF-8 Support Enabled
DEBUG - 2021-01-05 21:42:28 --> Global POST, GET and COOKIE data sanitized
DEBUG - 2021-01-05 21:42:28 --> Config file loaded: C:\xampp\htdocs\2017296\WishList\application\config/rest.php
DEBUG - 2021-01-05 21:42:28 --> Total execution time: 0.0499
DEBUG - 2021-01-05 21:46:33 --> UTF-8 Support Enabled
DEBUG - 2021-01-05 21:46:33 --> Global POST, GET and COOKIE data sanitized
ERROR - 2021-01-05 21:46:33 --> 404 Page Not Found: api/Emaple/users
DEBUG - 2021-01-05 21:46:48 --> UTF-8 Support Enabled
DEBUG - 2021-01-05 21:46:48 --> Global POST, GET and COOKIE data sanitized
ERROR - 2021-01-05 21:46:48 --> 404 Page Not Found: api/Emaple/users
DEBUG - 2021-01-05 21:46:58 --> UTF-8 Support Enabled
DEBUG - 2021-01-05 21:46:58 --> Global POST, GET and COOKIE data sanitized
DEBUG - 2021-01-05 21:46:58 --> Config file loaded: C:\xampp\htdocs\2017296\WishList\application\config/rest.php
DEBUG - 2021-01-05 21:46:58 --> Total execution time: 0.0600
DEBUG - 2021-01-05 22:16:26 --> UTF-8 Support Enabled
DEBUG - 2021-01-05 22:16:26 --> Global POST, GET and COOKIE data sanitized
DEBUG - 2021-01-05 22:16:26 --> Config file loaded: C:\xampp\htdocs\2017296\WishList\application\config/rest.php
DEBUG - 2021-01-05 22:16:26 --> Total execution time: 0.0393
DEBUG - 2021-01-05 22:16:31 --> UTF-8 Support Enabled
DEBUG - 2021-01-05 22:16:31 --> Global POST, GET and COOKIE data sanitized
DEBUG - 2021-01-05 22:16:31 --> Config file loaded: C:\xampp\htdocs\2017296\WishList\application\config/rest.php
DEBUG - 2021-01-05 22:16:31 --> Total execution time: 0.0452
DEBUG - 2021-01-05 22:16:37 --> UTF-8 Support Enabled
DEBUG - 2021-01-05 22:16:37 --> Global POST, GET and COOKIE data sanitized
DEBUG - 2021-01-05 22:16:37 --> Config file loaded: C:\xampp\htdocs\2017296\WishList\application\config/rest.php
DEBUG - 2021-01-05 22:16:37 --> Total execution time: 0.0472
DEBUG - 2021-01-05 22:16:41 --> UTF-8 Support Enabled
DEBUG - 2021-01-05 22:16:41 --> Global POST, GET and COOKIE data sanitized
DEBUG - 2021-01-05 22:16:41 --> Config file loaded: C:\xampp\htdocs\2017296\WishList\application\config/rest.php
DEBUG - 2021-01-05 22:16:41 --> Total execution time: 0.0515
DEBUG - 2021-01-05 22:16:45 --> UTF-8 Support Enabled
DEBUG - 2021-01-05 22:16:45 --> Global POST, GET and COOKIE data sanitized
DEBUG - 2021-01-05 22:16:45 --> Config file loaded: C:\xampp\htdocs\2017296\WishList\application\config/rest.php
DEBUG - 2021-01-05 22:16:45 --> Total execution time: 0.0465
DEBUG - 2021-01-05 22:17:27 --> UTF-8 Support Enabled
DEBUG - 2021-01-05 22:17:27 --> Global POST, GET and COOKIE data sanitized
DEBUG - 2021-01-05 22:17:27 --> Config file loaded: C:\xampp\htdocs\2017296\WishList\application\config/rest.php
DEBUG - 2021-01-05 22:17:27 --> Total execution time: 0.0364
DEBUG - 2021-01-05 22:17:56 --> UTF-8 Support Enabled
DEBUG - 2021-01-05 22:17:56 --> Global POST, GET and COOKIE data sanitized
DEBUG - 2021-01-05 22:17:56 --> Config file loaded: C:\xampp\htdocs\2017296\WishList\application\config/rest.php
DEBUG - 2021-01-05 22:17:56 --> Total execution time: 0.0375
DEBUG - 2021-01-05 22:18:12 --> UTF-8 Support Enabled
DEBUG - 2021-01-05 22:18:12 --> Global POST, GET and COOKIE data sanitized
DEBUG - 2021-01-05 22:18:12 --> Config file loaded: C:\xampp\htdocs\2017296\WishList\application\config/rest.php
DEBUG - 2021-01-05 22:18:12 --> Total execution time: 0.0588
DEBUG - 2021-01-05 22:18:23 --> UTF-8 Support Enabled
DEBUG - 2021-01-05 22:18:23 --> Global POST, GET and COOKIE data sanitized
DEBUG - 2021-01-05 22:18:23 --> Config file loaded: C:\xampp\htdocs\2017296\WishList\application\config/rest.php
DEBUG - 2021-01-05 22:18:23 --> Total execution time: 0.0389
DEBUG - 2021-01-05 22:19:30 --> UTF-8 Support Enabled
DEBUG - 2021-01-05 22:19:30 --> Global POST, GET and COOKIE data sanitized
DEBUG - 2021-01-05 22:19:30 --> Config file loaded: C:\xampp\htdocs\2017296\WishList\application\config/rest.php
DEBUG - 2021-01-05 22:19:30 --> Total execution time: 0.0591
DEBUG - 2021-01-05 22:19:36 --> UTF-8 Support Enabled
DEBUG - 2021-01-05 22:19:36 --> Global POST, GET and COOKIE data sanitized
DEBUG - 2021-01-05 22:19:36 --> Config file loaded: C:\xampp\htdocs\2017296\WishList\application\config/rest.php
DEBUG - 2021-01-05 22:19:36 --> Total execution time: 0.0603
DEBUG - 2021-01-05 22:19:45 --> UTF-8 Support Enabled
DEBUG - 2021-01-05 22:19:45 --> Global POST, GET and COOKIE data sanitized
DEBUG - 2021-01-05 22:19:45 --> Config file loaded: C:\xampp\htdocs\2017296\WishList\application\config/rest.php
DEBUG - 2021-01-05 22:19:45 --> Total execution time: 0.0463
DEBUG - 2021-01-05 22:20:13 --> UTF-8 Support Enabled
DEBUG - 2021-01-05 22:20:13 --> Global POST, GET and COOKIE data sanitized
DEBUG - 2021-01-05 22:20:13 --> Config file loaded: C:\xampp\htdocs\2017296\WishList\application\config/rest.php
DEBUG - 2021-01-05 22:20:13 --> Total execution time: 0.0490
DEBUG - 2021-01-05 22:20:14 --> UTF-8 Support Enabled
DEBUG - 2021-01-05 22:20:14 --> Global POST, GET and COOKIE data sanitized
DEBUG - 2021-01-05 22:20:14 --> Config file loaded: C:\xampp\htdocs\2017296\WishList\application\config/rest.php
DEBUG - 2021-01-05 22:20:14 --> Total execution time: 0.0578
DEBUG - 2021-01-05 22:20:21 --> UTF-8 Support Enabled
DEBUG - 2021-01-05 22:20:21 --> Global POST, GET and COOKIE data sanitized
DEBUG - 2021-01-05 22:20:21 --> Config file loaded: C:\xampp\htdocs\2017296\WishList\application\config/rest.php
DEBUG - 2021-01-05 22:20:21 --> Total execution time: 0.0630
DEBUG - 2021-01-05 22:20:30 --> UTF-8 Support Enabled
DEBUG - 2021-01-05 22:20:31 --> Global POST, GET and COOKIE data sanitized
DEBUG - 2021-01-05 22:20:31 --> Config file loaded: C:\xampp\htdocs\2017296\WishList\application\config/rest.php
DEBUG - 2021-01-05 22:20:31 --> Total execution time: 0.0363
DEBUG - 2021-01-05 22:21:35 --> UTF-8 Support Enabled
DEBUG - 2021-01-05 22:21:35 --> Global POST, GET and COOKIE data sanitized
DEBUG - 2021-01-05 22:21:35 --> Config file loaded: C:\xampp\htdocs\2017296\WishList\application\config/rest.php
DEBUG - 2021-01-05 22:21:35 --> Total execution time: 0.0585
DEBUG - 2021-01-05 22:22:11 --> UTF-8 Support Enabled
DEBUG - 2021-01-05 22:22:11 --> Global POST, GET and COOKIE data sanitized
DEBUG - 2021-01-05 22:22:11 --> Config file loaded: C:\xampp\htdocs\2017296\WishList\application\config/rest.php
ERROR - 2021-01-05 22:22:11 --> Severity: Warning --> call_user_func_array() expects parameter 1 to be a valid callback, class 'Users' does not have a method 'index_get' C:\xampp\htdocs\2017296\WishList\application\libraries\REST_Controller.php 743
DEBUG - 2021-01-05 22:22:11 --> Total execution time: 0.0438
DEBUG - 2021-01-05 22:22:22 --> UTF-8 Support Enabled
DEBUG - 2021-01-05 22:22:22 --> Global POST, GET and COOKIE data sanitized
DEBUG - 2021-01-05 22:22:22 --> Config file loaded: C:\xampp\htdocs\2017296\WishList\application\config/rest.php
DEBUG - 2021-01-05 22:22:22 --> Total execution time: 0.0523
DEBUG - 2021-01-05 22:23:39 --> UTF-8 Support Enabled
DEBUG - 2021-01-05 22:23:39 --> Global POST, GET and COOKIE data sanitized
DEBUG - 2021-01-05 22:23:39 --> Config file loaded: C:\xampp\htdocs\2017296\WishList\application\config/rest.php
DEBUG - 2021-01-05 22:23:39 --> Total execution time: 0.0381
DEBUG - 2021-01-05 22:23:57 --> UTF-8 Support Enabled
DEBUG - 2021-01-05 22:23:57 --> Global POST, GET and COOKIE data sanitized
DEBUG - 2021-01-05 22:23:57 --> Config file loaded: C:\xampp\htdocs\2017296\WishList\application\config/rest.php
DEBUG - 2021-01-05 22:23:57 --> Total execution time: 0.0499
DEBUG - 2021-01-05 22:24:59 --> UTF-8 Support Enabled
DEBUG - 2021-01-05 22:24:59 --> Global POST, GET and COOKIE data sanitized
DEBUG - 2021-01-05 22:24:59 --> Config file loaded: C:\xampp\htdocs\2017296\WishList\application\config/rest.php
ERROR - 2021-01-05 22:24:59 --> Severity: Warning --> call_user_func_array() expects parameter 1 to be a valid callback, class 'Users' does not have a method 'index_get' C:\xampp\htdocs\2017296\WishList\application\libraries\REST_Controller.php 743
DEBUG - 2021-01-05 22:24:59 --> Total execution time: 0.0668
DEBUG - 2021-01-05 22:25:04 --> UTF-8 Support Enabled
DEBUG - 2021-01-05 22:25:04 --> Global POST, GET and COOKIE data sanitized
DEBUG - 2021-01-05 22:25:04 --> Config file loaded: C:\xampp\htdocs\2017296\WishList\application\config/rest.php
DEBUG - 2021-01-05 22:25:04 --> Total execution time: 0.0604
DEBUG - 2021-01-05 22:25:24 --> UTF-8 Support Enabled
DEBUG - 2021-01-05 22:25:24 --> Global POST, GET and COOKIE data sanitized
DEBUG - 2021-01-05 22:25:24 --> Config file loaded: C:\xampp\htdocs\2017296\WishList\application\config/rest.php
DEBUG - 2021-01-05 22:25:24 --> Total execution time: 0.0376
DEBUG - 2021-01-05 22:26:05 --> UTF-8 Support Enabled
DEBUG - 2021-01-05 22:26:05 --> Global POST, GET and COOKIE data sanitized
DEBUG - 2021-01-05 22:26:05 --> Config file loaded: C:\xampp\htdocs\2017296\WishList\application\config/rest.php
ERROR - 2021-01-05 22:26:05 --> Severity: Warning --> call_user_func_array() expects parameter 1 to be a valid callback, class 'Users' does not have a method 'index_get' C:\xampp\htdocs\2017296\WishList\application\libraries\REST_Controller.php 743
DEBUG - 2021-01-05 22:26:05 --> Total execution time: 0.0487
DEBUG - 2021-01-05 22:26:08 --> UTF-8 Support Enabled
DEBUG - 2021-01-05 22:26:08 --> Global POST, GET and COOKIE data sanitized
DEBUG - 2021-01-05 22:26:09 --> Config file loaded: C:\xampp\htdocs\2017296\WishList\application\config/rest.php
ERROR - 2021-01-05 22:26:09 --> Severity: Warning --> call_user_func_array() expects parameter 1 to be a valid callback, class 'Users' does not have a method 'index_get' C:\xampp\htdocs\2017296\WishList\application\libraries\REST_Controller.php 743
DEBUG - 2021-01-05 22:26:09 --> Total execution time: 0.0567
DEBUG - 2021-01-05 22:26:22 --> UTF-8 Support Enabled
DEBUG - 2021-01-05 22:26:22 --> Global POST, GET and COOKIE data sanitized
DEBUG - 2021-01-05 22:26:22 --> Config file loaded: C:\xampp\htdocs\2017296\WishList\application\config/rest.php
ERROR - 2021-01-05 22:26:22 --> Severity: Warning --> call_user_func_array() expects parameter 1 to be a valid callback, class 'Users' does not have a method 'index_get' C:\xampp\htdocs\2017296\WishList\application\libraries\REST_Controller.php 743
DEBUG - 2021-01-05 22:26:22 --> Total execution time: 0.0416
DEBUG - 2021-01-05 22:29:17 --> UTF-8 Support Enabled
DEBUG - 2021-01-05 22:29:17 --> Global POST, GET and COOKIE data sanitized
DEBUG - 2021-01-05 22:29:17 --> Config file loaded: C:\xampp\htdocs\2017296\WishList\application\config/rest.php
ERROR - 2021-01-05 22:29:17 --> Severity: Warning --> call_user_func_array() expects parameter 1 to be a valid callback, class 'Users' does not have a method 'index_get' C:\xampp\htdocs\2017296\WishList\application\libraries\REST_Controller.php 743
DEBUG - 2021-01-05 22:29:17 --> Total execution time: 0.0571
DEBUG - 2021-01-05 22:30:24 --> UTF-8 Support Enabled
DEBUG - 2021-01-05 22:30:24 --> Global POST, GET and COOKIE data sanitized
ERROR - 2021-01-05 22:30:24 --> 404 Page Not Found: api/Emaple/users
DEBUG - 2021-01-05 22:30:41 --> UTF-8 Support Enabled
DEBUG - 2021-01-05 22:30:41 --> Global POST, GET and COOKIE data sanitized
DEBUG - 2021-01-05 22:30:41 --> Config file loaded: C:\xampp\htdocs\2017296\WishList\application\config/rest.php
DEBUG - 2021-01-05 22:30:41 --> Total execution time: 0.0435
DEBUG - 2021-01-05 22:30:49 --> UTF-8 Support Enabled
DEBUG - 2021-01-05 22:30:49 --> Global POST, GET and COOKIE data sanitized
DEBUG - 2021-01-05 22:30:49 --> Config file loaded: C:\xampp\htdocs\2017296\WishList\application\config/rest.php
DEBUG - 2021-01-05 22:30:49 --> Total execution time: 0.0789
DEBUG - 2021-01-05 22:35:28 --> UTF-8 Support Enabled
DEBUG - 2021-01-05 22:35:28 --> No URI present. Default controller set.
DEBUG - 2021-01-05 22:35:28 --> Global POST, GET and COOKIE data sanitized
DEBUG - 2021-01-05 22:35:28 --> UTF-8 Support Enabled
DEBUG - 2021-01-05 22:35:28 --> Global POST, GET and COOKIE data sanitized
ERROR - 2021-01-05 22:35:28 --> Severity: Notice --> Undefined property: Login::$AuthenticationModel C:\xampp\htdocs\2017296\WishList\application\controllers\Login.php 9
ERROR - 2021-01-05 22:35:28 --> Severity: error --> Exception: Call to a member function isLoggedIn() on null C:\xampp\htdocs\2017296\WishList\application\controllers\Login.php 9
DEBUG - 2021-01-05 22:35:32 --> UTF-8 Support Enabled
DEBUG - 2021-01-05 22:35:32 --> Global POST, GET and COOKIE data sanitized
ERROR - 2021-01-05 22:35:32 --> Severity: Notice --> Undefined property: Login::$AuthenticationModel C:\xampp\htdocs\2017296\WishList\application\controllers\Login.php 9
ERROR - 2021-01-05 22:35:32 --> Severity: error --> Exception: Call to a member function isLoggedIn() on null C:\xampp\htdocs\2017296\WishList\application\controllers\Login.php 9
DEBUG - 2021-01-05 22:35:34 --> UTF-8 Support Enabled
DEBUG - 2021-01-05 22:35:34 --> Global POST, GET and COOKIE data sanitized
ERROR - 2021-01-05 22:35:34 --> Severity: Notice --> Undefined property: Login::$AuthenticationModel C:\xampp\htdocs\2017296\WishList\application\controllers\Login.php 9
ERROR - 2021-01-05 22:35:34 --> Severity: error --> Exception: Call to a member function isLoggedIn() on null C:\xampp\htdocs\2017296\WishList\application\controllers\Login.php 9
DEBUG - 2021-01-05 22:36:09 --> UTF-8 Support Enabled
DEBUG - 2021-01-05 22:36:09 --> Global POST, GET and COOKIE data sanitized
ERROR - 2021-01-05 22:36:09 --> Severity: Notice --> Undefined property: Login::$AuthenticationModel C:\xampp\htdocs\2017296\WishList\application\controllers\Login.php 9
ERROR - 2021-01-05 22:36:09 --> Severity: error --> Exception: Call to a member function isLoggedIn() on null C:\xampp\htdocs\2017296\WishList\application\controllers\Login.php 9
DEBUG - 2021-01-05 22:36:41 --> UTF-8 Support Enabled
DEBUG - 2021-01-05 22:36:41 --> Global POST, GET and COOKIE data sanitized
ERROR - 2021-01-05 22:36:41 --> Severity: Notice --> Undefined property: Login::$AuthenticationModel C:\xampp\htdocs\2017296\WishList\application\controllers\Login.php 9
ERROR - 2021-01-05 22:36:41 --> Severity: error --> Exception: Call to a member function isLoggedIn() on null C:\xampp\htdocs\2017296\WishList\application\controllers\Login.php 9
DEBUG - 2021-01-05 22:38:11 --> UTF-8 Support Enabled
DEBUG - 2021-01-05 22:38:11 --> Global POST, GET and COOKIE data sanitized
DEBUG - 2021-01-05 22:38:11 --> Total execution time: 0.0436
DEBUG - 2021-01-05 22:38:26 --> UTF-8 Support Enabled
DEBUG - 2021-01-05 22:38:26 --> Global POST, GET and COOKIE data sanitized
DEBUG - 2021-01-05 22:38:26 --> Config file loaded: C:\xampp\htdocs\2017296\WishList\application\config/rest.php
DEBUG - 2021-01-05 22:38:26 --> Total execution time: 0.0658
DEBUG - 2021-01-05 22:40:18 --> UTF-8 Support Enabled
DEBUG - 2021-01-05 22:40:18 --> Global POST, GET and COOKIE data sanitized
DEBUG - 2021-01-05 22:40:18 --> Config file loaded: C:\xampp\htdocs\2017296\WishList\application\config/rest.php
DEBUG - 2021-01-05 22:40:18 --> Total execution time: 0.0682
DEBUG - 2021-01-05 22:40:45 --> UTF-8 Support Enabled
DEBUG - 2021-01-05 22:40:45 --> Global POST, GET and COOKIE data sanitized
DEBUG - 2021-01-05 22:40:45 --> Config file loaded: C:\xampp\htdocs\2017296\WishList\application\config/rest.php
DEBUG - 2021-01-05 22:40:45 --> Total execution time: 0.0398
DEBUG - 2021-01-05 22:42:07 --> UTF-8 Support Enabled
DEBUG - 2021-01-05 22:42:07 --> Global POST, GET and COOKIE data sanitized
DEBUG - 2021-01-05 22:42:07 --> Config file loaded: C:\xampp\htdocs\2017296\WishList\application\config/rest.php
DEBUG - 2021-01-05 22:42:07 --> Total execution time: 0.0419
DEBUG - 2021-01-05 22:43:34 --> UTF-8 Support Enabled
DEBUG - 2021-01-05 22:43:34 --> Global POST, GET and COOKIE data sanitized
DEBUG - 2021-01-05 22:43:34 --> Config file loaded: C:\xampp\htdocs\2017296\WishList\application\config/rest.php
DEBUG - 2021-01-05 22:43:34 --> Total execution time: 0.0434
DEBUG - 2021-01-05 22:43:35 --> UTF-8 Support Enabled
DEBUG - 2021-01-05 22:43:35 --> Global POST, GET and COOKIE data sanitized
DEBUG - 2021-01-05 22:43:35 --> Config file loaded: C:\xampp\htdocs\2017296\WishList\application\config/rest.php
DEBUG - 2021-01-05 22:43:35 --> Total execution time: 0.0481
DEBUG - 2021-01-05 22:45:49 --> UTF-8 Support Enabled
DEBUG - 2021-01-05 22:45:49 --> Global POST, GET and COOKIE data sanitized
DEBUG - 2021-01-05 22:45:49 --> Config file loaded: C:\xampp\htdocs\2017296\WishList\application\config/rest.php
DEBUG - 2021-01-05 22:45:49 --> Total execution time: 0.0715
DEBUG - 2021-01-05 22:46:09 --> UTF-8 Support Enabled
DEBUG - 2021-01-05 22:46:09 --> Global POST, GET and COOKIE data sanitized
DEBUG - 2021-01-05 22:46:09 --> Config file loaded: C:\xampp\htdocs\2017296\WishList\application\config/rest.php
DEBUG - 2021-01-05 22:46:10 --> Total execution time: 0.0641
DEBUG - 2021-01-05 22:46:59 --> UTF-8 Support Enabled
DEBUG - 2021-01-05 22:46:59 --> Global POST, GET and COOKIE data sanitized
DEBUG - 2021-01-05 22:46:59 --> Config file loaded: C:\xampp\htdocs\2017296\WishList\application\config/rest.php
DEBUG - 2021-01-05 22:46:59 --> Total execution time: 0.0501
DEBUG - 2021-01-05 22:48:26 --> UTF-8 Support Enabled
DEBUG - 2021-01-05 22:48:26 --> Global POST, GET and COOKIE data sanitized
DEBUG - 2021-01-05 22:48:26 --> Config file loaded: C:\xampp\htdocs\2017296\WishList\application\config/rest.php
DEBUG - 2021-01-05 22:48:26 --> Total execution time: 0.0573
DEBUG - 2021-01-05 22:48:29 --> UTF-8 Support Enabled
DEBUG - 2021-01-05 22:48:29 --> Global POST, GET and COOKIE data sanitized
DEBUG - 2021-01-05 22:48:29 --> Config file loaded: C:\xampp\htdocs\2017296\WishList\application\config/rest.php
DEBUG - 2021-01-05 22:48:29 --> Total execution time: 0.0435
DEBUG - 2021-01-05 22:48:42 --> UTF-8 Support Enabled
DEBUG - 2021-01-05 22:48:42 --> Global POST, GET and COOKIE data sanitized
DEBUG - 2021-01-05 22:48:42 --> Config file loaded: C:\xampp\htdocs\2017296\WishList\application\config/rest.php
DEBUG - 2021-01-05 22:48:42 --> Total execution time: 0.0700
DEBUG - 2021-01-05 22:49:04 --> UTF-8 Support Enabled
DEBUG - 2021-01-05 22:49:04 --> Global POST, GET and COOKIE data sanitized
DEBUG - 2021-01-05 22:49:04 --> Config file loaded: C:\xampp\htdocs\2017296\WishList\application\config/rest.php
DEBUG - 2021-01-05 22:49:04 --> Total execution time: 0.0675
DEBUG - 2021-01-05 22:49:08 --> UTF-8 Support Enabled
DEBUG - 2021-01-05 22:49:08 --> Global POST, GET and COOKIE data sanitized
DEBUG - 2021-01-05 22:49:08 --> Config file loaded: C:\xampp\htdocs\2017296\WishList\application\config/rest.php
DEBUG - 2021-01-05 22:49:08 --> Total execution time: 0.0586
DEBUG - 2021-01-05 22:56:23 --> UTF-8 Support Enabled
DEBUG - 2021-01-05 22:56:23 --> Global POST, GET and COOKIE data sanitized
DEBUG - 2021-01-05 22:56:23 --> Config file loaded: C:\xampp\htdocs\2017296\WishList\application\config/rest.php
ERROR - 2021-01-05 22:56:23 --> Severity: Warning --> call_user_func_array() expects parameter 1 to be a valid callback, class 'Sample' does not have a method 'index_get' C:\xampp\htdocs\2017296\WishList\application\libraries\REST_Controller.php 743
DEBUG - 2021-01-05 22:56:23 --> Total execution time: 0.0465
DEBUG - 2021-01-05 22:56:27 --> UTF-8 Support Enabled
DEBUG - 2021-01-05 22:56:27 --> Global POST, GET and COOKIE data sanitized
DEBUG - 2021-01-05 22:56:27 --> Config file loaded: C:\xampp\htdocs\2017296\WishList\application\config/rest.php
DEBUG - 2021-01-05 22:56:27 --> Total execution time: 0.0439
DEBUG - 2021-01-05 22:56:38 --> UTF-8 Support Enabled
DEBUG - 2021-01-05 22:56:38 --> Global POST, GET and COOKIE data sanitized
DEBUG - 2021-01-05 22:56:38 --> Config file loaded: C:\xampp\htdocs\2017296\WishList\application\config/rest.php
DEBUG - 2021-01-05 22:56:38 --> Total execution time: 0.0503
DEBUG - 2021-01-05 22:56:47 --> UTF-8 Support Enabled
DEBUG - 2021-01-05 22:56:47 --> Global POST, GET and COOKIE data sanitized
DEBUG - 2021-01-05 22:56:47 --> Config file loaded: C:\xampp\htdocs\2017296\WishList\application\config/rest.php
DEBUG - 2021-01-05 22:56:47 --> Total execution time: 0.0408
DEBUG - 2021-01-05 22:57:39 --> UTF-8 Support Enabled
DEBUG - 2021-01-05 22:57:39 --> Global POST, GET and COOKIE data sanitized
DEBUG - 2021-01-05 22:57:39 --> Config file loaded: C:\xampp\htdocs\2017296\WishList\application\config/rest.php
DEBUG - 2021-01-05 22:57:39 --> Total execution time: 0.0648
DEBUG - 2021-01-05 22:59:51 --> UTF-8 Support Enabled
DEBUG - 2021-01-05 22:59:51 --> Global POST, GET and COOKIE data sanitized
DEBUG - 2021-01-05 22:59:51 --> Config file loaded: C:\xampp\htdocs\2017296\WishList\application\config/rest.php
DEBUG - 2021-01-05 22:59:51 --> Total execution time: 0.0507
DEBUG - 2021-01-05 23:00:05 --> UTF-8 Support Enabled
DEBUG - 2021-01-05 23:00:05 --> Global POST, GET and COOKIE data sanitized
DEBUG - 2021-01-05 23:00:05 --> Config file loaded: C:\xampp\htdocs\2017296\WishList\application\config/rest.php
DEBUG - 2021-01-05 23:00:05 --> Total execution time: 0.0598
DEBUG - 2021-01-05 23:00:09 --> UTF-8 Support Enabled
DEBUG - 2021-01-05 23:00:09 --> Global POST, GET and COOKIE data sanitized
DEBUG - 2021-01-05 23:00:09 --> Config file loaded: C:\xampp\htdocs\2017296\WishList\application\config/rest.php
DEBUG - 2021-01-05 23:00:09 --> Total execution time: 0.0581
DEBUG - 2021-01-05 23:00:18 --> UTF-8 Support Enabled
DEBUG - 2021-01-05 23:00:18 --> Global POST, GET and COOKIE data sanitized
DEBUG - 2021-01-05 23:00:18 --> Config file loaded: C:\xampp\htdocs\2017296\WishList\application\config/rest.php
DEBUG - 2021-01-05 23:00:18 --> Total execution time: 0.0517
DEBUG - 2021-01-05 23:00:24 --> UTF-8 Support Enabled
DEBUG - 2021-01-05 23:00:24 --> Global POST, GET and COOKIE data sanitized
DEBUG - 2021-01-05 23:00:24 --> Config file loaded: C:\xampp\htdocs\2017296\WishList\application\config/rest.php
DEBUG - 2021-01-05 23:00:24 --> Total execution time: 0.0582
DEBUG - 2021-01-05 23:00:58 --> UTF-8 Support Enabled
DEBUG - 2021-01-05 23:00:58 --> Global POST, GET and COOKIE data sanitized
DEBUG - 2021-01-05 23:00:58 --> Config file loaded: C:\xampp\htdocs\2017296\WishList\application\config/rest.php
DEBUG - 2021-01-05 23:00:58 --> Total execution time: 0.0364
DEBUG - 2021-01-05 23:11:53 --> UTF-8 Support Enabled
DEBUG - 2021-01-05 23:11:53 --> Global POST, GET and COOKIE data sanitized
DEBUG - 2021-01-05 23:11:53 --> Config file loaded: C:\xampp\htdocs\2017296\WishList\application\config/rest.php
ERROR - 2021-01-05 23:11:53 --> Severity: Warning --> call_user_func_array() expects parameter 1 to be a valid callback, class 'Users' does not have a method 'index_get' C:\xampp\htdocs\2017296\WishList\application\libraries\REST_Controller.php 743
DEBUG - 2021-01-05 23:11:53 --> Total execution time: 0.0520
DEBUG - 2021-01-05 23:12:18 --> UTF-8 Support Enabled
DEBUG - 2021-01-05 23:12:18 --> Global POST, GET and COOKIE data sanitized
DEBUG - 2021-01-05 23:12:18 --> Config file loaded: C:\xampp\htdocs\2017296\WishList\application\config/rest.php
DEBUG - 2021-01-05 23:12:18 --> Total execution time: 0.0437
DEBUG - 2021-01-05 23:14:02 --> UTF-8 Support Enabled
DEBUG - 2021-01-05 23:14:02 --> Global POST, GET and COOKIE data sanitized
DEBUG - 2021-01-05 23:14:02 --> Config file loaded: C:\xampp\htdocs\2017296\WishList\application\config/rest.php
DEBUG - 2021-01-05 23:14:02 --> Total execution time: 0.0476
DEBUG - 2021-01-05 23:14:03 --> UTF-8 Support Enabled
DEBUG - 2021-01-05 23:14:03 --> Global POST, GET and COOKIE data sanitized
DEBUG - 2021-01-05 23:14:03 --> Config file loaded: C:\xampp\htdocs\2017296\WishList\application\config/rest.php
DEBUG - 2021-01-05 23:14:03 --> Total execution time: 0.0621
DEBUG - 2021-01-05 23:14:09 --> UTF-8 Support Enabled
DEBUG - 2021-01-05 23:14:09 --> Global POST, GET and COOKIE data sanitized
DEBUG - 2021-01-05 23:14:09 --> Config file loaded: C:\xampp\htdocs\2017296\WishList\application\config/rest.php
ERROR - 2021-01-05 23:14:09 --> Severity: Warning --> call_user_func_array() expects parameter 1 to be a valid callback, class 'Users' does not have a method 'index_get' C:\xampp\htdocs\2017296\WishList\application\libraries\REST_Controller.php 743
DEBUG - 2021-01-05 23:14:09 --> Total execution time: 0.0457
DEBUG - 2021-01-05 23:14:16 --> UTF-8 Support Enabled
DEBUG - 2021-01-05 23:14:16 --> Global POST, GET and COOKIE data sanitized
DEBUG - 2021-01-05 23:14:16 --> Config file loaded: C:\xampp\htdocs\2017296\WishList\application\config/rest.php
DEBUG - 2021-01-05 23:14:16 --> Total execution time: 0.0483
DEBUG - 2021-01-05 23:14:44 --> UTF-8 Support Enabled
DEBUG - 2021-01-05 23:14:44 --> Global POST, GET and COOKIE data sanitized
ERROR - 2021-01-05 23:14:44 --> 404 Page Not Found: api/User/user
DEBUG - 2021-01-05 23:14:52 --> UTF-8 Support Enabled
DEBUG - 2021-01-05 23:14:52 --> Global POST, GET and COOKIE data sanitized
ERROR - 2021-01-05 23:14:52 --> 404 Page Not Found: api/User/user
DEBUG - 2021-01-05 23:15:04 --> UTF-8 Support Enabled
DEBUG - 2021-01-05 23:15:04 --> Global POST, GET and COOKIE data sanitized
DEBUG - 2021-01-05 23:15:04 --> Config file loaded: C:\xampp\htdocs\2017296\WishList\application\config/rest.php
DEBUG - 2021-01-05 23:15:04 --> Total execution time: 0.0439
DEBUG - 2021-01-05 23:15:18 --> UTF-8 Support Enabled
DEBUG - 2021-01-05 23:15:18 --> Global POST, GET and COOKIE data sanitized
DEBUG - 2021-01-05 23:15:18 --> Config file loaded: C:\xampp\htdocs\2017296\WishList\application\config/rest.php
DEBUG - 2021-01-05 23:15:18 --> Total execution time: 0.0555
DEBUG - 2021-01-05 23:15:20 --> UTF-8 Support Enabled
DEBUG - 2021-01-05 23:15:20 --> Global POST, GET and COOKIE data sanitized
DEBUG - 2021-01-05 23:15:20 --> Config file loaded: C:\xampp\htdocs\2017296\WishList\application\config/rest.php
DEBUG - 2021-01-05 23:15:20 --> Total execution time: 0.0438
DEBUG - 2021-01-05 23:18:48 --> UTF-8 Support Enabled
DEBUG - 2021-01-05 23:18:48 --> Global POST, GET and COOKIE data sanitized
DEBUG - 2021-01-05 23:18:48 --> Config file loaded: C:\xampp\htdocs\2017296\WishList\application\config/rest.php
DEBUG - 2021-01-05 23:18:48 --> Total execution time: 0.0703
DEBUG - 2021-01-05 23:19:32 --> UTF-8 Support Enabled
DEBUG - 2021-01-05 23:19:32 --> Global POST, GET and COOKIE data sanitized
DEBUG - 2021-01-05 23:19:32 --> Config file loaded: C:\xampp\htdocs\2017296\WishList\application\config/rest.php
DEBUG - 2021-01-05 23:19:32 --> Total execution time: 0.0705
DEBUG - 2021-01-05 23:19:44 --> UTF-8 Support Enabled
DEBUG - 2021-01-05 23:19:44 --> Global POST, GET and COOKIE data sanitized
DEBUG - 2021-01-05 23:19:44 --> Config file loaded: C:\xampp\htdocs\2017296\WishList\application\config/rest.php
ERROR - 2021-01-05 23:19:44 --> Severity: Warning --> call_user_func_array() expects parameter 1 to be a valid callback, class 'Users' does not have a method 'index_get' C:\xampp\htdocs\2017296\WishList\application\libraries\REST_Controller.php 743
DEBUG - 2021-01-05 23:19:44 --> Total execution time: 0.0436
DEBUG - 2021-01-05 23:19:55 --> UTF-8 Support Enabled
DEBUG - 2021-01-05 23:19:55 --> Global POST, GET and COOKIE data sanitized
DEBUG - 2021-01-05 23:19:55 --> Config file loaded: C:\xampp\htdocs\2017296\WishList\application\config/rest.php
ERROR - 2021-01-05 23:19:55 --> Severity: Warning --> call_user_func_array() expects parameter 1 to be a valid callback, class 'Users' does not have a method 'index_get' C:\xampp\htdocs\2017296\WishList\application\libraries\REST_Controller.php 743
DEBUG - 2021-01-05 23:19:55 --> Total execution time: 0.0533
DEBUG - 2021-01-05 23:20:07 --> UTF-8 Support Enabled
DEBUG - 2021-01-05 23:20:07 --> Global POST, GET and COOKIE data sanitized
DEBUG - 2021-01-05 23:20:07 --> Config file loaded: C:\xampp\htdocs\2017296\WishList\application\config/rest.php
ERROR - 2021-01-05 23:20:07 --> Severity: Warning --> call_user_func_array() expects parameter 1 to be a valid callback, class 'Users' does not have a method 'index_get' C:\xampp\htdocs\2017296\WishList\application\libraries\REST_Controller.php 743
DEBUG - 2021-01-05 23:20:07 --> Total execution time: 0.1124
DEBUG - 2021-01-05 23:20:20 --> UTF-8 Support Enabled
DEBUG - 2021-01-05 23:20:20 --> Global POST, GET and COOKIE data sanitized
DEBUG - 2021-01-05 23:20:20 --> Config file loaded: C:\xampp\htdocs\2017296\WishList\application\config/rest.php
DEBUG - 2021-01-05 23:20:20 --> Total execution time: 0.0465
DEBUG - 2021-01-05 23:20:34 --> UTF-8 Support Enabled
DEBUG - 2021-01-05 23:20:34 --> Global POST, GET and COOKIE data sanitized
DEBUG - 2021-01-05 23:20:34 --> Config file loaded: C:\xampp\htdocs\2017296\WishList\application\config/rest.php
ERROR - 2021-01-05 23:20:34 --> Severity: Warning --> call_user_func_array() expects parameter 1 to be a valid callback, class 'Users' does not have a method 'index_get' C:\xampp\htdocs\2017296\WishList\application\libraries\REST_Controller.php 743
DEBUG - 2021-01-05 23:20:34 --> Total execution time: 0.0545
DEBUG - 2021-01-05 23:21:16 --> UTF-8 Support Enabled
DEBUG - 2021-01-05 23:21:16 --> Global POST, GET and COOKIE data sanitized
DEBUG - 2021-01-05 23:21:16 --> Config file loaded: C:\xampp\htdocs\2017296\WishList\application\config/rest.php
ERROR - 2021-01-05 23:21:16 --> Severity: Warning --> call_user_func_array() expects parameter 1 to be a valid callback, class 'Users' does not have a method 'index_get' C:\xampp\htdocs\2017296\WishList\application\libraries\REST_Controller.php 743
DEBUG - 2021-01-05 23:21:16 --> Total execution time: 0.0499
DEBUG - 2021-01-05 23:21:20 --> UTF-8 Support Enabled
DEBUG - 2021-01-05 23:21:20 --> Global POST, GET and COOKIE data sanitized
DEBUG - 2021-01-05 23:21:20 --> Config file loaded: C:\xampp\htdocs\2017296\WishList\application\config/rest.php
ERROR - 2021-01-05 23:21:20 --> Severity: Warning --> call_user_func_array() expects parameter 1 to be a valid callback, class 'Users' does not have a method 'index_get' C:\xampp\htdocs\2017296\WishList\application\libraries\REST_Controller.php 743
DEBUG - 2021-01-05 23:21:20 --> Total execution time: 0.0528
DEBUG - 2021-01-05 23:21:22 --> UTF-8 Support Enabled
DEBUG - 2021-01-05 23:21:22 --> Global POST, GET and COOKIE data sanitized
DEBUG - 2021-01-05 23:21:22 --> Config file loaded: C:\xampp\htdocs\2017296\WishList\application\config/rest.php
ERROR - 2021-01-05 23:21:22 --> Severity: Warning --> call_user_func_array() expects parameter 1 to be a valid callback, class 'Users' does not have a method 'index_get' C:\xampp\htdocs\2017296\WishList\application\libraries\REST_Controller.php 743
DEBUG - 2021-01-05 23:21:22 --> Total execution time: 0.0542
DEBUG - 2021-01-05 23:21:33 --> UTF-8 Support Enabled
DEBUG - 2021-01-05 23:21:33 --> Global POST, GET and COOKIE data sanitized
DEBUG - 2021-01-05 23:21:33 --> Config file loaded: C:\xampp\htdocs\2017296\WishList\application\config/rest.php
DEBUG - 2021-01-05 23:21:33 --> Total execution time: 0.0669
DEBUG - 2021-01-05 23:22:50 --> UTF-8 Support Enabled
DEBUG - 2021-01-05 23:22:50 --> Global POST, GET and COOKIE data sanitized
DEBUG - 2021-01-05 23:22:50 --> Config file loaded: C:\xampp\htdocs\2017296\WishList\application\config/rest.php
DEBUG - 2021-01-05 23:22:50 --> Total execution time: 0.0468
DEBUG - 2021-01-05 23:22:51 --> UTF-8 Support Enabled
DEBUG - 2021-01-05 23:22:51 --> Global POST, GET and COOKIE data sanitized
DEBUG - 2021-01-05 23:22:51 --> Config file loaded: C:\xampp\htdocs\2017296\WishList\application\config/rest.php
DEBUG - 2021-01-05 23:22:51 --> Total execution time: 0.0506
DEBUG - 2021-01-05 23:22:55 --> UTF-8 Support Enabled
DEBUG - 2021-01-05 23:22:55 --> Global POST, GET and COOKIE data sanitized
DEBUG - 2021-01-05 23:22:55 --> Config file loaded: C:\xampp\htdocs\2017296\WishList\application\config/rest.php
DEBUG - 2021-01-05 23:22:55 --> Total execution time: 0.0449
DEBUG - 2021-01-05 23:23:01 --> UTF-8 Support Enabled
DEBUG - 2021-01-05 23:23:01 --> Global POST, GET and COOKIE data sanitized
DEBUG - 2021-01-05 23:23:01 --> Config file loaded: C:\xampp\htdocs\2017296\WishList\application\config/rest.php
DEBUG - 2021-01-05 23:23:01 --> Total execution time: 0.0501
DEBUG - 2021-01-05 23:24:23 --> UTF-8 Support Enabled
DEBUG - 2021-01-05 23:24:23 --> Global POST, GET and COOKIE data sanitized
DEBUG - 2021-01-05 23:24:24 --> Config file loaded: C:\xampp\htdocs\2017296\WishList\application\config/rest.php
DEBUG - 2021-01-05 23:24:24 --> Total execution time: 0.0718
DEBUG - 2021-01-05 23:27:14 --> UTF-8 Support Enabled
DEBUG - 2021-01-05 23:27:14 --> Global POST, GET and COOKIE data sanitized
DEBUG - 2021-01-05 23:27:14 --> Config file loaded: C:\xampp\htdocs\2017296\WishList\application\config/rest.php
DEBUG - 2021-01-05 23:27:14 --> Total execution time: 0.0634
DEBUG - 2021-01-05 23:27:45 --> UTF-8 Support Enabled
DEBUG - 2021-01-05 23:27:45 --> Global POST, GET and COOKIE data sanitized
DEBUG - 2021-01-05 23:27:45 --> Config file loaded: C:\xampp\htdocs\2017296\WishList\application\config/rest.php
DEBUG - 2021-01-05 23:27:45 --> Total execution time: 0.0420
DEBUG - 2021-01-05 23:27:59 --> UTF-8 Support Enabled
DEBUG - 2021-01-05 23:27:59 --> Global POST, GET and COOKIE data sanitized
DEBUG - 2021-01-05 23:27:59 --> Config file loaded: C:\xampp\htdocs\2017296\WishList\application\config/rest.php
DEBUG - 2021-01-05 23:27:59 --> Total execution time: 0.0631
DEBUG - 2021-01-05 23:28:05 --> UTF-8 Support Enabled
DEBUG - 2021-01-05 23:28:05 --> Global POST, GET and COOKIE data sanitized
DEBUG - 2021-01-05 23:28:05 --> Config file loaded: C:\xampp\htdocs\2017296\WishList\application\config/rest.php
DEBUG - 2021-01-05 23:28:05 --> Total execution time: 0.0553
DEBUG - 2021-01-05 23:28:17 --> UTF-8 Support Enabled
DEBUG - 2021-01-05 23:28:17 --> Global POST, GET and COOKIE data sanitized
DEBUG - 2021-01-05 23:28:17 --> Config file loaded: C:\xampp\htdocs\2017296\WishList\application\config/rest.php
DEBUG - 2021-01-05 23:28:17 --> Total execution time: 0.0425
DEBUG - 2021-01-05 23:28:27 --> UTF-8 Support Enabled
DEBUG - 2021-01-05 23:28:27 --> Global POST, GET and COOKIE data sanitized
DEBUG - 2021-01-05 23:28:27 --> Config file loaded: C:\xampp\htdocs\2017296\WishList\application\config/rest.php
DEBUG - 2021-01-05 23:28:27 --> Total execution time: 0.0434
DEBUG - 2021-01-05 23:29:10 --> UTF-8 Support Enabled
DEBUG - 2021-01-05 23:29:10 --> Global POST, GET and COOKIE data sanitized
DEBUG - 2021-01-05 23:29:10 --> Config file loaded: C:\xampp\htdocs\2017296\WishList\application\config/rest.php
DEBUG - 2021-01-05 23:29:10 --> Total execution time: 0.0883
DEBUG - 2021-01-05 23:50:48 --> UTF-8 Support Enabled
DEBUG - 2021-01-05 23:50:48 --> Global POST, GET and COOKIE data sanitized
DEBUG - 2021-01-05 23:50:48 --> Config file loaded: C:\xampp\htdocs\2017296\WishList\application\config/rest.php
DEBUG - 2021-01-05 23:50:48 --> Total execution time: 0.0744
DEBUG - 2021-01-05 23:51:20 --> UTF-8 Support Enabled
DEBUG - 2021-01-05 23:51:20 --> Global POST, GET and COOKIE data sanitized
DEBUG - 2021-01-05 23:51:20 --> Config file loaded: C:\xampp\htdocs\2017296\WishList\application\config/rest.php
DEBUG - 2021-01-05 23:51:20 --> Total execution time: 0.0589
DEBUG - 2021-01-05 23:51:30 --> UTF-8 Support Enabled
DEBUG - 2021-01-05 23:51:30 --> Global POST, GET and COOKIE data sanitized
DEBUG - 2021-01-05 23:51:30 --> Config file loaded: C:\xampp\htdocs\2017296\WishList\application\config/rest.php
DEBUG - 2021-01-05 23:51:30 --> Total execution time: 0.0652
DEBUG - 2021-01-05 23:51:47 --> UTF-8 Support Enabled
DEBUG - 2021-01-05 23:51:47 --> Global POST, GET and COOKIE data sanitized
DEBUG - 2021-01-05 23:51:47 --> Config file loaded: C:\xampp\htdocs\2017296\WishList\application\config/rest.php
DEBUG - 2021-01-05 23:51:47 --> Total execution time: 0.0594
DEBUG - 2021-01-05 23:51:47 --> UTF-8 Support Enabled
DEBUG - 2021-01-05 23:51:47 --> Global POST, GET and COOKIE data sanitized
DEBUG - 2021-01-05 23:51:47 --> Config file loaded: C:\xampp\htdocs\2017296\WishList\application\config/rest.php
DEBUG - 2021-01-05 23:51:47 --> Total execution time: 0.0566
DEBUG - 2021-01-05 23:52:27 --> UTF-8 Support Enabled
DEBUG - 2021-01-05 23:52:27 --> Global POST, GET and COOKIE data sanitized
DEBUG - 2021-01-05 23:52:27 --> Config file loaded: C:\xampp\htdocs\2017296\WishList\application\config/rest.php
DEBUG - 2021-01-05 23:52:27 --> Total execution time: 0.0407
DEBUG - 2021-01-05 23:52:49 --> UTF-8 Support Enabled
DEBUG - 2021-01-05 23:52:49 --> Global POST, GET and COOKIE data sanitized
DEBUG - 2021-01-05 23:52:49 --> Config file loaded: C:\xampp\htdocs\2017296\WishList\application\config/rest.php
DEBUG - 2021-01-05 23:52:49 --> Total execution time: 0.0452
DEBUG - 2021-01-05 23:53:00 --> UTF-8 Support Enabled
DEBUG - 2021-01-05 23:53:00 --> Global POST, GET and COOKIE data sanitized
DEBUG - 2021-01-05 23:53:00 --> Config file loaded: C:\xampp\htdocs\2017296\WishList\application\config/rest.php
DEBUG - 2021-01-05 23:53:00 --> Total execution time: 0.0424
DEBUG - 2021-01-05 23:53:37 --> UTF-8 Support Enabled
DEBUG - 2021-01-05 23:53:37 --> Global POST, GET and COOKIE data sanitized
DEBUG - 2021-01-05 23:53:37 --> Config file loaded: C:\xampp\htdocs\2017296\WishList\application\config/rest.php
DEBUG - 2021-01-05 23:53:37 --> Total execution time: 0.0634
DEBUG - 2021-01-05 23:54:02 --> UTF-8 Support Enabled
DEBUG - 2021-01-05 23:54:02 --> Global POST, GET and COOKIE data sanitized
DEBUG - 2021-01-05 23:54:02 --> Config file loaded: C:\xampp\htdocs\2017296\WishList\application\config/rest.php
DEBUG - 2021-01-05 23:54:02 --> Total execution time: 0.0630
DEBUG - 2021-01-05 23:54:31 --> UTF-8 Support Enabled
DEBUG - 2021-01-05 23:54:31 --> Global POST, GET and COOKIE data sanitized
DEBUG - 2021-01-05 23:54:31 --> Config file loaded: C:\xampp\htdocs\2017296\WishList\application\config/rest.php
DEBUG - 2021-01-05 23:54:31 --> Total execution time: 0.0422
DEBUG - 2021-01-05 23:54:38 --> UTF-8 Support Enabled
DEBUG - 2021-01-05 23:54:38 --> Global POST, GET and COOKIE data sanitized
DEBUG - 2021-01-05 23:54:38 --> Config file loaded: C:\xampp\htdocs\2017296\WishList\application\config/rest.php
DEBUG - 2021-01-05 23:54:38 --> Total execution time: 0.0570
DEBUG - 2021-01-05 23:54:45 --> UTF-8 Support Enabled
DEBUG - 2021-01-05 23:54:45 --> Global POST, GET and COOKIE data sanitized
DEBUG - 2021-01-05 23:54:45 --> Config file loaded: C:\xampp\htdocs\2017296\WishList\application\config/rest.php
DEBUG - 2021-01-05 23:54:45 --> Total execution time: 0.0678
DEBUG - 2021-01-05 23:54:53 --> UTF-8 Support Enabled
DEBUG - 2021-01-05 23:54:53 --> Global POST, GET and COOKIE data sanitized
DEBUG - 2021-01-05 23:54:53 --> Config file loaded: C:\xampp\htdocs\2017296\WishList\application\config/rest.php
DEBUG - 2021-01-05 23:54:53 --> Total execution time: 0.0667
DEBUG - 2021-01-05 23:55:02 --> UTF-8 Support Enabled
DEBUG - 2021-01-05 23:55:02 --> Global POST, GET and COOKIE data sanitized
DEBUG - 2021-01-05 23:55:02 --> Config file loaded: C:\xampp\htdocs\2017296\WishList\application\config/rest.php
DEBUG - 2021-01-05 23:55:02 --> Total execution time: 0.0770
DEBUG - 2021-01-05 23:55:34 --> UTF-8 Support Enabled
DEBUG - 2021-01-05 23:55:34 --> Global POST, GET and COOKIE data sanitized
DEBUG - 2021-01-05 23:55:34 --> Config file loaded: C:\xampp\htdocs\2017296\WishList\application\config/rest.php
DEBUG - 2021-01-05 23:55:34 --> Total execution time: 0.0776
DEBUG - 2021-01-05 23:55:42 --> UTF-8 Support Enabled
DEBUG - 2021-01-05 23:55:42 --> Global POST, GET and COOKIE data sanitized
DEBUG - 2021-01-05 23:55:42 --> Config file loaded: C:\xampp\htdocs\2017296\WishList\application\config/rest.php
DEBUG - 2021-01-05 23:55:42 --> Total execution time: 0.0791
DEBUG - 2021-01-05 23:57:32 --> UTF-8 Support Enabled
DEBUG - 2021-01-05 23:57:32 --> Global POST, GET and COOKIE data sanitized
DEBUG - 2021-01-05 23:57:32 --> Config file loaded: C:\xampp\htdocs\2017296\WishList\application\config/rest.php
DEBUG - 2021-01-05 23:57:32 --> Total execution time: 0.0623
DEBUG - 2021-01-05 23:57:52 --> UTF-8 Support Enabled
DEBUG - 2021-01-05 23:57:52 --> Global POST, GET and COOKIE data sanitized
DEBUG - 2021-01-05 23:57:52 --> Config file loaded: C:\xampp\htdocs\2017296\WishList\application\config/rest.php
DEBUG - 2021-01-05 23:57:52 --> Total execution time: 0.0426
DEBUG - 2021-01-05 23:58:15 --> UTF-8 Support Enabled
DEBUG - 2021-01-05 23:58:15 --> Global POST, GET and COOKIE data sanitized
DEBUG - 2021-01-05 23:58:15 --> Config file loaded: C:\xampp\htdocs\2017296\WishList\application\config/rest.php
DEBUG - 2021-01-05 23:58:15 --> Total execution time: 0.0468
DEBUG - 2021-01-05 23:58:20 --> UTF-8 Support Enabled
DEBUG - 2021-01-05 23:58:20 --> Global POST, GET and COOKIE data sanitized
DEBUG - 2021-01-05 23:58:20 --> Config file loaded: C:\xampp\htdocs\2017296\WishList\application\config/rest.php
DEBUG - 2021-01-05 23:58:20 --> Total execution time: 0.0401
DEBUG - 2021-01-05 23:58:48 --> UTF-8 Support Enabled
DEBUG - 2021-01-05 23:58:48 --> Global POST, GET and COOKIE data sanitized
DEBUG - 2021-01-05 23:58:48 --> Config file loaded: C:\xampp\htdocs\2017296\WishList\application\config/rest.php
DEBUG - 2021-01-05 23:58:48 --> Total execution time: 0.0413
DEBUG - 2021-01-05 23:58:58 --> UTF-8 Support Enabled
DEBUG - 2021-01-05 23:58:58 --> Global POST, GET and COOKIE data sanitized
DEBUG - 2021-01-05 23:58:58 --> Config file loaded: C:\xampp\htdocs\2017296\WishList\application\config/rest.php
DEBUG - 2021-01-05 23:58:58 --> Total execution time: 0.0483
DEBUG - 2021-01-05 23:59:08 --> UTF-8 Support Enabled
DEBUG - 2021-01-05 23:59:08 --> Global POST, GET and COOKIE data sanitized
DEBUG - 2021-01-05 23:59:08 --> Config file loaded: C:\xampp\htdocs\2017296\WishList\application\config/rest.php
DEBUG - 2021-01-05 23:59:08 --> Total execution time: 0.0558
DEBUG - 2021-01-05 23:59:16 --> UTF-8 Support Enabled
DEBUG - 2021-01-05 23:59:16 --> Global POST, GET and COOKIE data sanitized
DEBUG - 2021-01-05 23:59:16 --> Config file loaded: C:\xampp\htdocs\2017296\WishList\application\config/rest.php
DEBUG - 2021-01-05 23:59:16 --> Total execution time: 0.0657
DEBUG - 2021-01-05 23:59:20 --> UTF-8 Support Enabled
DEBUG - 2021-01-05 23:59:20 --> Global POST, GET and COOKIE data sanitized
DEBUG - 2021-01-05 23:59:20 --> Config file loaded: C:\xampp\htdocs\2017296\WishList\application\config/rest.php
DEBUG - 2021-01-05 23:59:20 --> Total execution time: 0.0407
DEBUG - 2021-01-05 23:59:24 --> UTF-8 Support Enabled
DEBUG - 2021-01-05 23:59:24 --> Global POST, GET and COOKIE data sanitized
DEBUG - 2021-01-05 23:59:24 --> Config file loaded: C:\xampp\htdocs\2017296\WishList\application\config/rest.php
DEBUG - 2021-01-05 23:59:24 --> Total execution time: 0.0493
DEBUG - 2021-01-05 23:59:36 --> UTF-8 Support Enabled
DEBUG - 2021-01-05 23:59:36 --> Global POST, GET and COOKIE data sanitized
DEBUG - 2021-01-05 23:59:36 --> Config file loaded: C:\xampp\htdocs\2017296\WishList\application\config/rest.php
DEBUG - 2021-01-05 23:59:36 --> Total execution time: 0.0423
DEBUG - 2021-01-05 23:59:58 --> UTF-8 Support Enabled
DEBUG - 2021-01-05 23:59:58 --> Global POST, GET and COOKIE data sanitized
DEBUG - 2021-01-05 23:59:58 --> Config file loaded: C:\xampp\htdocs\2017296\WishList\application\config/rest.php
DEBUG - 2021-01-05 23:59:58 --> Total execution time: 0.0461
