DEBUG - 2021-01-17 18:05:28 --> UTF-8 Support Enabled
DEBUG - 2021-01-17 18:05:28 --> No URI present. Default controller set.
DEBUG - 2021-01-17 18:05:28 --> Global POST, GET and COOKIE data sanitized
DEBUG - 2021-01-17 18:05:29 --> UTF-8 Support Enabled
DEBUG - 2021-01-17 18:05:29 --> Global POST, GET and COOKIE data sanitized
DEBUG - 2021-01-17 18:05:29 --> Total execution time: 0.0330
DEBUG - 2021-01-17 18:05:53 --> UTF-8 Support Enabled
DEBUG - 2021-01-17 18:05:53 --> Global POST, GET and COOKIE data sanitized
DEBUG - 2021-01-17 18:05:53 --> Config file loaded: C:\xampp\htdocs\2017296\WishList\application\config/rest.php
DEBUG - 2021-01-17 18:05:53 --> Total execution time: 0.1523
DEBUG - 2021-01-17 18:05:53 --> UTF-8 Support Enabled
DEBUG - 2021-01-17 18:05:53 --> No URI present. Default controller set.
DEBUG - 2021-01-17 18:05:53 --> Global POST, GET and COOKIE data sanitized
DEBUG - 2021-01-17 18:05:53 --> Total execution time: 0.0330
DEBUG - 2021-01-17 18:05:53 --> UTF-8 Support Enabled
DEBUG - 2021-01-17 18:05:53 --> UTF-8 Support Enabled
DEBUG - 2021-01-17 18:05:53 --> Global POST, GET and COOKIE data sanitized
DEBUG - 2021-01-17 18:05:53 --> Global POST, GET and COOKIE data sanitized
DEBUG - 2021-01-17 18:05:53 --> Config file loaded: C:\xampp\htdocs\2017296\WishList\application\config/rest.php
DEBUG - 2021-01-17 18:05:53 --> Total execution time: 0.0779
DEBUG - 2021-01-17 18:05:53 --> Config file loaded: C:\xampp\htdocs\2017296\WishList\application\config/rest.php
DEBUG - 2021-01-17 18:05:53 --> Total execution time: 0.0965
DEBUG - 2021-01-17 18:05:53 --> UTF-8 Support Enabled
DEBUG - 2021-01-17 18:05:53 --> Global POST, GET and COOKIE data sanitized
DEBUG - 2021-01-17 18:05:53 --> Config file loaded: C:\xampp\htdocs\2017296\WishList\application\config/rest.php
DEBUG - 2021-01-17 18:05:53 --> Total execution time: 0.1044
DEBUG - 2021-01-17 18:05:54 --> UTF-8 Support Enabled
DEBUG - 2021-01-17 18:05:54 --> Global POST, GET and COOKIE data sanitized
DEBUG - 2021-01-17 18:05:54 --> Config file loaded: C:\xampp\htdocs\2017296\WishList\application\config/rest.php
DEBUG - 2021-01-17 18:05:54 --> Total execution time: 0.0842
DEBUG - 2021-01-17 18:05:54 --> UTF-8 Support Enabled
DEBUG - 2021-01-17 18:05:54 --> UTF-8 Support Enabled
DEBUG - 2021-01-17 18:05:54 --> Global POST, GET and COOKIE data sanitized
DEBUG - 2021-01-17 18:05:54 --> Global POST, GET and COOKIE data sanitized
DEBUG - 2021-01-17 18:05:54 --> Config file loaded: C:\xampp\htdocs\2017296\WishList\application\config/rest.php
DEBUG - 2021-01-17 18:05:54 --> Total execution time: 0.0490
DEBUG - 2021-01-17 18:05:54 --> Config file loaded: C:\xampp\htdocs\2017296\WishList\application\config/rest.php
DEBUG - 2021-01-17 18:05:54 --> Total execution time: 0.0489
DEBUG - 2021-01-17 18:06:11 --> UTF-8 Support Enabled
DEBUG - 2021-01-17 18:06:11 --> Global POST, GET and COOKIE data sanitized
DEBUG - 2021-01-17 18:06:12 --> Config file loaded: C:\xampp\htdocs\2017296\WishList\application\config/rest.php
DEBUG - 2021-01-17 18:06:12 --> Total execution time: 0.0507
DEBUG - 2021-01-17 18:06:14 --> UTF-8 Support Enabled
DEBUG - 2021-01-17 18:06:14 --> Global POST, GET and COOKIE data sanitized
DEBUG - 2021-01-17 18:06:14 --> Config file loaded: C:\xampp\htdocs\2017296\WishList\application\config/rest.php
DEBUG - 2021-01-17 18:06:14 --> Total execution time: 0.0406
DEBUG - 2021-01-17 18:06:14 --> UTF-8 Support Enabled
DEBUG - 2021-01-17 18:06:14 --> Global POST, GET and COOKIE data sanitized
DEBUG - 2021-01-17 18:06:14 --> Config file loaded: C:\xampp\htdocs\2017296\WishList\application\config/rest.php
DEBUG - 2021-01-17 18:06:14 --> Total execution time: 0.0423
DEBUG - 2021-01-17 18:06:21 --> UTF-8 Support Enabled
DEBUG - 2021-01-17 18:06:21 --> Global POST, GET and COOKIE data sanitized
DEBUG - 2021-01-17 18:06:21 --> Config file loaded: C:\xampp\htdocs\2017296\WishList\application\config/rest.php
DEBUG - 2021-01-17 18:06:21 --> Total execution time: 0.0512
DEBUG - 2021-01-17 18:07:04 --> UTF-8 Support Enabled
DEBUG - 2021-01-17 18:07:04 --> Global POST, GET and COOKIE data sanitized
DEBUG - 2021-01-17 18:07:04 --> Config file loaded: C:\xampp\htdocs\2017296\WishList\application\config/rest.php
DEBUG - 2021-01-17 18:07:04 --> Total execution time: 0.0473
DEBUG - 2021-01-17 18:07:17 --> UTF-8 Support Enabled
DEBUG - 2021-01-17 18:07:17 --> Global POST, GET and COOKIE data sanitized
DEBUG - 2021-01-17 18:07:17 --> Config file loaded: C:\xampp\htdocs\2017296\WishList\application\config/rest.php
DEBUG - 2021-01-17 18:07:17 --> Total execution time: 0.0381
DEBUG - 2021-01-17 18:09:33 --> UTF-8 Support Enabled
DEBUG - 2021-01-17 18:09:33 --> Global POST, GET and COOKIE data sanitized
DEBUG - 2021-01-17 18:09:33 --> Config file loaded: C:\xampp\htdocs\2017296\WishList\application\config/rest.php
DEBUG - 2021-01-17 18:09:33 --> Total execution time: 0.0479
DEBUG - 2021-01-17 18:09:55 --> UTF-8 Support Enabled
DEBUG - 2021-01-17 18:09:55 --> Global POST, GET and COOKIE data sanitized
DEBUG - 2021-01-17 18:09:55 --> Config file loaded: C:\xampp\htdocs\2017296\WishList\application\config/rest.php
DEBUG - 2021-01-17 18:09:55 --> Total execution time: 0.0467
DEBUG - 2021-01-17 18:10:02 --> UTF-8 Support Enabled
DEBUG - 2021-01-17 18:10:02 --> Global POST, GET and COOKIE data sanitized
DEBUG - 2021-01-17 18:10:02 --> Config file loaded: C:\xampp\htdocs\2017296\WishList\application\config/rest.php
DEBUG - 2021-01-17 18:10:02 --> Total execution time: 0.0579
DEBUG - 2021-01-17 18:10:06 --> UTF-8 Support Enabled
DEBUG - 2021-01-17 18:10:06 --> Global POST, GET and COOKIE data sanitized
DEBUG - 2021-01-17 18:10:06 --> Config file loaded: C:\xampp\htdocs\2017296\WishList\application\config/rest.php
DEBUG - 2021-01-17 18:10:06 --> Total execution time: 0.0670
DEBUG - 2021-01-17 18:10:07 --> UTF-8 Support Enabled
DEBUG - 2021-01-17 18:10:07 --> Global POST, GET and COOKIE data sanitized
DEBUG - 2021-01-17 18:10:07 --> Config file loaded: C:\xampp\htdocs\2017296\WishList\application\config/rest.php
DEBUG - 2021-01-17 18:10:07 --> Total execution time: 0.0531
