DEBUG - 2021-01-21 21:14:54 --> UTF-8 Support Enabled
DEBUG - 2021-01-21 21:14:54 --> No URI present. Default controller set.
DEBUG - 2021-01-21 21:14:54 --> Global POST, GET and COOKIE data sanitized
DEBUG - 2021-01-21 21:14:54 --> UTF-8 Support Enabled
DEBUG - 2021-01-21 21:14:54 --> Global POST, GET and COOKIE data sanitized
DEBUG - 2021-01-21 21:14:54 --> Total execution time: 0.1030
DEBUG - 2021-01-21 21:14:55 --> UTF-8 Support Enabled
DEBUG - 2021-01-21 21:14:55 --> No URI present. Default controller set.
DEBUG - 2021-01-21 21:14:55 --> Global POST, GET and COOKIE data sanitized
DEBUG - 2021-01-21 21:14:55 --> UTF-8 Support Enabled
DEBUG - 2021-01-21 21:14:55 --> Global POST, GET and COOKIE data sanitized
DEBUG - 2021-01-21 21:14:55 --> Total execution time: 0.0963
DEBUG - 2021-01-21 21:15:23 --> UTF-8 Support Enabled
DEBUG - 2021-01-21 21:15:23 --> Global POST, GET and COOKIE data sanitized
DEBUG - 2021-01-21 21:15:23 --> Total execution time: 0.2735
DEBUG - 2021-01-21 21:16:11 --> UTF-8 Support Enabled
DEBUG - 2021-01-21 21:16:11 --> Global POST, GET and COOKIE data sanitized
DEBUG - 2021-01-21 21:16:11 --> Config file loaded: C:\xampp\htdocs\2017296\WishList\application\config/rest.php
DEBUG - 2021-01-21 21:16:11 --> Total execution time: 0.3575
DEBUG - 2021-01-21 21:16:11 --> UTF-8 Support Enabled
DEBUG - 2021-01-21 21:16:11 --> No URI present. Default controller set.
DEBUG - 2021-01-21 21:16:11 --> Global POST, GET and COOKIE data sanitized
DEBUG - 2021-01-21 21:16:12 --> Total execution time: 0.0610
DEBUG - 2021-01-21 21:16:12 --> UTF-8 Support Enabled
DEBUG - 2021-01-21 21:16:12 --> UTF-8 Support Enabled
DEBUG - 2021-01-21 21:16:12 --> Global POST, GET and COOKIE data sanitized
DEBUG - 2021-01-21 21:16:12 --> Global POST, GET and COOKIE data sanitized
DEBUG - 2021-01-21 21:16:12 --> Config file loaded: C:\xampp\htdocs\2017296\WishList\application\config/rest.php
DEBUG - 2021-01-21 21:16:12 --> Total execution time: 0.0964
DEBUG - 2021-01-21 21:16:12 --> Config file loaded: C:\xampp\htdocs\2017296\WishList\application\config/rest.php
DEBUG - 2021-01-21 21:16:12 --> Total execution time: 0.1193
DEBUG - 2021-01-21 21:16:12 --> UTF-8 Support Enabled
DEBUG - 2021-01-21 21:16:12 --> Global POST, GET and COOKIE data sanitized
DEBUG - 2021-01-21 21:16:12 --> Config file loaded: C:\xampp\htdocs\2017296\WishList\application\config/rest.php
DEBUG - 2021-01-21 21:16:12 --> Total execution time: 0.0840
DEBUG - 2021-01-21 21:16:12 --> UTF-8 Support Enabled
DEBUG - 2021-01-21 21:16:12 --> Global POST, GET and COOKIE data sanitized
DEBUG - 2021-01-21 21:16:12 --> Config file loaded: C:\xampp\htdocs\2017296\WishList\application\config/rest.php
DEBUG - 2021-01-21 21:16:12 --> Total execution time: 0.0720
DEBUG - 2021-01-21 21:16:12 --> UTF-8 Support Enabled
DEBUG - 2021-01-21 21:16:12 --> Global POST, GET and COOKIE data sanitized
DEBUG - 2021-01-21 21:16:12 --> Config file loaded: C:\xampp\htdocs\2017296\WishList\application\config/rest.php
DEBUG - 2021-01-21 21:16:12 --> Total execution time: 0.1105
DEBUG - 2021-01-21 21:16:12 --> UTF-8 Support Enabled
DEBUG - 2021-01-21 21:16:12 --> UTF-8 Support Enabled
DEBUG - 2021-01-21 21:16:12 --> Global POST, GET and COOKIE data sanitized
DEBUG - 2021-01-21 21:16:12 --> Global POST, GET and COOKIE data sanitized
DEBUG - 2021-01-21 21:16:12 --> Config file loaded: C:\xampp\htdocs\2017296\WishList\application\config/rest.php
DEBUG - 2021-01-21 21:16:12 --> Total execution time: 0.0839
DEBUG - 2021-01-21 21:16:12 --> Config file loaded: C:\xampp\htdocs\2017296\WishList\application\config/rest.php
DEBUG - 2021-01-21 21:16:12 --> Total execution time: 0.0897
DEBUG - 2021-01-21 21:16:18 --> UTF-8 Support Enabled
DEBUG - 2021-01-21 21:16:18 --> No URI present. Default controller set.
DEBUG - 2021-01-21 21:16:18 --> Global POST, GET and COOKIE data sanitized
DEBUG - 2021-01-21 21:16:18 --> Total execution time: 0.0493
DEBUG - 2021-01-21 21:16:18 --> UTF-8 Support Enabled
DEBUG - 2021-01-21 21:16:18 --> UTF-8 Support Enabled
DEBUG - 2021-01-21 21:16:18 --> Global POST, GET and COOKIE data sanitized
DEBUG - 2021-01-21 21:16:18 --> Global POST, GET and COOKIE data sanitized
DEBUG - 2021-01-21 21:16:18 --> Config file loaded: C:\xampp\htdocs\2017296\WishList\application\config/rest.php
DEBUG - 2021-01-21 21:16:18 --> Total execution time: 0.0726
DEBUG - 2021-01-21 21:16:18 --> Config file loaded: C:\xampp\htdocs\2017296\WishList\application\config/rest.php
DEBUG - 2021-01-21 21:16:18 --> Total execution time: 0.0731
DEBUG - 2021-01-21 21:16:18 --> UTF-8 Support Enabled
DEBUG - 2021-01-21 21:16:19 --> Global POST, GET and COOKIE data sanitized
DEBUG - 2021-01-21 21:16:19 --> Config file loaded: C:\xampp\htdocs\2017296\WishList\application\config/rest.php
DEBUG - 2021-01-21 21:16:19 --> Total execution time: 0.0525
DEBUG - 2021-01-21 21:16:19 --> UTF-8 Support Enabled
DEBUG - 2021-01-21 21:16:19 --> Global POST, GET and COOKIE data sanitized
DEBUG - 2021-01-21 21:16:19 --> Config file loaded: C:\xampp\htdocs\2017296\WishList\application\config/rest.php
DEBUG - 2021-01-21 21:16:19 --> Total execution time: 0.0600
DEBUG - 2021-01-21 21:16:19 --> UTF-8 Support Enabled
DEBUG - 2021-01-21 21:16:19 --> Global POST, GET and COOKIE data sanitized
DEBUG - 2021-01-21 21:16:19 --> Config file loaded: C:\xampp\htdocs\2017296\WishList\application\config/rest.php
DEBUG - 2021-01-21 21:16:19 --> Total execution time: 0.0719
DEBUG - 2021-01-21 21:16:19 --> UTF-8 Support Enabled
DEBUG - 2021-01-21 21:16:19 --> UTF-8 Support Enabled
DEBUG - 2021-01-21 21:16:19 --> Global POST, GET and COOKIE data sanitized
DEBUG - 2021-01-21 21:16:19 --> Global POST, GET and COOKIE data sanitized
DEBUG - 2021-01-21 21:16:19 --> Config file loaded: C:\xampp\htdocs\2017296\WishList\application\config/rest.php
DEBUG - 2021-01-21 21:16:19 --> Total execution time: 0.0962
DEBUG - 2021-01-21 21:16:19 --> Config file loaded: C:\xampp\htdocs\2017296\WishList\application\config/rest.php
DEBUG - 2021-01-21 21:16:19 --> Total execution time: 0.0828
DEBUG - 2021-01-21 21:16:30 --> UTF-8 Support Enabled
DEBUG - 2021-01-21 21:16:30 --> Global POST, GET and COOKIE data sanitized
DEBUG - 2021-01-21 21:16:30 --> Config file loaded: C:\xampp\htdocs\2017296\WishList\application\config/rest.php
DEBUG - 2021-01-21 21:16:30 --> Total execution time: 0.3481
DEBUG - 2021-01-21 21:16:46 --> UTF-8 Support Enabled
DEBUG - 2021-01-21 21:16:46 --> No URI present. Default controller set.
DEBUG - 2021-01-21 21:16:46 --> Global POST, GET and COOKIE data sanitized
DEBUG - 2021-01-21 21:16:47 --> UTF-8 Support Enabled
DEBUG - 2021-01-21 21:16:47 --> Global POST, GET and COOKIE data sanitized
DEBUG - 2021-01-21 21:16:47 --> Total execution time: 0.6656
DEBUG - 2021-01-21 21:16:48 --> UTF-8 Support Enabled
DEBUG - 2021-01-21 21:16:49 --> Global POST, GET and COOKIE data sanitized
DEBUG - 2021-01-21 21:16:49 --> Config file loaded: C:\xampp\htdocs\2017296\WishList\application\config/rest.php
DEBUG - 2021-01-21 21:16:49 --> UTF-8 Support Enabled
DEBUG - 2021-01-21 21:16:49 --> Global POST, GET and COOKIE data sanitized
DEBUG - 2021-01-21 21:16:50 --> Total execution time: 0.3931
