DEBUG - 2021-01-07 00:08:05 --> UTF-8 Support Enabled
DEBUG - 2021-01-07 00:08:05 --> Global POST, GET and COOKIE data sanitized
DEBUG - 2021-01-07 00:08:05 --> Config file loaded: C:\xampp\htdocs\2017296\WishList\application\config/rest.php
DEBUG - 2021-01-07 00:08:05 --> Total execution time: 0.0754
DEBUG - 2021-01-07 00:08:44 --> UTF-8 Support Enabled
DEBUG - 2021-01-07 00:08:44 --> Global POST, GET and COOKIE data sanitized
DEBUG - 2021-01-07 00:08:44 --> Config file loaded: C:\xampp\htdocs\2017296\WishList\application\config/rest.php
DEBUG - 2021-01-07 00:08:44 --> Total execution time: 0.0575
DEBUG - 2021-01-07 00:08:56 --> UTF-8 Support Enabled
DEBUG - 2021-01-07 00:08:56 --> Global POST, GET and COOKIE data sanitized
DEBUG - 2021-01-07 00:08:56 --> Config file loaded: C:\xampp\htdocs\2017296\WishList\application\config/rest.php
ERROR - 2021-01-07 00:08:56 --> Severity: Warning --> call_user_func_array() expects parameter 1 to be a valid callback, class 'WishList' does not have a method 'index_post' C:\xampp\htdocs\2017296\WishList\application\libraries\REST_Controller.php 743
DEBUG - 2021-01-07 00:08:56 --> Total execution time: 0.0669
DEBUG - 2021-01-07 00:09:51 --> UTF-8 Support Enabled
DEBUG - 2021-01-07 00:09:51 --> Global POST, GET and COOKIE data sanitized
DEBUG - 2021-01-07 00:09:51 --> Config file loaded: C:\xampp\htdocs\2017296\WishList\application\config/rest.php
ERROR - 2021-01-07 00:09:51 --> Severity: Warning --> call_user_func_array() expects parameter 1 to be a valid callback, class 'WishList' does not have a method 'index_post' C:\xampp\htdocs\2017296\WishList\application\libraries\REST_Controller.php 743
DEBUG - 2021-01-07 00:09:51 --> Total execution time: 0.0498
DEBUG - 2021-01-07 00:10:18 --> UTF-8 Support Enabled
DEBUG - 2021-01-07 00:10:18 --> Global POST, GET and COOKIE data sanitized
DEBUG - 2021-01-07 00:10:18 --> Config file loaded: C:\xampp\htdocs\2017296\WishList\application\config/rest.php
DEBUG - 2021-01-07 00:10:18 --> Total execution time: 0.0484
DEBUG - 2021-01-07 00:10:22 --> UTF-8 Support Enabled
DEBUG - 2021-01-07 00:10:22 --> Global POST, GET and COOKIE data sanitized
DEBUG - 2021-01-07 00:10:22 --> Config file loaded: C:\xampp\htdocs\2017296\WishList\application\config/rest.php
DEBUG - 2021-01-07 00:10:22 --> Total execution time: 0.0487
DEBUG - 2021-01-07 00:10:33 --> UTF-8 Support Enabled
DEBUG - 2021-01-07 00:10:33 --> Global POST, GET and COOKIE data sanitized
DEBUG - 2021-01-07 00:10:33 --> Config file loaded: C:\xampp\htdocs\2017296\WishList\application\config/rest.php
DEBUG - 2021-01-07 00:10:33 --> Total execution time: 0.0486
DEBUG - 2021-01-07 00:12:00 --> UTF-8 Support Enabled
DEBUG - 2021-01-07 00:12:00 --> Global POST, GET and COOKIE data sanitized
DEBUG - 2021-01-07 00:12:00 --> Config file loaded: C:\xampp\htdocs\2017296\WishList\application\config/rest.php
DEBUG - 2021-01-07 00:12:00 --> Total execution time: 0.0490
DEBUG - 2021-01-07 00:12:25 --> UTF-8 Support Enabled
DEBUG - 2021-01-07 00:12:25 --> Global POST, GET and COOKIE data sanitized
DEBUG - 2021-01-07 00:12:25 --> Config file loaded: C:\xampp\htdocs\2017296\WishList\application\config/rest.php
DEBUG - 2021-01-07 00:12:25 --> Total execution time: 0.0655
DEBUG - 2021-01-07 00:12:30 --> UTF-8 Support Enabled
DEBUG - 2021-01-07 00:12:30 --> Global POST, GET and COOKIE data sanitized
DEBUG - 2021-01-07 00:12:30 --> Config file loaded: C:\xampp\htdocs\2017296\WishList\application\config/rest.php
DEBUG - 2021-01-07 00:12:30 --> Total execution time: 0.0526
DEBUG - 2021-01-07 00:12:32 --> UTF-8 Support Enabled
DEBUG - 2021-01-07 00:12:33 --> Global POST, GET and COOKIE data sanitized
DEBUG - 2021-01-07 00:12:33 --> Config file loaded: C:\xampp\htdocs\2017296\WishList\application\config/rest.php
DEBUG - 2021-01-07 00:12:33 --> Total execution time: 0.0543
DEBUG - 2021-01-07 00:13:06 --> UTF-8 Support Enabled
DEBUG - 2021-01-07 00:13:06 --> Global POST, GET and COOKIE data sanitized
DEBUG - 2021-01-07 00:13:06 --> Config file loaded: C:\xampp\htdocs\2017296\WishList\application\config/rest.php
DEBUG - 2021-01-07 00:13:06 --> Total execution time: 0.0535
DEBUG - 2021-01-07 00:13:24 --> UTF-8 Support Enabled
DEBUG - 2021-01-07 00:13:24 --> Global POST, GET and COOKIE data sanitized
DEBUG - 2021-01-07 00:13:24 --> Config file loaded: C:\xampp\htdocs\2017296\WishList\application\config/rest.php
DEBUG - 2021-01-07 00:13:24 --> Total execution time: 0.0728
DEBUG - 2021-01-07 00:14:11 --> UTF-8 Support Enabled
DEBUG - 2021-01-07 00:14:11 --> Global POST, GET and COOKIE data sanitized
DEBUG - 2021-01-07 00:14:11 --> Config file loaded: C:\xampp\htdocs\2017296\WishList\application\config/rest.php
DEBUG - 2021-01-07 00:14:11 --> Total execution time: 0.0659
DEBUG - 2021-01-07 00:14:16 --> UTF-8 Support Enabled
DEBUG - 2021-01-07 00:14:16 --> Global POST, GET and COOKIE data sanitized
DEBUG - 2021-01-07 00:14:16 --> Config file loaded: C:\xampp\htdocs\2017296\WishList\application\config/rest.php
DEBUG - 2021-01-07 00:14:16 --> Total execution time: 0.0640
DEBUG - 2021-01-07 00:14:17 --> UTF-8 Support Enabled
DEBUG - 2021-01-07 00:14:17 --> Global POST, GET and COOKIE data sanitized
DEBUG - 2021-01-07 00:14:17 --> Config file loaded: C:\xampp\htdocs\2017296\WishList\application\config/rest.php
DEBUG - 2021-01-07 00:14:17 --> Total execution time: 0.0451
DEBUG - 2021-01-07 00:20:31 --> UTF-8 Support Enabled
DEBUG - 2021-01-07 00:20:31 --> Global POST, GET and COOKIE data sanitized
DEBUG - 2021-01-07 00:20:31 --> Config file loaded: C:\xampp\htdocs\2017296\WishList\application\config/rest.php
DEBUG - 2021-01-07 00:20:31 --> Total execution time: 0.0509
DEBUG - 2021-01-07 00:20:35 --> UTF-8 Support Enabled
DEBUG - 2021-01-07 00:20:35 --> Global POST, GET and COOKIE data sanitized
DEBUG - 2021-01-07 00:20:35 --> Config file loaded: C:\xampp\htdocs\2017296\WishList\application\config/rest.php
DEBUG - 2021-01-07 00:20:35 --> Total execution time: 0.0494
DEBUG - 2021-01-07 00:20:38 --> UTF-8 Support Enabled
DEBUG - 2021-01-07 00:20:38 --> Global POST, GET and COOKIE data sanitized
DEBUG - 2021-01-07 00:20:38 --> Config file loaded: C:\xampp\htdocs\2017296\WishList\application\config/rest.php
DEBUG - 2021-01-07 00:20:38 --> Total execution time: 0.0559
DEBUG - 2021-01-07 00:20:41 --> UTF-8 Support Enabled
DEBUG - 2021-01-07 00:20:41 --> Global POST, GET and COOKIE data sanitized
DEBUG - 2021-01-07 00:20:41 --> Config file loaded: C:\xampp\htdocs\2017296\WishList\application\config/rest.php
DEBUG - 2021-01-07 00:20:41 --> Total execution time: 0.0566
DEBUG - 2021-01-07 00:20:42 --> UTF-8 Support Enabled
DEBUG - 2021-01-07 00:20:42 --> Global POST, GET and COOKIE data sanitized
DEBUG - 2021-01-07 00:20:42 --> Config file loaded: C:\xampp\htdocs\2017296\WishList\application\config/rest.php
DEBUG - 2021-01-07 00:20:42 --> Total execution time: 0.0442
DEBUG - 2021-01-07 00:20:59 --> UTF-8 Support Enabled
DEBUG - 2021-01-07 00:20:59 --> Global POST, GET and COOKIE data sanitized
DEBUG - 2021-01-07 00:20:59 --> Config file loaded: C:\xampp\htdocs\2017296\WishList\application\config/rest.php
ERROR - 2021-01-07 00:20:59 --> Query error: Cannot add or update a child row: a foreign key constraint fails (`wishlist`.`item`, CONSTRAINT `item_ibfk_1` FOREIGN KEY (`w_id`) REFERENCES `wish_list` (`id`) ON DELETE CASCADE) - Invalid query: INSERT INTO `item` (`w_id`, `pr_id`, `title`, `price`, `qty`, `url`, `img_url`, `created_at`, `updated_at`) VALUES ('1', '1', 'New Apple iPhone 12 Pro Max (256GB, Graphite)', '1000', '1', 'https://www.amazon.com/Apple-iPhone-Graphite-Carrier-Subscription/dp/B08L5P9B9H/ref=sr_1_4?dchild=1&keywords=iphone+12&qid=1609925587&sr=8-4', 'assets/img/present.jpg', '2021-01-07 12:01:59', '2021-01-07 12:01:59')
DEBUG - 2021-01-07 00:21:34 --> UTF-8 Support Enabled
DEBUG - 2021-01-07 00:21:34 --> Global POST, GET and COOKIE data sanitized
DEBUG - 2021-01-07 00:21:34 --> Config file loaded: C:\xampp\htdocs\2017296\WishList\application\config/rest.php
DEBUG - 2021-01-07 00:21:34 --> Total execution time: 0.0837
DEBUG - 2021-01-07 00:21:42 --> UTF-8 Support Enabled
DEBUG - 2021-01-07 00:21:42 --> Global POST, GET and COOKIE data sanitized
DEBUG - 2021-01-07 00:21:42 --> Config file loaded: C:\xampp\htdocs\2017296\WishList\application\config/rest.php
DEBUG - 2021-01-07 00:21:42 --> Total execution time: 0.0602
DEBUG - 2021-01-07 00:21:50 --> UTF-8 Support Enabled
DEBUG - 2021-01-07 00:21:50 --> Global POST, GET and COOKIE data sanitized
DEBUG - 2021-01-07 00:21:50 --> Config file loaded: C:\xampp\htdocs\2017296\WishList\application\config/rest.php
ERROR - 2021-01-07 00:21:50 --> Query error: Cannot add or update a child row: a foreign key constraint fails (`wishlist`.`shared_link`, CONSTRAINT `shared_link_ibfk_2` FOREIGN KEY (`w_id`) REFERENCES `wish_list` (`id`) ON DELETE CASCADE) - Invalid query: INSERT INTO `shared_link` (`u_id`, `w_id`, `is_shared`, `created_at`, `updated_at`) VALUES ('1001', '1', 'yes', '2021-01-07 12:01:50', '2021-01-07 12:01:50')
DEBUG - 2021-01-07 00:21:55 --> UTF-8 Support Enabled
DEBUG - 2021-01-07 00:21:55 --> Global POST, GET and COOKIE data sanitized
DEBUG - 2021-01-07 00:21:55 --> Config file loaded: C:\xampp\htdocs\2017296\WishList\application\config/rest.php
DEBUG - 2021-01-07 00:21:55 --> Total execution time: 0.0579
DEBUG - 2021-01-07 00:22:23 --> UTF-8 Support Enabled
DEBUG - 2021-01-07 00:22:23 --> Global POST, GET and COOKIE data sanitized
DEBUG - 2021-01-07 00:22:23 --> Config file loaded: C:\xampp\htdocs\2017296\WishList\application\config/rest.php
DEBUG - 2021-01-07 00:22:23 --> Total execution time: 0.0733
DEBUG - 2021-01-07 00:22:30 --> UTF-8 Support Enabled
DEBUG - 2021-01-07 00:22:30 --> Global POST, GET and COOKIE data sanitized
DEBUG - 2021-01-07 00:22:30 --> Config file loaded: C:\xampp\htdocs\2017296\WishList\application\config/rest.php
DEBUG - 2021-01-07 00:22:30 --> Total execution time: 0.0559
DEBUG - 2021-01-07 00:23:02 --> UTF-8 Support Enabled
DEBUG - 2021-01-07 00:23:02 --> Global POST, GET and COOKIE data sanitized
DEBUG - 2021-01-07 00:23:02 --> Config file loaded: C:\xampp\htdocs\2017296\WishList\application\config/rest.php
DEBUG - 2021-01-07 00:23:02 --> Total execution time: 0.0538
DEBUG - 2021-01-07 00:29:48 --> UTF-8 Support Enabled
DEBUG - 2021-01-07 00:29:48 --> No URI present. Default controller set.
DEBUG - 2021-01-07 00:29:48 --> Global POST, GET and COOKIE data sanitized
DEBUG - 2021-01-07 00:29:48 --> UTF-8 Support Enabled
DEBUG - 2021-01-07 00:29:48 --> Global POST, GET and COOKIE data sanitized
DEBUG - 2021-01-07 00:29:48 --> Total execution time: 0.0637
DEBUG - 2021-01-07 00:29:56 --> UTF-8 Support Enabled
DEBUG - 2021-01-07 00:29:56 --> Global POST, GET and COOKIE data sanitized
DEBUG - 2021-01-07 00:29:56 --> Config file loaded: C:\xampp\htdocs\2017296\WishList\application\config/rest.php
DEBUG - 2021-01-07 00:29:56 --> Total execution time: 0.1339
DEBUG - 2021-01-07 00:29:56 --> UTF-8 Support Enabled
DEBUG - 2021-01-07 00:29:56 --> Global POST, GET and COOKIE data sanitized
DEBUG - 2021-01-07 00:29:56 --> UTF-8 Support Enabled
DEBUG - 2021-01-07 00:29:56 --> No URI present. Default controller set.
DEBUG - 2021-01-07 00:29:56 --> Global POST, GET and COOKIE data sanitized
DEBUG - 2021-01-07 00:29:56 --> Config file loaded: C:\xampp\htdocs\2017296\WishList\application\config/rest.php
DEBUG - 2021-01-07 00:29:56 --> Total execution time: 0.0716
DEBUG - 2021-01-07 00:29:56 --> Total execution time: 0.0630
DEBUG - 2021-01-07 00:31:11 --> UTF-8 Support Enabled
DEBUG - 2021-01-07 00:31:11 --> No URI present. Default controller set.
DEBUG - 2021-01-07 00:31:11 --> Global POST, GET and COOKIE data sanitized
DEBUG - 2021-01-07 00:31:11 --> Total execution time: 0.0422
DEBUG - 2021-01-07 00:31:12 --> UTF-8 Support Enabled
DEBUG - 2021-01-07 00:31:12 --> Global POST, GET and COOKIE data sanitized
DEBUG - 2021-01-07 00:31:12 --> Config file loaded: C:\xampp\htdocs\2017296\WishList\application\config/rest.php
ERROR - 2021-01-07 00:31:12 --> Severity: Warning --> call_user_func_array() expects parameter 1 to be a valid callback, class 'WishItem' does not have a method 'index_get' C:\xampp\htdocs\2017296\WishList\application\libraries\REST_Controller.php 743
DEBUG - 2021-01-07 00:31:12 --> Total execution time: 0.0495
DEBUG - 2021-01-07 00:32:53 --> UTF-8 Support Enabled
DEBUG - 2021-01-07 00:32:53 --> No URI present. Default controller set.
DEBUG - 2021-01-07 00:32:53 --> Global POST, GET and COOKIE data sanitized
DEBUG - 2021-01-07 00:32:53 --> Total execution time: 0.0634
DEBUG - 2021-01-07 00:33:33 --> UTF-8 Support Enabled
DEBUG - 2021-01-07 00:33:33 --> No URI present. Default controller set.
DEBUG - 2021-01-07 00:33:33 --> Global POST, GET and COOKIE data sanitized
DEBUG - 2021-01-07 00:33:33 --> Total execution time: 0.0421
DEBUG - 2021-01-07 00:33:33 --> UTF-8 Support Enabled
DEBUG - 2021-01-07 00:33:33 --> Global POST, GET and COOKIE data sanitized
DEBUG - 2021-01-07 00:33:33 --> Config file loaded: C:\xampp\htdocs\2017296\WishList\application\config/rest.php
ERROR - 2021-01-07 00:33:33 --> Severity: Warning --> call_user_func_array() expects parameter 1 to be a valid callback, class 'WishItem' does not have a method 'index_get' C:\xampp\htdocs\2017296\WishList\application\libraries\REST_Controller.php 743
DEBUG - 2021-01-07 00:33:33 --> Total execution time: 0.0452
DEBUG - 2021-01-07 00:34:05 --> UTF-8 Support Enabled
DEBUG - 2021-01-07 00:34:05 --> No URI present. Default controller set.
DEBUG - 2021-01-07 00:34:05 --> Global POST, GET and COOKIE data sanitized
DEBUG - 2021-01-07 00:34:05 --> Total execution time: 0.0415
DEBUG - 2021-01-07 00:34:06 --> UTF-8 Support Enabled
DEBUG - 2021-01-07 00:34:06 --> Global POST, GET and COOKIE data sanitized
DEBUG - 2021-01-07 00:34:06 --> Config file loaded: C:\xampp\htdocs\2017296\WishList\application\config/rest.php
ERROR - 2021-01-07 00:34:06 --> Severity: Warning --> call_user_func_array() expects parameter 1 to be a valid callback, class 'WishItem' does not have a method 'index_get' C:\xampp\htdocs\2017296\WishList\application\libraries\REST_Controller.php 743
DEBUG - 2021-01-07 00:34:06 --> Total execution time: 0.0701
DEBUG - 2021-01-07 00:36:05 --> UTF-8 Support Enabled
DEBUG - 2021-01-07 00:36:05 --> Global POST, GET and COOKIE data sanitized
DEBUG - 2021-01-07 00:36:05 --> Config file loaded: C:\xampp\htdocs\2017296\WishList\application\config/rest.php
DEBUG - 2021-01-07 00:36:05 --> Total execution time: 0.0524
DEBUG - 2021-01-07 00:36:24 --> UTF-8 Support Enabled
DEBUG - 2021-01-07 00:36:24 --> No URI present. Default controller set.
DEBUG - 2021-01-07 00:36:24 --> Global POST, GET and COOKIE data sanitized
DEBUG - 2021-01-07 00:36:24 --> Total execution time: 0.0535
DEBUG - 2021-01-07 00:36:24 --> UTF-8 Support Enabled
DEBUG - 2021-01-07 00:36:24 --> Global POST, GET and COOKIE data sanitized
DEBUG - 2021-01-07 00:36:24 --> Config file loaded: C:\xampp\htdocs\2017296\WishList\application\config/rest.php
DEBUG - 2021-01-07 00:36:24 --> Total execution time: 0.0496
DEBUG - 2021-01-07 00:38:44 --> UTF-8 Support Enabled
DEBUG - 2021-01-07 00:38:44 --> No URI present. Default controller set.
DEBUG - 2021-01-07 00:38:44 --> Global POST, GET and COOKIE data sanitized
DEBUG - 2021-01-07 00:38:44 --> Total execution time: 0.0454
DEBUG - 2021-01-07 00:38:44 --> UTF-8 Support Enabled
DEBUG - 2021-01-07 00:38:44 --> Global POST, GET and COOKIE data sanitized
DEBUG - 2021-01-07 00:38:44 --> Config file loaded: C:\xampp\htdocs\2017296\WishList\application\config/rest.php
DEBUG - 2021-01-07 00:38:45 --> Total execution time: 0.0494
DEBUG - 2021-01-07 00:41:50 --> UTF-8 Support Enabled
DEBUG - 2021-01-07 00:41:50 --> No URI present. Default controller set.
DEBUG - 2021-01-07 00:41:50 --> Global POST, GET and COOKIE data sanitized
DEBUG - 2021-01-07 00:41:50 --> Total execution time: 0.0472
DEBUG - 2021-01-07 00:41:50 --> UTF-8 Support Enabled
DEBUG - 2021-01-07 00:41:50 --> Global POST, GET and COOKIE data sanitized
DEBUG - 2021-01-07 00:41:50 --> Config file loaded: C:\xampp\htdocs\2017296\WishList\application\config/rest.php
DEBUG - 2021-01-07 00:41:50 --> Total execution time: 0.0476
DEBUG - 2021-01-07 00:44:34 --> UTF-8 Support Enabled
DEBUG - 2021-01-07 00:44:34 --> No URI present. Default controller set.
DEBUG - 2021-01-07 00:44:34 --> Global POST, GET and COOKIE data sanitized
DEBUG - 2021-01-07 00:44:34 --> Total execution time: 0.0509
DEBUG - 2021-01-07 00:44:34 --> UTF-8 Support Enabled
DEBUG - 2021-01-07 00:44:34 --> Global POST, GET and COOKIE data sanitized
DEBUG - 2021-01-07 00:44:34 --> Config file loaded: C:\xampp\htdocs\2017296\WishList\application\config/rest.php
DEBUG - 2021-01-07 00:44:34 --> Total execution time: 0.0435
DEBUG - 2021-01-07 01:37:35 --> UTF-8 Support Enabled
DEBUG - 2021-01-07 01:37:35 --> No URI present. Default controller set.
DEBUG - 2021-01-07 01:37:35 --> Global POST, GET and COOKIE data sanitized
DEBUG - 2021-01-07 01:37:35 --> Total execution time: 0.0830
DEBUG - 2021-01-07 01:37:36 --> UTF-8 Support Enabled
DEBUG - 2021-01-07 01:37:36 --> Global POST, GET and COOKIE data sanitized
DEBUG - 2021-01-07 01:37:36 --> Config file loaded: C:\xampp\htdocs\2017296\WishList\application\config/rest.php
DEBUG - 2021-01-07 01:37:36 --> Total execution time: 0.0398
DEBUG - 2021-01-07 01:37:57 --> UTF-8 Support Enabled
DEBUG - 2021-01-07 01:37:57 --> No URI present. Default controller set.
DEBUG - 2021-01-07 01:37:57 --> Global POST, GET and COOKIE data sanitized
DEBUG - 2021-01-07 01:37:57 --> Total execution time: 0.0475
DEBUG - 2021-01-07 01:37:58 --> UTF-8 Support Enabled
DEBUG - 2021-01-07 01:37:58 --> Global POST, GET and COOKIE data sanitized
DEBUG - 2021-01-07 01:37:58 --> Config file loaded: C:\xampp\htdocs\2017296\WishList\application\config/rest.php
DEBUG - 2021-01-07 01:37:58 --> Total execution time: 0.0610
DEBUG - 2021-01-07 01:38:31 --> UTF-8 Support Enabled
DEBUG - 2021-01-07 01:38:31 --> No URI present. Default controller set.
DEBUG - 2021-01-07 01:38:31 --> Global POST, GET and COOKIE data sanitized
DEBUG - 2021-01-07 01:38:31 --> Total execution time: 0.0412
DEBUG - 2021-01-07 01:38:32 --> UTF-8 Support Enabled
DEBUG - 2021-01-07 01:38:32 --> Global POST, GET and COOKIE data sanitized
DEBUG - 2021-01-07 01:38:32 --> Config file loaded: C:\xampp\htdocs\2017296\WishList\application\config/rest.php
DEBUG - 2021-01-07 01:38:32 --> Total execution time: 0.0498
DEBUG - 2021-01-07 01:40:11 --> UTF-8 Support Enabled
DEBUG - 2021-01-07 01:40:11 --> No URI present. Default controller set.
DEBUG - 2021-01-07 01:40:11 --> Global POST, GET and COOKIE data sanitized
DEBUG - 2021-01-07 01:40:11 --> Total execution time: 0.0455
DEBUG - 2021-01-07 01:40:11 --> UTF-8 Support Enabled
DEBUG - 2021-01-07 01:40:11 --> Global POST, GET and COOKIE data sanitized
DEBUG - 2021-01-07 01:40:11 --> Config file loaded: C:\xampp\htdocs\2017296\WishList\application\config/rest.php
DEBUG - 2021-01-07 01:40:11 --> Total execution time: 0.0612
DEBUG - 2021-01-07 01:40:19 --> UTF-8 Support Enabled
DEBUG - 2021-01-07 01:40:19 --> No URI present. Default controller set.
DEBUG - 2021-01-07 01:40:20 --> Global POST, GET and COOKIE data sanitized
DEBUG - 2021-01-07 01:40:20 --> Total execution time: 0.0562
DEBUG - 2021-01-07 01:40:20 --> UTF-8 Support Enabled
DEBUG - 2021-01-07 01:40:20 --> Global POST, GET and COOKIE data sanitized
DEBUG - 2021-01-07 01:40:20 --> Config file loaded: C:\xampp\htdocs\2017296\WishList\application\config/rest.php
DEBUG - 2021-01-07 01:40:20 --> Total execution time: 0.0511
DEBUG - 2021-01-07 01:40:28 --> UTF-8 Support Enabled
DEBUG - 2021-01-07 01:40:28 --> No URI present. Default controller set.
DEBUG - 2021-01-07 01:40:28 --> Global POST, GET and COOKIE data sanitized
DEBUG - 2021-01-07 01:40:28 --> Total execution time: 0.0416
DEBUG - 2021-01-07 01:40:29 --> UTF-8 Support Enabled
DEBUG - 2021-01-07 01:40:29 --> Global POST, GET and COOKIE data sanitized
DEBUG - 2021-01-07 01:40:29 --> Config file loaded: C:\xampp\htdocs\2017296\WishList\application\config/rest.php
DEBUG - 2021-01-07 01:40:29 --> Total execution time: 0.0530
DEBUG - 2021-01-07 01:40:42 --> UTF-8 Support Enabled
DEBUG - 2021-01-07 01:40:42 --> No URI present. Default controller set.
DEBUG - 2021-01-07 01:40:42 --> Global POST, GET and COOKIE data sanitized
DEBUG - 2021-01-07 01:40:42 --> Total execution time: 0.0396
DEBUG - 2021-01-07 01:40:43 --> UTF-8 Support Enabled
DEBUG - 2021-01-07 01:40:43 --> Global POST, GET and COOKIE data sanitized
DEBUG - 2021-01-07 01:40:43 --> Config file loaded: C:\xampp\htdocs\2017296\WishList\application\config/rest.php
DEBUG - 2021-01-07 01:40:43 --> Total execution time: 0.0492
DEBUG - 2021-01-07 01:41:06 --> UTF-8 Support Enabled
DEBUG - 2021-01-07 01:41:06 --> No URI present. Default controller set.
DEBUG - 2021-01-07 01:41:06 --> Global POST, GET and COOKIE data sanitized
DEBUG - 2021-01-07 01:41:06 --> Total execution time: 0.0422
DEBUG - 2021-01-07 01:41:07 --> UTF-8 Support Enabled
DEBUG - 2021-01-07 01:41:07 --> Global POST, GET and COOKIE data sanitized
DEBUG - 2021-01-07 01:41:07 --> Config file loaded: C:\xampp\htdocs\2017296\WishList\application\config/rest.php
DEBUG - 2021-01-07 01:41:07 --> Total execution time: 0.0546
DEBUG - 2021-01-07 01:42:02 --> UTF-8 Support Enabled
DEBUG - 2021-01-07 01:42:02 --> No URI present. Default controller set.
DEBUG - 2021-01-07 01:42:02 --> Global POST, GET and COOKIE data sanitized
DEBUG - 2021-01-07 01:42:02 --> Total execution time: 0.0409
DEBUG - 2021-01-07 01:42:03 --> UTF-8 Support Enabled
DEBUG - 2021-01-07 01:42:03 --> Global POST, GET and COOKIE data sanitized
DEBUG - 2021-01-07 01:42:03 --> Config file loaded: C:\xampp\htdocs\2017296\WishList\application\config/rest.php
DEBUG - 2021-01-07 01:42:03 --> Total execution time: 0.0508
DEBUG - 2021-01-07 01:42:28 --> UTF-8 Support Enabled
DEBUG - 2021-01-07 01:42:28 --> No URI present. Default controller set.
DEBUG - 2021-01-07 01:42:28 --> Global POST, GET and COOKIE data sanitized
DEBUG - 2021-01-07 01:42:28 --> Total execution time: 0.0421
DEBUG - 2021-01-07 01:42:28 --> UTF-8 Support Enabled
DEBUG - 2021-01-07 01:42:28 --> Global POST, GET and COOKIE data sanitized
DEBUG - 2021-01-07 01:42:28 --> Config file loaded: C:\xampp\htdocs\2017296\WishList\application\config/rest.php
DEBUG - 2021-01-07 01:42:28 --> Total execution time: 0.0524
DEBUG - 2021-01-07 01:42:42 --> UTF-8 Support Enabled
DEBUG - 2021-01-07 01:42:42 --> No URI present. Default controller set.
DEBUG - 2021-01-07 01:42:42 --> Global POST, GET and COOKIE data sanitized
DEBUG - 2021-01-07 01:42:42 --> Total execution time: 0.0530
DEBUG - 2021-01-07 01:42:42 --> UTF-8 Support Enabled
DEBUG - 2021-01-07 01:42:42 --> Global POST, GET and COOKIE data sanitized
DEBUG - 2021-01-07 01:42:42 --> Config file loaded: C:\xampp\htdocs\2017296\WishList\application\config/rest.php
DEBUG - 2021-01-07 01:42:42 --> Total execution time: 0.0489
DEBUG - 2021-01-07 01:43:46 --> UTF-8 Support Enabled
DEBUG - 2021-01-07 01:43:46 --> No URI present. Default controller set.
DEBUG - 2021-01-07 01:43:46 --> Global POST, GET and COOKIE data sanitized
DEBUG - 2021-01-07 01:43:46 --> Total execution time: 0.0482
DEBUG - 2021-01-07 01:43:47 --> UTF-8 Support Enabled
DEBUG - 2021-01-07 01:43:47 --> Global POST, GET and COOKIE data sanitized
DEBUG - 2021-01-07 01:43:47 --> Config file loaded: C:\xampp\htdocs\2017296\WishList\application\config/rest.php
DEBUG - 2021-01-07 01:43:47 --> Total execution time: 0.0481
DEBUG - 2021-01-07 01:44:03 --> UTF-8 Support Enabled
DEBUG - 2021-01-07 01:44:03 --> No URI present. Default controller set.
DEBUG - 2021-01-07 01:44:03 --> Global POST, GET and COOKIE data sanitized
DEBUG - 2021-01-07 01:44:03 --> Total execution time: 0.0408
DEBUG - 2021-01-07 01:44:03 --> UTF-8 Support Enabled
DEBUG - 2021-01-07 01:44:03 --> Global POST, GET and COOKIE data sanitized
DEBUG - 2021-01-07 01:44:03 --> Config file loaded: C:\xampp\htdocs\2017296\WishList\application\config/rest.php
DEBUG - 2021-01-07 01:44:03 --> Total execution time: 0.0520
DEBUG - 2021-01-07 01:44:11 --> UTF-8 Support Enabled
DEBUG - 2021-01-07 01:44:11 --> No URI present. Default controller set.
DEBUG - 2021-01-07 01:44:11 --> Global POST, GET and COOKIE data sanitized
DEBUG - 2021-01-07 01:44:11 --> Total execution time: 0.0380
DEBUG - 2021-01-07 01:44:12 --> UTF-8 Support Enabled
DEBUG - 2021-01-07 01:44:12 --> Global POST, GET and COOKIE data sanitized
DEBUG - 2021-01-07 01:44:12 --> Config file loaded: C:\xampp\htdocs\2017296\WishList\application\config/rest.php
DEBUG - 2021-01-07 01:44:12 --> Total execution time: 0.0457
DEBUG - 2021-01-07 01:44:17 --> UTF-8 Support Enabled
DEBUG - 2021-01-07 01:44:17 --> No URI present. Default controller set.
DEBUG - 2021-01-07 01:44:17 --> Global POST, GET and COOKIE data sanitized
DEBUG - 2021-01-07 01:44:18 --> Total execution time: 0.0587
DEBUG - 2021-01-07 01:44:18 --> UTF-8 Support Enabled
DEBUG - 2021-01-07 01:44:18 --> Global POST, GET and COOKIE data sanitized
DEBUG - 2021-01-07 01:44:18 --> Config file loaded: C:\xampp\htdocs\2017296\WishList\application\config/rest.php
DEBUG - 2021-01-07 01:44:18 --> Total execution time: 0.0534
DEBUG - 2021-01-07 01:47:37 --> UTF-8 Support Enabled
DEBUG - 2021-01-07 01:47:37 --> No URI present. Default controller set.
DEBUG - 2021-01-07 01:47:37 --> Global POST, GET and COOKIE data sanitized
DEBUG - 2021-01-07 01:47:37 --> Total execution time: 0.0611
DEBUG - 2021-01-07 01:47:38 --> UTF-8 Support Enabled
DEBUG - 2021-01-07 01:47:38 --> Global POST, GET and COOKIE data sanitized
DEBUG - 2021-01-07 01:47:38 --> Config file loaded: C:\xampp\htdocs\2017296\WishList\application\config/rest.php
DEBUG - 2021-01-07 01:47:38 --> Total execution time: 0.0542
DEBUG - 2021-01-07 01:48:49 --> UTF-8 Support Enabled
DEBUG - 2021-01-07 01:48:49 --> No URI present. Default controller set.
DEBUG - 2021-01-07 01:48:49 --> Global POST, GET and COOKIE data sanitized
DEBUG - 2021-01-07 01:48:49 --> Total execution time: 0.0365
DEBUG - 2021-01-07 01:49:57 --> UTF-8 Support Enabled
DEBUG - 2021-01-07 01:49:57 --> Global POST, GET and COOKIE data sanitized
DEBUG - 2021-01-07 01:49:57 --> Config file loaded: C:\xampp\htdocs\2017296\WishList\application\config/rest.php
DEBUG - 2021-01-07 01:49:57 --> Total execution time: 0.0597
DEBUG - 2021-01-07 01:52:36 --> UTF-8 Support Enabled
DEBUG - 2021-01-07 01:52:36 --> Global POST, GET and COOKIE data sanitized
DEBUG - 2021-01-07 01:52:36 --> Config file loaded: C:\xampp\htdocs\2017296\WishList\application\config/rest.php
DEBUG - 2021-01-07 01:52:36 --> Total execution time: 0.0503
DEBUG - 2021-01-07 01:52:46 --> UTF-8 Support Enabled
DEBUG - 2021-01-07 01:52:46 --> Global POST, GET and COOKIE data sanitized
DEBUG - 2021-01-07 01:52:46 --> Config file loaded: C:\xampp\htdocs\2017296\WishList\application\config/rest.php
DEBUG - 2021-01-07 01:52:46 --> Total execution time: 0.0496
DEBUG - 2021-01-07 01:54:13 --> UTF-8 Support Enabled
DEBUG - 2021-01-07 01:54:13 --> Global POST, GET and COOKIE data sanitized
DEBUG - 2021-01-07 01:54:13 --> Config file loaded: C:\xampp\htdocs\2017296\WishList\application\config/rest.php
DEBUG - 2021-01-07 01:54:13 --> Total execution time: 0.0628
DEBUG - 2021-01-07 02:01:04 --> UTF-8 Support Enabled
DEBUG - 2021-01-07 02:01:04 --> No URI present. Default controller set.
DEBUG - 2021-01-07 02:01:04 --> Global POST, GET and COOKIE data sanitized
DEBUG - 2021-01-07 02:01:04 --> Total execution time: 0.0401
DEBUG - 2021-01-07 02:01:26 --> UTF-8 Support Enabled
DEBUG - 2021-01-07 02:01:26 --> No URI present. Default controller set.
DEBUG - 2021-01-07 02:01:26 --> Global POST, GET and COOKIE data sanitized
DEBUG - 2021-01-07 02:01:26 --> Total execution time: 0.0442
DEBUG - 2021-01-07 02:02:03 --> UTF-8 Support Enabled
DEBUG - 2021-01-07 02:02:03 --> No URI present. Default controller set.
DEBUG - 2021-01-07 02:02:03 --> Global POST, GET and COOKIE data sanitized
DEBUG - 2021-01-07 02:02:03 --> Total execution time: 0.0462
DEBUG - 2021-01-07 02:07:29 --> UTF-8 Support Enabled
DEBUG - 2021-01-07 02:07:29 --> No URI present. Default controller set.
DEBUG - 2021-01-07 02:07:30 --> Global POST, GET and COOKIE data sanitized
DEBUG - 2021-01-07 02:07:30 --> Total execution time: 0.0573
DEBUG - 2021-01-07 02:07:55 --> UTF-8 Support Enabled
DEBUG - 2021-01-07 02:07:55 --> No URI present. Default controller set.
DEBUG - 2021-01-07 02:07:55 --> Global POST, GET and COOKIE data sanitized
DEBUG - 2021-01-07 02:07:55 --> Total execution time: 0.0461
DEBUG - 2021-01-07 02:09:25 --> UTF-8 Support Enabled
DEBUG - 2021-01-07 02:09:25 --> No URI present. Default controller set.
DEBUG - 2021-01-07 02:09:25 --> Global POST, GET and COOKIE data sanitized
DEBUG - 2021-01-07 02:09:25 --> Total execution time: 0.0420
DEBUG - 2021-01-07 02:10:56 --> UTF-8 Support Enabled
DEBUG - 2021-01-07 02:10:56 --> No URI present. Default controller set.
DEBUG - 2021-01-07 02:10:56 --> Global POST, GET and COOKIE data sanitized
DEBUG - 2021-01-07 02:10:56 --> Total execution time: 0.0483
DEBUG - 2021-01-07 02:11:20 --> UTF-8 Support Enabled
DEBUG - 2021-01-07 02:11:20 --> No URI present. Default controller set.
DEBUG - 2021-01-07 02:11:20 --> Global POST, GET and COOKIE data sanitized
DEBUG - 2021-01-07 02:11:20 --> Total execution time: 0.0383
DEBUG - 2021-01-07 02:11:45 --> UTF-8 Support Enabled
DEBUG - 2021-01-07 02:11:45 --> No URI present. Default controller set.
DEBUG - 2021-01-07 02:11:45 --> Global POST, GET and COOKIE data sanitized
DEBUG - 2021-01-07 02:11:45 --> Total execution time: 0.0431
DEBUG - 2021-01-07 02:11:45 --> UTF-8 Support Enabled
DEBUG - 2021-01-07 02:11:45 --> Global POST, GET and COOKIE data sanitized
DEBUG - 2021-01-07 02:11:45 --> Config file loaded: C:\xampp\htdocs\2017296\WishList\application\config/rest.php
DEBUG - 2021-01-07 02:11:45 --> Total execution time: 0.0613
DEBUG - 2021-01-07 02:12:07 --> UTF-8 Support Enabled
DEBUG - 2021-01-07 02:12:07 --> Global POST, GET and COOKIE data sanitized
DEBUG - 2021-01-07 02:12:07 --> Config file loaded: C:\xampp\htdocs\2017296\WishList\application\config/rest.php
DEBUG - 2021-01-07 02:12:07 --> Total execution time: 0.0468
DEBUG - 2021-01-07 02:12:10 --> UTF-8 Support Enabled
DEBUG - 2021-01-07 02:12:10 --> No URI present. Default controller set.
DEBUG - 2021-01-07 02:12:10 --> Global POST, GET and COOKIE data sanitized
DEBUG - 2021-01-07 02:12:10 --> Total execution time: 0.0480
DEBUG - 2021-01-07 02:12:10 --> UTF-8 Support Enabled
DEBUG - 2021-01-07 02:12:10 --> Global POST, GET and COOKIE data sanitized
DEBUG - 2021-01-07 02:12:10 --> Config file loaded: C:\xampp\htdocs\2017296\WishList\application\config/rest.php
DEBUG - 2021-01-07 02:12:10 --> Total execution time: 0.0412
DEBUG - 2021-01-07 02:12:24 --> UTF-8 Support Enabled
DEBUG - 2021-01-07 02:12:24 --> No URI present. Default controller set.
DEBUG - 2021-01-07 02:12:24 --> Global POST, GET and COOKIE data sanitized
DEBUG - 2021-01-07 02:12:24 --> Total execution time: 0.0425
DEBUG - 2021-01-07 02:12:24 --> UTF-8 Support Enabled
DEBUG - 2021-01-07 02:12:24 --> Global POST, GET and COOKIE data sanitized
DEBUG - 2021-01-07 02:12:24 --> Config file loaded: C:\xampp\htdocs\2017296\WishList\application\config/rest.php
DEBUG - 2021-01-07 02:12:24 --> Total execution time: 0.0515
DEBUG - 2021-01-07 02:12:28 --> UTF-8 Support Enabled
DEBUG - 2021-01-07 02:12:28 --> Global POST, GET and COOKIE data sanitized
DEBUG - 2021-01-07 02:12:28 --> Config file loaded: C:\xampp\htdocs\2017296\WishList\application\config/rest.php
DEBUG - 2021-01-07 02:12:28 --> Total execution time: 0.0435
DEBUG - 2021-01-07 02:16:57 --> UTF-8 Support Enabled
DEBUG - 2021-01-07 02:16:57 --> No URI present. Default controller set.
DEBUG - 2021-01-07 02:16:57 --> Global POST, GET and COOKIE data sanitized
DEBUG - 2021-01-07 02:16:57 --> Total execution time: 0.0536
DEBUG - 2021-01-07 02:16:57 --> UTF-8 Support Enabled
DEBUG - 2021-01-07 02:16:57 --> Global POST, GET and COOKIE data sanitized
DEBUG - 2021-01-07 02:16:57 --> Config file loaded: C:\xampp\htdocs\2017296\WishList\application\config/rest.php
DEBUG - 2021-01-07 02:16:57 --> Total execution time: 0.0405
DEBUG - 2021-01-07 02:17:00 --> UTF-8 Support Enabled
DEBUG - 2021-01-07 02:17:00 --> No URI present. Default controller set.
DEBUG - 2021-01-07 02:17:00 --> Global POST, GET and COOKIE data sanitized
DEBUG - 2021-01-07 02:17:00 --> Total execution time: 0.0482
DEBUG - 2021-01-07 02:17:01 --> UTF-8 Support Enabled
DEBUG - 2021-01-07 02:17:01 --> Global POST, GET and COOKIE data sanitized
DEBUG - 2021-01-07 02:17:01 --> Config file loaded: C:\xampp\htdocs\2017296\WishList\application\config/rest.php
DEBUG - 2021-01-07 02:17:01 --> Total execution time: 0.0486
DEBUG - 2021-01-07 02:17:22 --> UTF-8 Support Enabled
DEBUG - 2021-01-07 02:17:22 --> No URI present. Default controller set.
DEBUG - 2021-01-07 02:17:22 --> Global POST, GET and COOKIE data sanitized
DEBUG - 2021-01-07 02:17:22 --> Total execution time: 0.0513
DEBUG - 2021-01-07 02:17:22 --> UTF-8 Support Enabled
DEBUG - 2021-01-07 02:17:22 --> Global POST, GET and COOKIE data sanitized
DEBUG - 2021-01-07 02:17:22 --> Config file loaded: C:\xampp\htdocs\2017296\WishList\application\config/rest.php
DEBUG - 2021-01-07 02:17:22 --> Total execution time: 0.0516
DEBUG - 2021-01-07 02:18:21 --> UTF-8 Support Enabled
DEBUG - 2021-01-07 02:18:21 --> No URI present. Default controller set.
DEBUG - 2021-01-07 02:18:21 --> Global POST, GET and COOKIE data sanitized
DEBUG - 2021-01-07 02:18:21 --> Total execution time: 0.0452
DEBUG - 2021-01-07 02:18:21 --> UTF-8 Support Enabled
DEBUG - 2021-01-07 02:18:21 --> Global POST, GET and COOKIE data sanitized
DEBUG - 2021-01-07 02:18:21 --> Config file loaded: C:\xampp\htdocs\2017296\WishList\application\config/rest.php
DEBUG - 2021-01-07 02:18:21 --> Total execution time: 0.0531
DEBUG - 2021-01-07 02:22:00 --> UTF-8 Support Enabled
DEBUG - 2021-01-07 02:22:00 --> No URI present. Default controller set.
DEBUG - 2021-01-07 02:22:00 --> Global POST, GET and COOKIE data sanitized
DEBUG - 2021-01-07 02:22:00 --> Total execution time: 0.0565
DEBUG - 2021-01-07 02:22:00 --> UTF-8 Support Enabled
DEBUG - 2021-01-07 02:22:00 --> Global POST, GET and COOKIE data sanitized
DEBUG - 2021-01-07 02:22:00 --> Config file loaded: C:\xampp\htdocs\2017296\WishList\application\config/rest.php
DEBUG - 2021-01-07 02:22:00 --> Total execution time: 0.0565
DEBUG - 2021-01-07 02:23:09 --> UTF-8 Support Enabled
DEBUG - 2021-01-07 02:23:09 --> No URI present. Default controller set.
DEBUG - 2021-01-07 02:23:09 --> Global POST, GET and COOKIE data sanitized
DEBUG - 2021-01-07 02:23:09 --> Total execution time: 0.0418
DEBUG - 2021-01-07 02:25:59 --> UTF-8 Support Enabled
DEBUG - 2021-01-07 02:25:59 --> No URI present. Default controller set.
DEBUG - 2021-01-07 02:25:59 --> Global POST, GET and COOKIE data sanitized
DEBUG - 2021-01-07 02:25:59 --> Total execution time: 0.0507
DEBUG - 2021-01-07 02:26:00 --> UTF-8 Support Enabled
DEBUG - 2021-01-07 02:26:00 --> Global POST, GET and COOKIE data sanitized
DEBUG - 2021-01-07 02:26:00 --> Config file loaded: C:\xampp\htdocs\2017296\WishList\application\config/rest.php
DEBUG - 2021-01-07 02:26:00 --> Total execution time: 0.0569
DEBUG - 2021-01-07 02:27:21 --> UTF-8 Support Enabled
DEBUG - 2021-01-07 02:27:21 --> No URI present. Default controller set.
DEBUG - 2021-01-07 02:27:21 --> Global POST, GET and COOKIE data sanitized
DEBUG - 2021-01-07 02:27:21 --> Total execution time: 0.0567
DEBUG - 2021-01-07 02:27:22 --> UTF-8 Support Enabled
DEBUG - 2021-01-07 02:27:22 --> Global POST, GET and COOKIE data sanitized
DEBUG - 2021-01-07 02:27:22 --> Config file loaded: C:\xampp\htdocs\2017296\WishList\application\config/rest.php
DEBUG - 2021-01-07 02:27:22 --> Total execution time: 0.0600
DEBUG - 2021-01-07 02:29:32 --> UTF-8 Support Enabled
DEBUG - 2021-01-07 02:29:32 --> No URI present. Default controller set.
DEBUG - 2021-01-07 02:29:32 --> Global POST, GET and COOKIE data sanitized
DEBUG - 2021-01-07 02:29:32 --> Total execution time: 0.0588
DEBUG - 2021-01-07 02:29:32 --> UTF-8 Support Enabled
DEBUG - 2021-01-07 02:29:32 --> Global POST, GET and COOKIE data sanitized
DEBUG - 2021-01-07 02:29:32 --> Config file loaded: C:\xampp\htdocs\2017296\WishList\application\config/rest.php
DEBUG - 2021-01-07 02:29:32 --> Total execution time: 0.0511
DEBUG - 2021-01-07 02:31:09 --> UTF-8 Support Enabled
DEBUG - 2021-01-07 02:31:09 --> No URI present. Default controller set.
DEBUG - 2021-01-07 02:31:09 --> Global POST, GET and COOKIE data sanitized
DEBUG - 2021-01-07 02:31:09 --> Total execution time: 0.0465
DEBUG - 2021-01-07 02:31:10 --> UTF-8 Support Enabled
DEBUG - 2021-01-07 02:31:10 --> Global POST, GET and COOKIE data sanitized
DEBUG - 2021-01-07 02:31:10 --> Config file loaded: C:\xampp\htdocs\2017296\WishList\application\config/rest.php
DEBUG - 2021-01-07 02:31:10 --> Total execution time: 0.0535
DEBUG - 2021-01-07 02:31:56 --> UTF-8 Support Enabled
DEBUG - 2021-01-07 02:31:56 --> No URI present. Default controller set.
DEBUG - 2021-01-07 02:31:56 --> Global POST, GET and COOKIE data sanitized
DEBUG - 2021-01-07 02:31:56 --> Total execution time: 0.0503
DEBUG - 2021-01-07 02:31:56 --> UTF-8 Support Enabled
DEBUG - 2021-01-07 02:31:56 --> Global POST, GET and COOKIE data sanitized
DEBUG - 2021-01-07 02:31:56 --> Config file loaded: C:\xampp\htdocs\2017296\WishList\application\config/rest.php
DEBUG - 2021-01-07 02:31:56 --> Total execution time: 0.0418
DEBUG - 2021-01-07 02:33:28 --> UTF-8 Support Enabled
DEBUG - 2021-01-07 02:33:28 --> No URI present. Default controller set.
DEBUG - 2021-01-07 02:33:28 --> Global POST, GET and COOKIE data sanitized
DEBUG - 2021-01-07 02:33:28 --> Total execution time: 0.0551
DEBUG - 2021-01-07 02:33:29 --> UTF-8 Support Enabled
DEBUG - 2021-01-07 02:33:29 --> Global POST, GET and COOKIE data sanitized
DEBUG - 2021-01-07 02:33:29 --> Config file loaded: C:\xampp\htdocs\2017296\WishList\application\config/rest.php
DEBUG - 2021-01-07 02:33:29 --> Total execution time: 0.0453
DEBUG - 2021-01-07 02:35:31 --> UTF-8 Support Enabled
DEBUG - 2021-01-07 02:35:31 --> No URI present. Default controller set.
DEBUG - 2021-01-07 02:35:31 --> Global POST, GET and COOKIE data sanitized
DEBUG - 2021-01-07 02:35:31 --> Total execution time: 0.0495
DEBUG - 2021-01-07 02:35:32 --> UTF-8 Support Enabled
DEBUG - 2021-01-07 02:35:32 --> Global POST, GET and COOKIE data sanitized
DEBUG - 2021-01-07 02:35:32 --> Config file loaded: C:\xampp\htdocs\2017296\WishList\application\config/rest.php
DEBUG - 2021-01-07 02:35:32 --> Total execution time: 0.0473
DEBUG - 2021-01-07 02:35:46 --> UTF-8 Support Enabled
DEBUG - 2021-01-07 02:35:46 --> No URI present. Default controller set.
DEBUG - 2021-01-07 02:35:46 --> Global POST, GET and COOKIE data sanitized
DEBUG - 2021-01-07 02:35:46 --> Total execution time: 0.0586
DEBUG - 2021-01-07 02:35:47 --> UTF-8 Support Enabled
DEBUG - 2021-01-07 02:35:47 --> Global POST, GET and COOKIE data sanitized
DEBUG - 2021-01-07 02:35:47 --> Config file loaded: C:\xampp\htdocs\2017296\WishList\application\config/rest.php
DEBUG - 2021-01-07 02:35:47 --> Total execution time: 0.0512
DEBUG - 2021-01-07 02:35:53 --> UTF-8 Support Enabled
DEBUG - 2021-01-07 02:35:53 --> No URI present. Default controller set.
DEBUG - 2021-01-07 02:35:53 --> Global POST, GET and COOKIE data sanitized
DEBUG - 2021-01-07 02:35:53 --> Total execution time: 0.0577
DEBUG - 2021-01-07 02:35:53 --> UTF-8 Support Enabled
DEBUG - 2021-01-07 02:35:53 --> Global POST, GET and COOKIE data sanitized
DEBUG - 2021-01-07 02:35:53 --> Config file loaded: C:\xampp\htdocs\2017296\WishList\application\config/rest.php
DEBUG - 2021-01-07 02:35:53 --> Total execution time: 0.0625
DEBUG - 2021-01-07 02:37:27 --> UTF-8 Support Enabled
DEBUG - 2021-01-07 02:37:27 --> Global POST, GET and COOKIE data sanitized
DEBUG - 2021-01-07 02:37:27 --> Config file loaded: C:\xampp\htdocs\2017296\WishList\application\config/rest.php
DEBUG - 2021-01-07 02:37:27 --> Total execution time: 0.0550
DEBUG - 2021-01-07 02:39:53 --> UTF-8 Support Enabled
DEBUG - 2021-01-07 02:39:53 --> Global POST, GET and COOKIE data sanitized
DEBUG - 2021-01-07 02:39:53 --> Config file loaded: C:\xampp\htdocs\2017296\WishList\application\config/rest.php
DEBUG - 2021-01-07 02:39:53 --> Total execution time: 0.0721
DEBUG - 2021-01-07 02:40:23 --> UTF-8 Support Enabled
DEBUG - 2021-01-07 02:40:23 --> Global POST, GET and COOKIE data sanitized
DEBUG - 2021-01-07 02:40:23 --> Config file loaded: C:\xampp\htdocs\2017296\WishList\application\config/rest.php
DEBUG - 2021-01-07 02:40:23 --> Total execution time: 0.0459
DEBUG - 2021-01-07 02:40:27 --> UTF-8 Support Enabled
DEBUG - 2021-01-07 02:40:27 --> Global POST, GET and COOKIE data sanitized
DEBUG - 2021-01-07 02:40:27 --> Config file loaded: C:\xampp\htdocs\2017296\WishList\application\config/rest.php
DEBUG - 2021-01-07 02:40:27 --> Total execution time: 0.0507
DEBUG - 2021-01-07 02:42:58 --> UTF-8 Support Enabled
DEBUG - 2021-01-07 02:42:58 --> Global POST, GET and COOKIE data sanitized
DEBUG - 2021-01-07 02:42:58 --> Config file loaded: C:\xampp\htdocs\2017296\WishList\application\config/rest.php
DEBUG - 2021-01-07 02:42:58 --> Total execution time: 0.0555
DEBUG - 2021-01-07 02:44:37 --> UTF-8 Support Enabled
DEBUG - 2021-01-07 02:44:37 --> Global POST, GET and COOKIE data sanitized
DEBUG - 2021-01-07 02:44:37 --> Config file loaded: C:\xampp\htdocs\2017296\WishList\application\config/rest.php
ERROR - 2021-01-07 02:44:37 --> Severity: Warning --> Use of undefined constant name - assumed 'name' (this will throw an Error in a future version of PHP) C:\xampp\htdocs\2017296\WishList\application\controllers\api\Users.php 35
ERROR - 2021-01-07 02:44:37 --> Severity: error --> Exception: Object of class stdClass could not be converted to string C:\xampp\htdocs\2017296\WishList\application\controllers\api\Users.php 35
DEBUG - 2021-01-07 02:44:53 --> UTF-8 Support Enabled
DEBUG - 2021-01-07 02:44:53 --> Global POST, GET and COOKIE data sanitized
DEBUG - 2021-01-07 02:44:53 --> Config file loaded: C:\xampp\htdocs\2017296\WishList\application\config/rest.php
DEBUG - 2021-01-07 02:44:53 --> Total execution time: 0.0618
DEBUG - 2021-01-07 02:46:30 --> UTF-8 Support Enabled
DEBUG - 2021-01-07 02:46:30 --> Global POST, GET and COOKIE data sanitized
DEBUG - 2021-01-07 02:46:30 --> Config file loaded: C:\xampp\htdocs\2017296\WishList\application\config/rest.php
DEBUG - 2021-01-07 02:46:30 --> Total execution time: 0.0573
DEBUG - 2021-01-07 02:46:47 --> UTF-8 Support Enabled
DEBUG - 2021-01-07 02:46:47 --> No URI present. Default controller set.
DEBUG - 2021-01-07 02:46:47 --> Global POST, GET and COOKIE data sanitized
DEBUG - 2021-01-07 02:46:47 --> Total execution time: 0.0613
DEBUG - 2021-01-07 02:46:52 --> UTF-8 Support Enabled
DEBUG - 2021-01-07 02:46:52 --> No URI present. Default controller set.
DEBUG - 2021-01-07 02:46:52 --> Global POST, GET and COOKIE data sanitized
DEBUG - 2021-01-07 02:46:52 --> Total execution time: 0.0518
DEBUG - 2021-01-07 02:47:13 --> UTF-8 Support Enabled
DEBUG - 2021-01-07 02:47:13 --> No URI present. Default controller set.
DEBUG - 2021-01-07 02:47:13 --> Global POST, GET and COOKIE data sanitized
DEBUG - 2021-01-07 02:47:13 --> Total execution time: 0.0463
DEBUG - 2021-01-07 02:47:22 --> UTF-8 Support Enabled
DEBUG - 2021-01-07 02:47:22 --> No URI present. Default controller set.
DEBUG - 2021-01-07 02:47:22 --> Global POST, GET and COOKIE data sanitized
DEBUG - 2021-01-07 02:47:22 --> Total execution time: 0.0424
DEBUG - 2021-01-07 02:47:31 --> UTF-8 Support Enabled
DEBUG - 2021-01-07 02:47:31 --> Global POST, GET and COOKIE data sanitized
DEBUG - 2021-01-07 02:47:31 --> Config file loaded: C:\xampp\htdocs\2017296\WishList\application\config/rest.php
DEBUG - 2021-01-07 02:47:31 --> Total execution time: 0.0621
DEBUG - 2021-01-07 02:47:42 --> UTF-8 Support Enabled
DEBUG - 2021-01-07 02:47:42 --> No URI present. Default controller set.
DEBUG - 2021-01-07 02:47:42 --> Global POST, GET and COOKIE data sanitized
DEBUG - 2021-01-07 02:47:42 --> Total execution time: 0.0515
DEBUG - 2021-01-07 02:47:43 --> UTF-8 Support Enabled
DEBUG - 2021-01-07 02:47:43 --> Global POST, GET and COOKIE data sanitized
DEBUG - 2021-01-07 02:47:43 --> Config file loaded: C:\xampp\htdocs\2017296\WishList\application\config/rest.php
DEBUG - 2021-01-07 02:47:43 --> Total execution time: 0.0452
DEBUG - 2021-01-07 02:49:18 --> UTF-8 Support Enabled
DEBUG - 2021-01-07 02:49:18 --> No URI present. Default controller set.
DEBUG - 2021-01-07 02:49:18 --> Global POST, GET and COOKIE data sanitized
DEBUG - 2021-01-07 02:49:18 --> Total execution time: 0.0535
DEBUG - 2021-01-07 02:49:19 --> UTF-8 Support Enabled
DEBUG - 2021-01-07 02:49:19 --> Global POST, GET and COOKIE data sanitized
DEBUG - 2021-01-07 02:49:19 --> Config file loaded: C:\xampp\htdocs\2017296\WishList\application\config/rest.php
DEBUG - 2021-01-07 02:49:19 --> Total execution time: 0.0435
DEBUG - 2021-01-07 02:49:52 --> UTF-8 Support Enabled
DEBUG - 2021-01-07 02:49:52 --> No URI present. Default controller set.
DEBUG - 2021-01-07 02:49:52 --> Global POST, GET and COOKIE data sanitized
DEBUG - 2021-01-07 02:49:52 --> Total execution time: 0.0419
DEBUG - 2021-01-07 02:49:52 --> UTF-8 Support Enabled
DEBUG - 2021-01-07 02:49:52 --> Global POST, GET and COOKIE data sanitized
DEBUG - 2021-01-07 02:49:52 --> Config file loaded: C:\xampp\htdocs\2017296\WishList\application\config/rest.php
DEBUG - 2021-01-07 02:49:52 --> Total execution time: 0.0548
DEBUG - 2021-01-07 02:50:12 --> UTF-8 Support Enabled
DEBUG - 2021-01-07 02:50:12 --> No URI present. Default controller set.
DEBUG - 2021-01-07 02:50:12 --> Global POST, GET and COOKIE data sanitized
DEBUG - 2021-01-07 02:50:12 --> Total execution time: 0.0458
DEBUG - 2021-01-07 02:50:12 --> UTF-8 Support Enabled
DEBUG - 2021-01-07 02:50:12 --> Global POST, GET and COOKIE data sanitized
DEBUG - 2021-01-07 02:50:13 --> Config file loaded: C:\xampp\htdocs\2017296\WishList\application\config/rest.php
DEBUG - 2021-01-07 02:50:13 --> Total execution time: 0.0541
DEBUG - 2021-01-07 02:53:39 --> UTF-8 Support Enabled
DEBUG - 2021-01-07 02:53:39 --> Global POST, GET and COOKIE data sanitized
DEBUG - 2021-01-07 02:53:39 --> Config file loaded: C:\xampp\htdocs\2017296\WishList\application\config/rest.php
DEBUG - 2021-01-07 02:53:39 --> Total execution time: 0.0525
DEBUG - 2021-01-07 02:53:48 --> UTF-8 Support Enabled
DEBUG - 2021-01-07 02:53:48 --> Global POST, GET and COOKIE data sanitized
DEBUG - 2021-01-07 02:53:48 --> Config file loaded: C:\xampp\htdocs\2017296\WishList\application\config/rest.php
DEBUG - 2021-01-07 02:53:48 --> Total execution time: 0.0526
DEBUG - 2021-01-07 02:55:42 --> UTF-8 Support Enabled
DEBUG - 2021-01-07 02:55:42 --> No URI present. Default controller set.
DEBUG - 2021-01-07 02:55:42 --> Global POST, GET and COOKIE data sanitized
DEBUG - 2021-01-07 02:55:43 --> Total execution time: 0.0547
DEBUG - 2021-01-07 02:56:26 --> UTF-8 Support Enabled
DEBUG - 2021-01-07 02:56:26 --> No URI present. Default controller set.
DEBUG - 2021-01-07 02:56:26 --> Global POST, GET and COOKIE data sanitized
DEBUG - 2021-01-07 02:56:26 --> Total execution time: 0.0465
DEBUG - 2021-01-07 02:56:56 --> UTF-8 Support Enabled
DEBUG - 2021-01-07 02:56:56 --> No URI present. Default controller set.
DEBUG - 2021-01-07 02:56:56 --> Global POST, GET and COOKIE data sanitized
DEBUG - 2021-01-07 02:56:56 --> Total execution time: 0.0602
DEBUG - 2021-01-07 02:57:27 --> UTF-8 Support Enabled
DEBUG - 2021-01-07 02:57:27 --> No URI present. Default controller set.
DEBUG - 2021-01-07 02:57:27 --> Global POST, GET and COOKIE data sanitized
DEBUG - 2021-01-07 02:57:27 --> Total execution time: 0.0497
DEBUG - 2021-01-07 02:57:31 --> UTF-8 Support Enabled
DEBUG - 2021-01-07 02:57:31 --> Global POST, GET and COOKIE data sanitized
DEBUG - 2021-01-07 02:57:31 --> Config file loaded: C:\xampp\htdocs\2017296\WishList\application\config/rest.php
DEBUG - 2021-01-07 02:57:31 --> Total execution time: 0.0681
DEBUG - 2021-01-07 02:57:49 --> UTF-8 Support Enabled
DEBUG - 2021-01-07 02:57:49 --> No URI present. Default controller set.
DEBUG - 2021-01-07 02:57:49 --> Global POST, GET and COOKIE data sanitized
DEBUG - 2021-01-07 02:57:49 --> Total execution time: 0.0494
DEBUG - 2021-01-07 02:57:49 --> UTF-8 Support Enabled
DEBUG - 2021-01-07 02:57:49 --> Global POST, GET and COOKIE data sanitized
DEBUG - 2021-01-07 02:57:49 --> Config file loaded: C:\xampp\htdocs\2017296\WishList\application\config/rest.php
DEBUG - 2021-01-07 02:57:49 --> Total execution time: 0.0513
DEBUG - 2021-01-07 02:57:57 --> UTF-8 Support Enabled
DEBUG - 2021-01-07 02:57:57 --> Global POST, GET and COOKIE data sanitized
DEBUG - 2021-01-07 02:57:57 --> Config file loaded: C:\xampp\htdocs\2017296\WishList\application\config/rest.php
DEBUG - 2021-01-07 02:57:57 --> Total execution time: 0.0548
DEBUG - 2021-01-07 02:57:58 --> UTF-8 Support Enabled
DEBUG - 2021-01-07 02:57:58 --> Global POST, GET and COOKIE data sanitized
DEBUG - 2021-01-07 02:57:58 --> Config file loaded: C:\xampp\htdocs\2017296\WishList\application\config/rest.php
DEBUG - 2021-01-07 02:57:58 --> Total execution time: 0.0544
DEBUG - 2021-01-07 02:58:01 --> UTF-8 Support Enabled
DEBUG - 2021-01-07 02:58:01 --> Global POST, GET and COOKIE data sanitized
DEBUG - 2021-01-07 02:58:01 --> Config file loaded: C:\xampp\htdocs\2017296\WishList\application\config/rest.php
DEBUG - 2021-01-07 02:58:01 --> Total execution time: 0.0487
DEBUG - 2021-01-07 02:58:21 --> UTF-8 Support Enabled
DEBUG - 2021-01-07 02:58:21 --> No URI present. Default controller set.
DEBUG - 2021-01-07 02:58:21 --> Global POST, GET and COOKIE data sanitized
DEBUG - 2021-01-07 02:58:21 --> Total execution time: 0.0593
DEBUG - 2021-01-07 02:58:21 --> UTF-8 Support Enabled
DEBUG - 2021-01-07 02:58:21 --> Global POST, GET and COOKIE data sanitized
DEBUG - 2021-01-07 02:58:21 --> Config file loaded: C:\xampp\htdocs\2017296\WishList\application\config/rest.php
DEBUG - 2021-01-07 02:58:21 --> Total execution time: 0.0653
