DEBUG - 2021-01-20 21:49:36 --> UTF-8 Support Enabled
DEBUG - 2021-01-20 21:49:36 --> No URI present. Default controller set.
DEBUG - 2021-01-20 21:49:36 --> Global POST, GET and COOKIE data sanitized
DEBUG - 2021-01-20 21:49:36 --> UTF-8 Support Enabled
DEBUG - 2021-01-20 21:49:36 --> Global POST, GET and COOKIE data sanitized
DEBUG - 2021-01-20 21:49:36 --> Total execution time: 0.0596
DEBUG - 2021-01-20 21:49:57 --> UTF-8 Support Enabled
DEBUG - 2021-01-20 21:49:57 --> Global POST, GET and COOKIE data sanitized
DEBUG - 2021-01-20 21:49:57 --> Config file loaded: C:\xampp\htdocs\2017296\WishList\application\config/rest.php
DEBUG - 2021-01-20 21:49:57 --> Total execution time: 0.0871
DEBUG - 2021-01-20 21:50:03 --> UTF-8 Support Enabled
DEBUG - 2021-01-20 21:50:03 --> Global POST, GET and COOKIE data sanitized
DEBUG - 2021-01-20 21:50:03 --> Config file loaded: C:\xampp\htdocs\2017296\WishList\application\config/rest.php
DEBUG - 2021-01-20 21:50:03 --> Total execution time: 0.1272
DEBUG - 2021-01-20 21:50:22 --> UTF-8 Support Enabled
DEBUG - 2021-01-20 21:50:22 --> Global POST, GET and COOKIE data sanitized
DEBUG - 2021-01-20 21:50:22 --> Config file loaded: C:\xampp\htdocs\2017296\WishList\application\config/rest.php
DEBUG - 2021-01-20 21:50:22 --> Total execution time: 0.1060
DEBUG - 2021-01-20 21:50:22 --> UTF-8 Support Enabled
DEBUG - 2021-01-20 21:50:22 --> No URI present. Default controller set.
DEBUG - 2021-01-20 21:50:22 --> Global POST, GET and COOKIE data sanitized
DEBUG - 2021-01-20 21:50:22 --> Total execution time: 0.0536
DEBUG - 2021-01-20 21:50:22 --> UTF-8 Support Enabled
DEBUG - 2021-01-20 21:50:22 --> UTF-8 Support Enabled
DEBUG - 2021-01-20 21:50:22 --> Global POST, GET and COOKIE data sanitized
DEBUG - 2021-01-20 21:50:22 --> Global POST, GET and COOKIE data sanitized
DEBUG - 2021-01-20 21:50:22 --> Config file loaded: C:\xampp\htdocs\2017296\WishList\application\config/rest.php
DEBUG - 2021-01-20 21:50:22 --> Total execution time: 0.0401
DEBUG - 2021-01-20 21:50:22 --> Config file loaded: C:\xampp\htdocs\2017296\WishList\application\config/rest.php
DEBUG - 2021-01-20 21:50:22 --> Total execution time: 0.0525
DEBUG - 2021-01-20 21:50:23 --> UTF-8 Support Enabled
DEBUG - 2021-01-20 21:50:23 --> Global POST, GET and COOKIE data sanitized
DEBUG - 2021-01-20 21:50:23 --> Config file loaded: C:\xampp\htdocs\2017296\WishList\application\config/rest.php
DEBUG - 2021-01-20 21:50:23 --> Total execution time: 0.0609
DEBUG - 2021-01-20 21:50:23 --> UTF-8 Support Enabled
DEBUG - 2021-01-20 21:50:23 --> Global POST, GET and COOKIE data sanitized
DEBUG - 2021-01-20 21:50:23 --> Config file loaded: C:\xampp\htdocs\2017296\WishList\application\config/rest.php
DEBUG - 2021-01-20 21:50:23 --> Total execution time: 0.0541
DEBUG - 2021-01-20 21:50:23 --> UTF-8 Support Enabled
DEBUG - 2021-01-20 21:50:23 --> Global POST, GET and COOKIE data sanitized
DEBUG - 2021-01-20 21:50:23 --> Config file loaded: C:\xampp\htdocs\2017296\WishList\application\config/rest.php
DEBUG - 2021-01-20 21:50:23 --> Total execution time: 0.0749
DEBUG - 2021-01-20 21:50:23 --> UTF-8 Support Enabled
DEBUG - 2021-01-20 21:50:23 --> UTF-8 Support Enabled
DEBUG - 2021-01-20 21:50:23 --> Global POST, GET and COOKIE data sanitized
DEBUG - 2021-01-20 21:50:23 --> Global POST, GET and COOKIE data sanitized
DEBUG - 2021-01-20 21:50:23 --> Config file loaded: C:\xampp\htdocs\2017296\WishList\application\config/rest.php
DEBUG - 2021-01-20 21:50:23 --> Total execution time: 0.0508
DEBUG - 2021-01-20 21:50:23 --> Config file loaded: C:\xampp\htdocs\2017296\WishList\application\config/rest.php
DEBUG - 2021-01-20 21:50:23 --> Total execution time: 0.0639
DEBUG - 2021-01-20 21:50:25 --> UTF-8 Support Enabled
DEBUG - 2021-01-20 21:50:25 --> Global POST, GET and COOKIE data sanitized
DEBUG - 2021-01-20 21:50:25 --> Config file loaded: C:\xampp\htdocs\2017296\WishList\application\config/rest.php
DEBUG - 2021-01-20 21:50:25 --> Total execution time: 0.0869
DEBUG - 2021-01-20 21:50:25 --> UTF-8 Support Enabled
DEBUG - 2021-01-20 21:50:25 --> Global POST, GET and COOKIE data sanitized
DEBUG - 2021-01-20 21:50:25 --> Config file loaded: C:\xampp\htdocs\2017296\WishList\application\config/rest.php
DEBUG - 2021-01-20 21:50:25 --> Total execution time: 0.0541
DEBUG - 2021-01-20 21:50:25 --> UTF-8 Support Enabled
DEBUG - 2021-01-20 21:50:25 --> Global POST, GET and COOKIE data sanitized
DEBUG - 2021-01-20 21:50:25 --> Config file loaded: C:\xampp\htdocs\2017296\WishList\application\config/rest.php
DEBUG - 2021-01-20 21:50:25 --> Total execution time: 0.0529
DEBUG - 2021-01-20 21:50:25 --> UTF-8 Support Enabled
DEBUG - 2021-01-20 21:50:25 --> Global POST, GET and COOKIE data sanitized
DEBUG - 2021-01-20 21:50:25 --> Config file loaded: C:\xampp\htdocs\2017296\WishList\application\config/rest.php
DEBUG - 2021-01-20 21:50:25 --> Total execution time: 0.0446
DEBUG - 2021-01-20 21:50:29 --> UTF-8 Support Enabled
DEBUG - 2021-01-20 21:50:29 --> Global POST, GET and COOKIE data sanitized
DEBUG - 2021-01-20 21:50:29 --> Config file loaded: C:\xampp\htdocs\2017296\WishList\application\config/rest.php
DEBUG - 2021-01-20 21:50:29 --> Total execution time: 0.0468
DEBUG - 2021-01-20 21:50:29 --> UTF-8 Support Enabled
DEBUG - 2021-01-20 21:50:29 --> Global POST, GET and COOKIE data sanitized
DEBUG - 2021-01-20 21:50:29 --> Config file loaded: C:\xampp\htdocs\2017296\WishList\application\config/rest.php
DEBUG - 2021-01-20 21:50:29 --> Total execution time: 0.0483
DEBUG - 2021-01-20 21:50:29 --> UTF-8 Support Enabled
DEBUG - 2021-01-20 21:50:29 --> Global POST, GET and COOKIE data sanitized
DEBUG - 2021-01-20 21:50:29 --> Config file loaded: C:\xampp\htdocs\2017296\WishList\application\config/rest.php
DEBUG - 2021-01-20 21:50:29 --> Total execution time: 0.0465
DEBUG - 2021-01-20 21:50:29 --> UTF-8 Support Enabled
DEBUG - 2021-01-20 21:50:29 --> Global POST, GET and COOKIE data sanitized
DEBUG - 2021-01-20 21:50:29 --> Config file loaded: C:\xampp\htdocs\2017296\WishList\application\config/rest.php
DEBUG - 2021-01-20 21:50:29 --> Total execution time: 0.0343
DEBUG - 2021-01-20 21:50:31 --> UTF-8 Support Enabled
DEBUG - 2021-01-20 21:50:31 --> Global POST, GET and COOKIE data sanitized
DEBUG - 2021-01-20 21:50:31 --> Config file loaded: C:\xampp\htdocs\2017296\WishList\application\config/rest.php
DEBUG - 2021-01-20 21:50:31 --> Total execution time: 0.0571
DEBUG - 2021-01-20 21:50:33 --> UTF-8 Support Enabled
DEBUG - 2021-01-20 21:50:33 --> Global POST, GET and COOKIE data sanitized
DEBUG - 2021-01-20 21:50:33 --> Config file loaded: C:\xampp\htdocs\2017296\WishList\application\config/rest.php
DEBUG - 2021-01-20 21:50:33 --> Total execution time: 0.0520
DEBUG - 2021-01-20 21:50:33 --> UTF-8 Support Enabled
DEBUG - 2021-01-20 21:50:33 --> Global POST, GET and COOKIE data sanitized
DEBUG - 2021-01-20 21:50:33 --> Config file loaded: C:\xampp\htdocs\2017296\WishList\application\config/rest.php
DEBUG - 2021-01-20 21:50:33 --> Total execution time: 0.0593
DEBUG - 2021-01-20 21:50:33 --> UTF-8 Support Enabled
DEBUG - 2021-01-20 21:50:33 --> Global POST, GET and COOKIE data sanitized
DEBUG - 2021-01-20 21:50:33 --> Config file loaded: C:\xampp\htdocs\2017296\WishList\application\config/rest.php
DEBUG - 2021-01-20 21:50:33 --> Total execution time: 0.0757
DEBUG - 2021-01-20 21:50:33 --> UTF-8 Support Enabled
DEBUG - 2021-01-20 21:50:33 --> Global POST, GET and COOKIE data sanitized
DEBUG - 2021-01-20 21:50:33 --> Config file loaded: C:\xampp\htdocs\2017296\WishList\application\config/rest.php
DEBUG - 2021-01-20 21:50:33 --> Total execution time: 0.0325
DEBUG - 2021-01-20 21:50:33 --> UTF-8 Support Enabled
DEBUG - 2021-01-20 21:50:33 --> Global POST, GET and COOKIE data sanitized
DEBUG - 2021-01-20 21:50:33 --> Config file loaded: C:\xampp\htdocs\2017296\WishList\application\config/rest.php
DEBUG - 2021-01-20 21:50:33 --> Total execution time: 0.0897
DEBUG - 2021-01-20 21:50:34 --> UTF-8 Support Enabled
DEBUG - 2021-01-20 21:50:34 --> Global POST, GET and COOKIE data sanitized
DEBUG - 2021-01-20 21:50:34 --> Config file loaded: C:\xampp\htdocs\2017296\WishList\application\config/rest.php
DEBUG - 2021-01-20 21:50:34 --> Total execution time: 0.0640
DEBUG - 2021-01-20 21:50:34 --> UTF-8 Support Enabled
DEBUG - 2021-01-20 21:50:34 --> Global POST, GET and COOKIE data sanitized
DEBUG - 2021-01-20 21:50:34 --> Total execution time: 0.0557
DEBUG - 2021-01-20 21:52:16 --> UTF-8 Support Enabled
DEBUG - 2021-01-20 21:52:16 --> Global POST, GET and COOKIE data sanitized
DEBUG - 2021-01-20 21:52:16 --> Config file loaded: C:\xampp\htdocs\2017296\WishList\application\config/rest.php
DEBUG - 2021-01-20 21:52:16 --> Total execution time: 0.1167
DEBUG - 2021-01-20 21:52:16 --> UTF-8 Support Enabled
DEBUG - 2021-01-20 21:52:16 --> No URI present. Default controller set.
DEBUG - 2021-01-20 21:52:16 --> Global POST, GET and COOKIE data sanitized
DEBUG - 2021-01-20 21:52:16 --> Total execution time: 0.0343
DEBUG - 2021-01-20 21:52:17 --> UTF-8 Support Enabled
DEBUG - 2021-01-20 21:52:17 --> UTF-8 Support Enabled
DEBUG - 2021-01-20 21:52:17 --> Global POST, GET and COOKIE data sanitized
DEBUG - 2021-01-20 21:52:17 --> Global POST, GET and COOKIE data sanitized
DEBUG - 2021-01-20 21:52:17 --> Config file loaded: C:\xampp\htdocs\2017296\WishList\application\config/rest.php
DEBUG - 2021-01-20 21:52:17 --> Total execution time: 0.0711
DEBUG - 2021-01-20 21:52:17 --> Config file loaded: C:\xampp\htdocs\2017296\WishList\application\config/rest.php
DEBUG - 2021-01-20 21:52:17 --> Total execution time: 0.0882
DEBUG - 2021-01-20 21:52:17 --> UTF-8 Support Enabled
DEBUG - 2021-01-20 21:52:17 --> Global POST, GET and COOKIE data sanitized
DEBUG - 2021-01-20 21:52:17 --> Config file loaded: C:\xampp\htdocs\2017296\WishList\application\config/rest.php
DEBUG - 2021-01-20 21:52:17 --> Total execution time: 0.0587
DEBUG - 2021-01-20 21:52:17 --> UTF-8 Support Enabled
DEBUG - 2021-01-20 21:52:17 --> Global POST, GET and COOKIE data sanitized
DEBUG - 2021-01-20 21:52:17 --> Config file loaded: C:\xampp\htdocs\2017296\WishList\application\config/rest.php
DEBUG - 2021-01-20 21:52:17 --> Total execution time: 0.0331
DEBUG - 2021-01-20 21:52:17 --> UTF-8 Support Enabled
DEBUG - 2021-01-20 21:52:17 --> Global POST, GET and COOKIE data sanitized
DEBUG - 2021-01-20 21:52:17 --> Config file loaded: C:\xampp\htdocs\2017296\WishList\application\config/rest.php
DEBUG - 2021-01-20 21:52:17 --> Total execution time: 0.0535
DEBUG - 2021-01-20 21:52:17 --> UTF-8 Support Enabled
DEBUG - 2021-01-20 21:52:17 --> UTF-8 Support Enabled
DEBUG - 2021-01-20 21:52:17 --> Global POST, GET and COOKIE data sanitized
DEBUG - 2021-01-20 21:52:17 --> Global POST, GET and COOKIE data sanitized
DEBUG - 2021-01-20 21:52:17 --> Config file loaded: C:\xampp\htdocs\2017296\WishList\application\config/rest.php
DEBUG - 2021-01-20 21:52:17 --> Total execution time: 0.0647
DEBUG - 2021-01-20 21:52:17 --> Config file loaded: C:\xampp\htdocs\2017296\WishList\application\config/rest.php
DEBUG - 2021-01-20 21:52:17 --> Total execution time: 0.0718
DEBUG - 2021-01-20 21:52:22 --> UTF-8 Support Enabled
DEBUG - 2021-01-20 21:52:22 --> Global POST, GET and COOKIE data sanitized
DEBUG - 2021-01-20 21:52:22 --> Config file loaded: C:\xampp\htdocs\2017296\WishList\application\config/rest.php
DEBUG - 2021-01-20 21:52:22 --> Total execution time: 0.0603
DEBUG - 2021-01-20 21:52:23 --> UTF-8 Support Enabled
DEBUG - 2021-01-20 21:52:23 --> Global POST, GET and COOKIE data sanitized
DEBUG - 2021-01-20 21:52:23 --> Config file loaded: C:\xampp\htdocs\2017296\WishList\application\config/rest.php
DEBUG - 2021-01-20 21:52:23 --> Total execution time: 0.0795
DEBUG - 2021-01-20 21:52:23 --> UTF-8 Support Enabled
DEBUG - 2021-01-20 21:52:23 --> Global POST, GET and COOKIE data sanitized
DEBUG - 2021-01-20 21:52:23 --> Config file loaded: C:\xampp\htdocs\2017296\WishList\application\config/rest.php
DEBUG - 2021-01-20 21:52:23 --> Total execution time: 0.0644
DEBUG - 2021-01-20 21:52:23 --> UTF-8 Support Enabled
DEBUG - 2021-01-20 21:52:23 --> Global POST, GET and COOKIE data sanitized
DEBUG - 2021-01-20 21:52:23 --> Config file loaded: C:\xampp\htdocs\2017296\WishList\application\config/rest.php
DEBUG - 2021-01-20 21:52:23 --> Total execution time: 0.0535
DEBUG - 2021-01-20 21:52:23 --> UTF-8 Support Enabled
DEBUG - 2021-01-20 21:52:23 --> Global POST, GET and COOKIE data sanitized
DEBUG - 2021-01-20 21:52:23 --> Config file loaded: C:\xampp\htdocs\2017296\WishList\application\config/rest.php
DEBUG - 2021-01-20 21:52:23 --> Total execution time: 0.0511
DEBUG - 2021-01-20 21:57:13 --> UTF-8 Support Enabled
DEBUG - 2021-01-20 21:57:13 --> Global POST, GET and COOKIE data sanitized
DEBUG - 2021-01-20 21:57:13 --> Config file loaded: C:\xampp\htdocs\2017296\WishList\application\config/rest.php
DEBUG - 2021-01-20 21:57:13 --> Total execution time: 0.0536
DEBUG - 2021-01-20 21:57:13 --> UTF-8 Support Enabled
DEBUG - 2021-01-20 21:57:13 --> Global POST, GET and COOKIE data sanitized
DEBUG - 2021-01-20 21:57:13 --> Total execution time: 0.0350
DEBUG - 2021-01-20 21:58:11 --> UTF-8 Support Enabled
DEBUG - 2021-01-20 21:58:11 --> Global POST, GET and COOKIE data sanitized
DEBUG - 2021-01-20 21:58:11 --> Config file loaded: C:\xampp\htdocs\2017296\WishList\application\config/rest.php
DEBUG - 2021-01-20 21:58:12 --> Total execution time: 0.1265
DEBUG - 2021-01-20 21:58:22 --> UTF-8 Support Enabled
DEBUG - 2021-01-20 21:58:22 --> Global POST, GET and COOKIE data sanitized
DEBUG - 2021-01-20 21:58:22 --> Config file loaded: C:\xampp\htdocs\2017296\WishList\application\config/rest.php
DEBUG - 2021-01-20 21:58:22 --> Total execution time: 0.1269
DEBUG - 2021-01-20 21:58:29 --> UTF-8 Support Enabled
DEBUG - 2021-01-20 21:58:29 --> Global POST, GET and COOKIE data sanitized
DEBUG - 2021-01-20 21:58:30 --> Config file loaded: C:\xampp\htdocs\2017296\WishList\application\config/rest.php
DEBUG - 2021-01-20 21:58:30 --> Total execution time: 0.1148
DEBUG - 2021-01-20 21:58:52 --> UTF-8 Support Enabled
DEBUG - 2021-01-20 21:58:52 --> Global POST, GET and COOKIE data sanitized
DEBUG - 2021-01-20 21:58:52 --> Config file loaded: C:\xampp\htdocs\2017296\WishList\application\config/rest.php
DEBUG - 2021-01-20 21:58:53 --> Total execution time: 0.1328
