DEBUG - 2021-01-18 00:00:04 --> UTF-8 Support Enabled
DEBUG - 2021-01-18 00:00:04 --> Global POST, GET and COOKIE data sanitized
DEBUG - 2021-01-18 00:00:04 --> Config file loaded: C:\xampp\htdocs\2017296\WishList\application\config/rest.php
DEBUG - 2021-01-18 00:00:04 --> Total execution time: 0.1243
DEBUG - 2021-01-18 00:00:04 --> UTF-8 Support Enabled
DEBUG - 2021-01-18 00:00:04 --> No URI present. Default controller set.
DEBUG - 2021-01-18 00:00:04 --> Global POST, GET and COOKIE data sanitized
DEBUG - 2021-01-18 00:00:05 --> Total execution time: 0.0485
DEBUG - 2021-01-18 00:00:05 --> UTF-8 Support Enabled
DEBUG - 2021-01-18 00:00:05 --> UTF-8 Support Enabled
DEBUG - 2021-01-18 00:00:05 --> Global POST, GET and COOKIE data sanitized
DEBUG - 2021-01-18 00:00:05 --> Global POST, GET and COOKIE data sanitized
DEBUG - 2021-01-18 00:00:05 --> Config file loaded: C:\xampp\htdocs\2017296\WishList\application\config/rest.php
DEBUG - 2021-01-18 00:00:05 --> Total execution time: 0.0542
DEBUG - 2021-01-18 00:00:05 --> Config file loaded: C:\xampp\htdocs\2017296\WishList\application\config/rest.php
DEBUG - 2021-01-18 00:00:05 --> Total execution time: 0.0544
DEBUG - 2021-01-18 00:00:05 --> UTF-8 Support Enabled
DEBUG - 2021-01-18 00:00:05 --> Global POST, GET and COOKIE data sanitized
DEBUG - 2021-01-18 00:00:05 --> Config file loaded: C:\xampp\htdocs\2017296\WishList\application\config/rest.php
DEBUG - 2021-01-18 00:00:05 --> Total execution time: 0.0509
DEBUG - 2021-01-18 00:00:05 --> UTF-8 Support Enabled
DEBUG - 2021-01-18 00:00:05 --> Global POST, GET and COOKIE data sanitized
DEBUG - 2021-01-18 00:00:05 --> Config file loaded: C:\xampp\htdocs\2017296\WishList\application\config/rest.php
DEBUG - 2021-01-18 00:00:05 --> Total execution time: 0.0497
DEBUG - 2021-01-18 00:00:05 --> UTF-8 Support Enabled
DEBUG - 2021-01-18 00:00:05 --> Global POST, GET and COOKIE data sanitized
DEBUG - 2021-01-18 00:00:05 --> Config file loaded: C:\xampp\htdocs\2017296\WishList\application\config/rest.php
DEBUG - 2021-01-18 00:00:05 --> Total execution time: 0.0530
DEBUG - 2021-01-18 00:00:05 --> UTF-8 Support Enabled
DEBUG - 2021-01-18 00:00:05 --> UTF-8 Support Enabled
DEBUG - 2021-01-18 00:00:05 --> Global POST, GET and COOKIE data sanitized
DEBUG - 2021-01-18 00:00:05 --> Global POST, GET and COOKIE data sanitized
DEBUG - 2021-01-18 00:00:05 --> Config file loaded: C:\xampp\htdocs\2017296\WishList\application\config/rest.php
DEBUG - 2021-01-18 00:00:05 --> Total execution time: 0.0366
DEBUG - 2021-01-18 00:00:05 --> Config file loaded: C:\xampp\htdocs\2017296\WishList\application\config/rest.php
DEBUG - 2021-01-18 00:00:05 --> Total execution time: 0.0651
DEBUG - 2021-01-18 00:00:07 --> UTF-8 Support Enabled
DEBUG - 2021-01-18 00:00:07 --> Global POST, GET and COOKIE data sanitized
DEBUG - 2021-01-18 00:00:07 --> Config file loaded: C:\xampp\htdocs\2017296\WishList\application\config/rest.php
DEBUG - 2021-01-18 00:00:07 --> Total execution time: 0.0429
DEBUG - 2021-01-18 00:00:15 --> UTF-8 Support Enabled
DEBUG - 2021-01-18 00:00:15 --> Global POST, GET and COOKIE data sanitized
DEBUG - 2021-01-18 00:00:15 --> Config file loaded: C:\xampp\htdocs\2017296\WishList\application\config/rest.php
DEBUG - 2021-01-18 00:00:15 --> Total execution time: 0.0590
DEBUG - 2021-01-18 00:00:17 --> UTF-8 Support Enabled
DEBUG - 2021-01-18 00:00:17 --> Global POST, GET and COOKIE data sanitized
DEBUG - 2021-01-18 00:00:17 --> Config file loaded: C:\xampp\htdocs\2017296\WishList\application\config/rest.php
DEBUG - 2021-01-18 00:00:17 --> Total execution time: 0.0338
DEBUG - 2021-01-18 00:00:20 --> UTF-8 Support Enabled
DEBUG - 2021-01-18 00:00:20 --> Global POST, GET and COOKIE data sanitized
DEBUG - 2021-01-18 00:00:20 --> Config file loaded: C:\xampp\htdocs\2017296\WishList\application\config/rest.php
DEBUG - 2021-01-18 00:00:20 --> Total execution time: 0.0505
DEBUG - 2021-01-18 00:01:08 --> UTF-8 Support Enabled
DEBUG - 2021-01-18 00:01:08 --> Global POST, GET and COOKIE data sanitized
DEBUG - 2021-01-18 00:01:08 --> Config file loaded: C:\xampp\htdocs\2017296\WishList\application\config/rest.php
DEBUG - 2021-01-18 00:01:08 --> Total execution time: 0.0507
DEBUG - 2021-01-18 00:01:19 --> UTF-8 Support Enabled
DEBUG - 2021-01-18 00:01:19 --> Global POST, GET and COOKIE data sanitized
DEBUG - 2021-01-18 00:01:19 --> Config file loaded: C:\xampp\htdocs\2017296\WishList\application\config/rest.php
DEBUG - 2021-01-18 00:01:19 --> Total execution time: 0.0543
DEBUG - 2021-01-18 00:01:23 --> UTF-8 Support Enabled
DEBUG - 2021-01-18 00:01:23 --> Global POST, GET and COOKIE data sanitized
DEBUG - 2021-01-18 00:01:23 --> Config file loaded: C:\xampp\htdocs\2017296\WishList\application\config/rest.php
DEBUG - 2021-01-18 00:01:23 --> Total execution time: 0.0575
DEBUG - 2021-01-18 00:01:33 --> UTF-8 Support Enabled
DEBUG - 2021-01-18 00:01:33 --> Global POST, GET and COOKIE data sanitized
DEBUG - 2021-01-18 00:01:33 --> Config file loaded: C:\xampp\htdocs\2017296\WishList\application\config/rest.php
DEBUG - 2021-01-18 00:01:33 --> Total execution time: 0.0336
DEBUG - 2021-01-18 00:01:37 --> UTF-8 Support Enabled
DEBUG - 2021-01-18 00:01:37 --> Global POST, GET and COOKIE data sanitized
DEBUG - 2021-01-18 00:01:37 --> Config file loaded: C:\xampp\htdocs\2017296\WishList\application\config/rest.php
DEBUG - 2021-01-18 00:01:37 --> Total execution time: 0.0465
DEBUG - 2021-01-18 00:02:36 --> UTF-8 Support Enabled
DEBUG - 2021-01-18 00:02:36 --> No URI present. Default controller set.
DEBUG - 2021-01-18 00:02:36 --> Global POST, GET and COOKIE data sanitized
DEBUG - 2021-01-18 00:02:36 --> Total execution time: 0.0643
DEBUG - 2021-01-18 00:02:36 --> UTF-8 Support Enabled
DEBUG - 2021-01-18 00:02:36 --> Global POST, GET and COOKIE data sanitized
DEBUG - 2021-01-18 00:02:36 --> UTF-8 Support Enabled
DEBUG - 2021-01-18 00:02:36 --> Global POST, GET and COOKIE data sanitized
DEBUG - 2021-01-18 00:02:36 --> Config file loaded: C:\xampp\htdocs\2017296\WishList\application\config/rest.php
DEBUG - 2021-01-18 00:02:36 --> Total execution time: 0.0578
DEBUG - 2021-01-18 00:02:36 --> Config file loaded: C:\xampp\htdocs\2017296\WishList\application\config/rest.php
DEBUG - 2021-01-18 00:02:36 --> Total execution time: 0.0635
DEBUG - 2021-01-18 00:02:36 --> UTF-8 Support Enabled
DEBUG - 2021-01-18 00:02:36 --> Global POST, GET and COOKIE data sanitized
DEBUG - 2021-01-18 00:02:36 --> Config file loaded: C:\xampp\htdocs\2017296\WishList\application\config/rest.php
DEBUG - 2021-01-18 00:02:36 --> Total execution time: 0.0387
DEBUG - 2021-01-18 00:02:36 --> UTF-8 Support Enabled
DEBUG - 2021-01-18 00:02:36 --> Global POST, GET and COOKIE data sanitized
DEBUG - 2021-01-18 00:02:36 --> Config file loaded: C:\xampp\htdocs\2017296\WishList\application\config/rest.php
DEBUG - 2021-01-18 00:02:36 --> Total execution time: 0.0631
DEBUG - 2021-01-18 00:02:36 --> UTF-8 Support Enabled
DEBUG - 2021-01-18 00:02:36 --> Global POST, GET and COOKIE data sanitized
DEBUG - 2021-01-18 00:02:36 --> Config file loaded: C:\xampp\htdocs\2017296\WishList\application\config/rest.php
DEBUG - 2021-01-18 00:02:36 --> Total execution time: 0.0534
DEBUG - 2021-01-18 00:02:36 --> UTF-8 Support Enabled
DEBUG - 2021-01-18 00:02:36 --> UTF-8 Support Enabled
DEBUG - 2021-01-18 00:02:36 --> Global POST, GET and COOKIE data sanitized
DEBUG - 2021-01-18 00:02:36 --> Global POST, GET and COOKIE data sanitized
DEBUG - 2021-01-18 00:02:36 --> Config file loaded: C:\xampp\htdocs\2017296\WishList\application\config/rest.php
DEBUG - 2021-01-18 00:02:36 --> Total execution time: 0.0498
DEBUG - 2021-01-18 00:02:36 --> Config file loaded: C:\xampp\htdocs\2017296\WishList\application\config/rest.php
DEBUG - 2021-01-18 00:02:36 --> Total execution time: 0.0625
DEBUG - 2021-01-18 00:11:12 --> UTF-8 Support Enabled
DEBUG - 2021-01-18 00:11:12 --> No URI present. Default controller set.
DEBUG - 2021-01-18 00:11:12 --> Global POST, GET and COOKIE data sanitized
DEBUG - 2021-01-18 00:11:12 --> Total execution time: 0.0640
DEBUG - 2021-01-18 00:11:13 --> UTF-8 Support Enabled
DEBUG - 2021-01-18 00:11:13 --> UTF-8 Support Enabled
DEBUG - 2021-01-18 00:11:13 --> Global POST, GET and COOKIE data sanitized
DEBUG - 2021-01-18 00:11:13 --> Global POST, GET and COOKIE data sanitized
DEBUG - 2021-01-18 00:11:13 --> Config file loaded: C:\xampp\htdocs\2017296\WishList\application\config/rest.php
DEBUG - 2021-01-18 00:11:13 --> Total execution time: 0.0499
DEBUG - 2021-01-18 00:11:13 --> Config file loaded: C:\xampp\htdocs\2017296\WishList\application\config/rest.php
DEBUG - 2021-01-18 00:11:13 --> Total execution time: 0.0688
DEBUG - 2021-01-18 00:11:13 --> UTF-8 Support Enabled
DEBUG - 2021-01-18 00:11:13 --> Global POST, GET and COOKIE data sanitized
DEBUG - 2021-01-18 00:11:13 --> Config file loaded: C:\xampp\htdocs\2017296\WishList\application\config/rest.php
DEBUG - 2021-01-18 00:11:13 --> Total execution time: 0.0522
DEBUG - 2021-01-18 00:11:13 --> UTF-8 Support Enabled
DEBUG - 2021-01-18 00:11:13 --> Global POST, GET and COOKIE data sanitized
DEBUG - 2021-01-18 00:11:13 --> Config file loaded: C:\xampp\htdocs\2017296\WishList\application\config/rest.php
DEBUG - 2021-01-18 00:11:13 --> Total execution time: 0.0508
DEBUG - 2021-01-18 00:11:13 --> UTF-8 Support Enabled
DEBUG - 2021-01-18 00:11:13 --> Global POST, GET and COOKIE data sanitized
DEBUG - 2021-01-18 00:11:13 --> Config file loaded: C:\xampp\htdocs\2017296\WishList\application\config/rest.php
DEBUG - 2021-01-18 00:11:13 --> Total execution time: 0.0634
DEBUG - 2021-01-18 00:11:13 --> UTF-8 Support Enabled
DEBUG - 2021-01-18 00:11:13 --> UTF-8 Support Enabled
DEBUG - 2021-01-18 00:11:13 --> Global POST, GET and COOKIE data sanitized
DEBUG - 2021-01-18 00:11:13 --> Global POST, GET and COOKIE data sanitized
DEBUG - 2021-01-18 00:11:13 --> Config file loaded: C:\xampp\htdocs\2017296\WishList\application\config/rest.php
DEBUG - 2021-01-18 00:11:13 --> Total execution time: 0.0525
DEBUG - 2021-01-18 00:11:13 --> Config file loaded: C:\xampp\htdocs\2017296\WishList\application\config/rest.php
DEBUG - 2021-01-18 00:11:13 --> Total execution time: 0.0698
DEBUG - 2021-01-18 00:13:58 --> UTF-8 Support Enabled
DEBUG - 2021-01-18 00:13:58 --> Global POST, GET and COOKIE data sanitized
DEBUG - 2021-01-18 00:13:58 --> Config file loaded: C:\xampp\htdocs\2017296\WishList\application\config/rest.php
DEBUG - 2021-01-18 00:13:58 --> Total execution time: 0.0364
DEBUG - 2021-01-18 00:14:01 --> UTF-8 Support Enabled
DEBUG - 2021-01-18 00:14:01 --> Global POST, GET and COOKIE data sanitized
DEBUG - 2021-01-18 00:14:01 --> Config file loaded: C:\xampp\htdocs\2017296\WishList\application\config/rest.php
DEBUG - 2021-01-18 00:14:01 --> Total execution time: 0.0445
DEBUG - 2021-01-18 00:14:48 --> UTF-8 Support Enabled
DEBUG - 2021-01-18 00:14:48 --> No URI present. Default controller set.
DEBUG - 2021-01-18 00:14:48 --> Global POST, GET and COOKIE data sanitized
DEBUG - 2021-01-18 00:14:48 --> Total execution time: 0.0748
DEBUG - 2021-01-18 00:14:48 --> UTF-8 Support Enabled
DEBUG - 2021-01-18 00:14:48 --> Global POST, GET and COOKIE data sanitized
DEBUG - 2021-01-18 00:14:48 --> UTF-8 Support Enabled
DEBUG - 2021-01-18 00:14:48 --> Global POST, GET and COOKIE data sanitized
DEBUG - 2021-01-18 00:14:48 --> Config file loaded: C:\xampp\htdocs\2017296\WishList\application\config/rest.php
DEBUG - 2021-01-18 00:14:48 --> Total execution time: 0.0638
DEBUG - 2021-01-18 00:14:48 --> Config file loaded: C:\xampp\htdocs\2017296\WishList\application\config/rest.php
DEBUG - 2021-01-18 00:14:48 --> Total execution time: 0.0845
DEBUG - 2021-01-18 00:14:48 --> UTF-8 Support Enabled
DEBUG - 2021-01-18 00:14:48 --> Global POST, GET and COOKIE data sanitized
DEBUG - 2021-01-18 00:14:48 --> Config file loaded: C:\xampp\htdocs\2017296\WishList\application\config/rest.php
DEBUG - 2021-01-18 00:14:48 --> Total execution time: 0.0528
DEBUG - 2021-01-18 00:14:48 --> UTF-8 Support Enabled
DEBUG - 2021-01-18 00:14:48 --> Global POST, GET and COOKIE data sanitized
DEBUG - 2021-01-18 00:14:48 --> Config file loaded: C:\xampp\htdocs\2017296\WishList\application\config/rest.php
DEBUG - 2021-01-18 00:14:48 --> Total execution time: 0.0604
DEBUG - 2021-01-18 00:14:48 --> UTF-8 Support Enabled
DEBUG - 2021-01-18 00:14:48 --> Global POST, GET and COOKIE data sanitized
DEBUG - 2021-01-18 00:14:48 --> Config file loaded: C:\xampp\htdocs\2017296\WishList\application\config/rest.php
DEBUG - 2021-01-18 00:14:48 --> Total execution time: 0.0596
DEBUG - 2021-01-18 00:14:48 --> UTF-8 Support Enabled
DEBUG - 2021-01-18 00:14:48 --> UTF-8 Support Enabled
DEBUG - 2021-01-18 00:14:48 --> Global POST, GET and COOKIE data sanitized
DEBUG - 2021-01-18 00:14:48 --> Global POST, GET and COOKIE data sanitized
DEBUG - 2021-01-18 00:14:48 --> Config file loaded: C:\xampp\htdocs\2017296\WishList\application\config/rest.php
DEBUG - 2021-01-18 00:14:48 --> Total execution time: 0.0516
DEBUG - 2021-01-18 00:14:48 --> Config file loaded: C:\xampp\htdocs\2017296\WishList\application\config/rest.php
DEBUG - 2021-01-18 00:14:48 --> Total execution time: 0.0581
DEBUG - 2021-01-18 00:14:53 --> UTF-8 Support Enabled
DEBUG - 2021-01-18 00:14:53 --> Global POST, GET and COOKIE data sanitized
DEBUG - 2021-01-18 00:14:53 --> Config file loaded: C:\xampp\htdocs\2017296\WishList\application\config/rest.php
DEBUG - 2021-01-18 00:14:53 --> Total execution time: 0.0706
DEBUG - 2021-01-18 00:14:54 --> UTF-8 Support Enabled
DEBUG - 2021-01-18 00:14:54 --> Global POST, GET and COOKIE data sanitized
DEBUG - 2021-01-18 00:14:54 --> Config file loaded: C:\xampp\htdocs\2017296\WishList\application\config/rest.php
DEBUG - 2021-01-18 00:14:54 --> Total execution time: 0.0583
DEBUG - 2021-01-18 00:15:01 --> UTF-8 Support Enabled
DEBUG - 2021-01-18 00:15:01 --> Global POST, GET and COOKIE data sanitized
DEBUG - 2021-01-18 00:15:01 --> Config file loaded: C:\xampp\htdocs\2017296\WishList\application\config/rest.php
DEBUG - 2021-01-18 00:15:01 --> Total execution time: 0.0350
DEBUG - 2021-01-18 00:15:02 --> UTF-8 Support Enabled
DEBUG - 2021-01-18 00:15:02 --> Global POST, GET and COOKIE data sanitized
DEBUG - 2021-01-18 00:15:02 --> Config file loaded: C:\xampp\htdocs\2017296\WishList\application\config/rest.php
DEBUG - 2021-01-18 00:15:02 --> Total execution time: 0.0573
DEBUG - 2021-01-18 00:15:11 --> UTF-8 Support Enabled
DEBUG - 2021-01-18 00:15:11 --> Global POST, GET and COOKIE data sanitized
DEBUG - 2021-01-18 00:15:11 --> Config file loaded: C:\xampp\htdocs\2017296\WishList\application\config/rest.php
DEBUG - 2021-01-18 00:15:11 --> Total execution time: 0.0560
DEBUG - 2021-01-18 00:15:26 --> UTF-8 Support Enabled
DEBUG - 2021-01-18 00:15:26 --> Global POST, GET and COOKIE data sanitized
DEBUG - 2021-01-18 00:15:26 --> Config file loaded: C:\xampp\htdocs\2017296\WishList\application\config/rest.php
DEBUG - 2021-01-18 00:15:26 --> Total execution time: 0.0404
DEBUG - 2021-01-18 00:16:40 --> UTF-8 Support Enabled
DEBUG - 2021-01-18 00:16:40 --> Global POST, GET and COOKIE data sanitized
DEBUG - 2021-01-18 00:16:40 --> Config file loaded: C:\xampp\htdocs\2017296\WishList\application\config/rest.php
DEBUG - 2021-01-18 00:16:40 --> Total execution time: 0.0458
